
=== Modbus Polling Parameters ===
[*] Device IP       : 10.242.105.67
[*] Port            : 502
[*] Slave ID        : 0
[*] Start Register  : 10622
[*] Register Count  : 2
[*] Offset -1       : NO
[*] Raw Frames      : YES
[*] Reg Function    : holding (03 - Read Holding Registers)
[*] Log File        : query290326.log
=================================

[*] Connecting to 10.242.105.67:502

=== Raw Modbus TCP Query ===
MBAP + PDU HEX : 00 01 00 00 00 06 00 03 29 7E 00 02
Breakdown:
  Transaction ID : 0001
  Protocol ID    : 0000
  Length         : 0006
  Unit ID        : 00
  Function Code  : 03 (Read Holding Registers)
  Start Register : 10622 (0x297E)
  Register Count : 2 (0x0002)

=== Raw Modbus TCP Response ===
MBAP + PDU HEX : 00 01 00 00 00 07 00 03 04 07 F0 00 00
Breakdown:
  Transaction ID : 0001
  Protocol ID    : 0000
  Length         : 0007
  Unit ID        : 00
  Function Code  : 03
  Byte Count     : 4 (0x04)
  Register 10622 :   2032   (0x07F0)
  Register 10623 :      0   (0x0000)
  PDU ASCII      : ......

[+] Raw registers: [2032, 0]

--- Register 1 ---
UINT16         : 2032
INT16          : 2032
HEX            : 0x07F0
BIN            : 0000011111110000
ASCII          : ..
Scaled /10     : 203.2
Scaled /100    : 20.32
Scaled /1000   : 2.032

--- Register 2 ---
UINT16         : 0
INT16          : 0
HEX            : 0x0000
BIN            : 0000000000000000
ASCII          : ..
Scaled /10     : 0.0
Scaled /100    : 0.0
Scaled /1000   : 0.0

=== Combined 32-bit interpretations ===
UINT32 BE      : 133169152
UINT32 SWAP    : 2032
INT32 BE       : 133169152
INT32 SWAP     : 2032
FLOAT32 BE     : 3.6111186457260672e-34
FLOAT32 SWAP   : 2.8474384795080283e-42
HEX BE         : 07 F0 00 00
HEX SWAP       : 00 00 07 F0
ASCII BE       : ....
ASCII SWAP     : ....
Scaled UINT32 /10   : 13316915.2
Scaled UINT32 /100  : 1331691.52
Scaled UINT32 /1000 : 133169.152

[*] Connection closed

======================================================================
=== Modbus Polling Parameters ===
[*] Device IP       : 10.242.105.67
[*] Port            : 502
[*] Slave ID        : 0
[*] Start Register  : 10622
[*] Register Count  : 2
[*] Offset -1       : NO
[*] Raw Frames      : YES
[*] Reg Function    : holding (03 - Read Holding Registers)
[*] Timestamping    : NO
[*] Quiet Mode      : NO
[*] Log File        : query290326.log
=================================

[*] Connecting to 10.242.105.67:502

=== Raw Modbus TCP Query ===
MBAP + PDU HEX : 00 01 00 00 00 06 00 03 29 7E 00 02
Breakdown:
  Transaction ID : 0001
  Protocol ID    : 0000
  Length         : 0006
  Unit ID        : 00
  Function Code  : 03 (Read Holding Registers)
  Start Register : 10622 (0x297E)
  Register Count : 2 (0x0002)

=== Raw Modbus TCP Response ===
MBAP + PDU HEX : 00 01 00 00 00 07 00 03 04 07 F0 00 00
Breakdown:
  Transaction ID : 0001
  Protocol ID    : 0000
  Length         : 0007
  Unit ID        : 00
  Function Code  : 03
  Byte Count     : 4 (0x04)
  Register 10622 :   2032   (0x07F0)
  Register 10623 :      0   (0x0000)
  PDU ASCII      : ......

[+] Raw registers: [2032, 0]

--- Register 1 ---
UINT16         : 2032
INT16          : 2032
HEX            : 0x07F0
BIN            : 0000011111110000
ASCII          : ..
Scaled /10     : 203.2
Scaled /100    : 20.32
Scaled /1000   : 2.032

--- Register 2 ---
UINT16         : 0
INT16          : 0
HEX            : 0x0000
BIN            : 0000000000000000
ASCII          : ..
Scaled /10     : 0.0
Scaled /100    : 0.0
Scaled /1000   : 0.0

=== Combined 32-bit interpretations ===
UINT32 BE      : 133169152
UINT32 SWAP    : 2032
INT32 BE       : 133169152
INT32 SWAP     : 2032
FLOAT32 BE     : 3.6111186457260672e-34
FLOAT32 SWAP   : 2.8474384795080283e-42
HEX BE         : 07 F0 00 00
HEX SWAP       : 00 00 07 F0
ASCII BE       : ....
ASCII SWAP     : ....
Scaled UINT32 /10   : 13316915.2
Scaled UINT32 /100  : 1331691.52
Scaled UINT32 /1000 : 133169.152

[*] Connection closed
[2026-03-29 15:17:32] 
======================================================================
[2026-03-29 15:17:32] === Modbus Polling Parameters ===
[2026-03-29 15:17:32] [*] Device IP       : 10.242.105.67
[2026-03-29 15:17:32] [*] Port            : 502
[2026-03-29 15:17:32] [*] Slave ID        : 0
[2026-03-29 15:17:32] [*] Start Register  : 10622
[2026-03-29 15:17:32] [*] Register Count  : 2
[2026-03-29 15:17:32] [*] Offset -1       : NO
[2026-03-29 15:17:32] [*] Raw Frames      : YES
[2026-03-29 15:17:32] [*] Reg Function    : holding (03 - Read Holding Registers)
[2026-03-29 15:17:32] [*] Timestamping    : YES
[2026-03-29 15:17:32] [*] Quiet Mode      : NO
[2026-03-29 15:17:32] [*] Log File        : query290326.log
[2026-03-29 15:17:32] =================================

[2026-03-29 15:17:32] [*] Connecting to 10.242.105.67:502
[2026-03-29 15:17:32] 
=== Raw Modbus TCP Query ===
[2026-03-29 15:17:32] MBAP + PDU HEX : 00 01 00 00 00 06 00 03 29 7E 00 02
[2026-03-29 15:17:32] Breakdown:
[2026-03-29 15:17:32]   Transaction ID : 0001
[2026-03-29 15:17:32]   Protocol ID    : 0000
[2026-03-29 15:17:32]   Length         : 0006
[2026-03-29 15:17:32]   Unit ID        : 00
[2026-03-29 15:17:32]   Function Code  : 03 (Read Holding Registers)
[2026-03-29 15:17:32]   Start Register : 10622 (0x297E)
[2026-03-29 15:17:32]   Register Count : 2 (0x0002)
[2026-03-29 15:17:32] 
=== Raw Modbus TCP Response ===
[2026-03-29 15:17:32] MBAP + PDU HEX : 00 01 00 00 00 07 00 03 04 07 F0 00 00
[2026-03-29 15:17:32] Breakdown:
[2026-03-29 15:17:32]   Transaction ID : 0001
[2026-03-29 15:17:32]   Protocol ID    : 0000
[2026-03-29 15:17:32]   Length         : 0007
[2026-03-29 15:17:32]   Unit ID        : 00
[2026-03-29 15:17:32]   Function Code  : 03
[2026-03-29 15:17:32]   Byte Count     : 4 (0x04)
[2026-03-29 15:17:32]   Register 10622 :   2032   (0x07F0)
[2026-03-29 15:17:32]   Register 10623 :      0   (0x0000)
[2026-03-29 15:17:32]   PDU ASCII      : ......
[2026-03-29 15:17:32] 
[+] Raw registers: [2032, 0]
[2026-03-29 15:17:32] 
--- Register 1 ---
[2026-03-29 15:17:32] UINT16         : 2032
[2026-03-29 15:17:32] INT16          : 2032
[2026-03-29 15:17:32] HEX            : 0x07F0
[2026-03-29 15:17:32] BIN            : 0000011111110000
[2026-03-29 15:17:32] ASCII          : ..
[2026-03-29 15:17:32] Scaled /10     : 203.2
[2026-03-29 15:17:32] Scaled /100    : 20.32
[2026-03-29 15:17:32] Scaled /1000   : 2.032
[2026-03-29 15:17:32] 
--- Register 2 ---
[2026-03-29 15:17:32] UINT16         : 0
[2026-03-29 15:17:32] INT16          : 0
[2026-03-29 15:17:32] HEX            : 0x0000
[2026-03-29 15:17:32] BIN            : 0000000000000000
[2026-03-29 15:17:32] ASCII          : ..
[2026-03-29 15:17:32] Scaled /10     : 0.0
[2026-03-29 15:17:32] Scaled /100    : 0.0
[2026-03-29 15:17:32] Scaled /1000   : 0.0
[2026-03-29 15:17:32] 
=== Combined 32-bit interpretations ===
[2026-03-29 15:17:32] UINT32 BE      : 133169152
[2026-03-29 15:17:32] UINT32 SWAP    : 2032
[2026-03-29 15:17:32] INT32 BE       : 133169152
[2026-03-29 15:17:32] INT32 SWAP     : 2032
[2026-03-29 15:17:32] FLOAT32 BE     : 3.6111186457260672e-34
[2026-03-29 15:17:32] FLOAT32 SWAP   : 2.8474384795080283e-42
[2026-03-29 15:17:32] HEX BE         : 07 F0 00 00
[2026-03-29 15:17:32] HEX SWAP       : 00 00 07 F0
[2026-03-29 15:17:32] ASCII BE       : ....
[2026-03-29 15:17:32] ASCII SWAP     : ....
[2026-03-29 15:17:32] Scaled UINT32 /10   : 13316915.2
[2026-03-29 15:17:32] Scaled UINT32 /100  : 1331691.52
[2026-03-29 15:17:32] Scaled UINT32 /1000 : 133169.152
[2026-03-29 15:17:32] 
[*] Connection closed
[2026-03-29 15:25:18] 
======================================================================
[2026-03-29 15:25:18] === Modbus Polling Parameters ===
[2026-03-29 15:25:18] [*] Device IP       : 10.242.105.67
[2026-03-29 15:25:18] [*] Port            : 502
[2026-03-29 15:25:18] [*] Slave ID        : 0
[2026-03-29 15:25:18] [*] Start Register  : 10622
[2026-03-29 15:25:18] [*] Register Count  : 2
[2026-03-29 15:25:18] [*] Offset -1       : NO
[2026-03-29 15:25:18] [*] Raw Frames      : YES
[2026-03-29 15:25:18] [*] Reg Function    : holding (03 - Read Holding Registers)
[2026-03-29 15:25:18] [*] Timestamping    : YES
[2026-03-29 15:25:18] [*] Quiet Mode      : NO
[2026-03-29 15:25:18] [*] Log File        : query290326.log
[2026-03-29 15:25:18] =================================

[2026-03-29 15:25:18] [*] Connecting to 10.242.105.67:502
[2026-03-29 15:25:18] 
=== Raw Modbus TCP Query ===
[2026-03-29 15:25:18] MBAP + PDU HEX : 00 01 00 00 00 06 00 03 29 7E 00 02
[2026-03-29 15:25:18] Breakdown:
[2026-03-29 15:25:18]   Transaction ID : 0001
[2026-03-29 15:25:18]   Protocol ID    : 0000
[2026-03-29 15:25:18]   Length         : 0006
[2026-03-29 15:25:18]   Unit ID        : 00
[2026-03-29 15:25:18]   Function Code  : 03 (Read Holding Registers)
[2026-03-29 15:25:18]   Start Register : 10622 (0x297E)
[2026-03-29 15:25:18]   Register Count : 2 (0x0002)
[2026-03-29 15:25:18] 
=== Raw Modbus TCP Response ===
[2026-03-29 15:25:18] MBAP + PDU HEX : 00 01 00 00 00 07 00 03 04 07 F0 00 00
[2026-03-29 15:25:18] Breakdown:
[2026-03-29 15:25:18]   Transaction ID : 0001
[2026-03-29 15:25:18]   Protocol ID    : 0000
[2026-03-29 15:25:18]   Length         : 0007
[2026-03-29 15:25:18]   Unit ID        : 00
[2026-03-29 15:25:18]   Function Code  : 03
[2026-03-29 15:25:18]   Byte Count     : 4 (0x04)
[2026-03-29 15:25:18]   Register 10622 :   2032   (0x07F0)
[2026-03-29 15:25:18]   Register 10623 :      0   (0x0000)
[2026-03-29 15:25:18]   PDU ASCII      : ......
[2026-03-29 15:25:18] 
[+] Raw registers: [2032, 0]
[2026-03-29 15:25:18] 
--- Register 1 ---
[2026-03-29 15:25:18] UINT16         : 2032
[2026-03-29 15:25:18] INT16          : 2032
[2026-03-29 15:25:18] HEX            : 0x07F0
[2026-03-29 15:25:18] BIN            : 0000011111110000
[2026-03-29 15:25:18] ASCII          : ..
[2026-03-29 15:25:18] Scaled /10     : 203.2
[2026-03-29 15:25:18] Scaled /100    : 20.32
[2026-03-29 15:25:18] Scaled /1000   : 2.032
[2026-03-29 15:25:18] 
--- Register 2 ---
[2026-03-29 15:25:18] UINT16         : 0
[2026-03-29 15:25:18] INT16          : 0
[2026-03-29 15:25:18] HEX            : 0x0000
[2026-03-29 15:25:18] BIN            : 0000000000000000
[2026-03-29 15:25:18] ASCII          : ..
[2026-03-29 15:25:18] Scaled /10     : 0.0
[2026-03-29 15:25:18] Scaled /100    : 0.0
[2026-03-29 15:25:18] Scaled /1000   : 0.0
[2026-03-29 15:25:18] 
=== Combined 32-bit interpretations ===
[2026-03-29 15:25:18] UINT32 BE      : 133169152
[2026-03-29 15:25:18] UINT32 SWAP    : 2032
[2026-03-29 15:25:18] INT32 BE       : 133169152
[2026-03-29 15:25:18] INT32 SWAP     : 2032
[2026-03-29 15:25:18] FLOAT32 BE     : 3.6111186457260672e-34
[2026-03-29 15:25:18] FLOAT32 SWAP   : 2.8474384795080283e-42
[2026-03-29 15:25:18] HEX BE         : 07 F0 00 00
[2026-03-29 15:25:18] HEX SWAP       : 00 00 07 F0
[2026-03-29 15:25:18] ASCII BE       : ....
[2026-03-29 15:25:18] ASCII SWAP     : ....
[2026-03-29 15:25:18] Scaled UINT32 /10   : 13316915.2
[2026-03-29 15:25:18] Scaled UINT32 /100  : 1331691.52
[2026-03-29 15:25:18] Scaled UINT32 /1000 : 133169.152
[2026-03-29 15:25:18] 
[*] Connection closed
[2026-03-29 15:36:49] 
======================================================================
[2026-03-29 15:36:49] New polling session started
[2026-03-29 15:36:49] Command: python-modbus-poll-7.py --deviceIP 10.242.105.67 --startingregister 10622 --slave 0 --raw --log query290326.log --timestamp
[2026-03-29 15:36:49] Target: 10.242.105.67:502
[2026-03-29 15:36:49] === Modbus Polling Parameters ===
[2026-03-29 15:36:49] [*] Device IP       : 10.242.105.67
[2026-03-29 15:36:49] [*] Port            : 502
[2026-03-29 15:36:49] [*] Slave ID        : 0
[2026-03-29 15:36:49] [*] Start Register  : 10622
[2026-03-29 15:36:49] [*] Register Count  : 2
[2026-03-29 15:36:49] [*] Offset -1       : NO
[2026-03-29 15:36:49] [*] Raw Frames      : YES
[2026-03-29 15:36:49] [*] Reg Function    : holding (03 - Read Holding Registers)
[2026-03-29 15:36:49] [*] Timestamping    : YES
[2026-03-29 15:36:49] [*] Quiet Mode      : NO
[2026-03-29 15:36:49] [*] Log File        : query290326.log
[2026-03-29 15:36:49] =================================

[2026-03-29 15:36:49] [*] Connecting to 10.242.105.67:502
[2026-03-29 15:36:49] 
=== Raw Modbus TCP Query ===
[2026-03-29 15:36:49] MBAP + PDU HEX : 00 01 00 00 00 06 00 03 29 7E 00 02
[2026-03-29 15:36:49] Breakdown:
[2026-03-29 15:36:49]   Transaction ID : 0001
[2026-03-29 15:36:49]   Protocol ID    : 0000
[2026-03-29 15:36:49]   Length         : 0006
[2026-03-29 15:36:49]   Unit ID        : 00
[2026-03-29 15:36:49]   Function Code  : 03 (Read Holding Registers)
[2026-03-29 15:36:49]   Start Register : 10622 (0x297E)
[2026-03-29 15:36:49]   Register Count : 2 (0x0002)
[2026-03-29 15:36:49] 
=== Raw Modbus TCP Response ===
[2026-03-29 15:36:49] MBAP + PDU HEX : 00 01 00 00 00 07 00 03 04 07 F0 00 00
[2026-03-29 15:36:49] Breakdown:
[2026-03-29 15:36:49]   Transaction ID : 0001
[2026-03-29 15:36:49]   Protocol ID    : 0000
[2026-03-29 15:36:49]   Length         : 0007
[2026-03-29 15:36:49]   Unit ID        : 00
[2026-03-29 15:36:49]   Function Code  : 03
[2026-03-29 15:36:49]   Byte Count     : 4 (0x04)
[2026-03-29 15:36:49]   Register 10622 :   2032   (0x07F0)
[2026-03-29 15:36:49]   Register 10623 :      0   (0x0000)
[2026-03-29 15:36:49]   PDU ASCII      : ......
[2026-03-29 15:36:49] 
[+] Raw registers: [2032, 0]
[2026-03-29 15:36:49] 
--- Register 1 ---
[2026-03-29 15:36:49] UINT16         : 2032
[2026-03-29 15:36:49] INT16          : 2032
[2026-03-29 15:36:49] HEX            : 0x07F0
[2026-03-29 15:36:49] BIN            : 0000011111110000
[2026-03-29 15:36:49] ASCII          : ..
[2026-03-29 15:36:49] Scaled /10     : 203.2
[2026-03-29 15:36:49] Scaled /100    : 20.32
[2026-03-29 15:36:49] Scaled /1000   : 2.032
[2026-03-29 15:36:49] 
--- Register 2 ---
[2026-03-29 15:36:49] UINT16         : 0
[2026-03-29 15:36:49] INT16          : 0
[2026-03-29 15:36:49] HEX            : 0x0000
[2026-03-29 15:36:49] BIN            : 0000000000000000
[2026-03-29 15:36:49] ASCII          : ..
[2026-03-29 15:36:49] Scaled /10     : 0.0
[2026-03-29 15:36:49] Scaled /100    : 0.0
[2026-03-29 15:36:49] Scaled /1000   : 0.0
[2026-03-29 15:36:49] 
=== Combined 32-bit interpretations ===
[2026-03-29 15:36:49] UINT32 BE      : 133169152
[2026-03-29 15:36:49] UINT32 SWAP    : 2032
[2026-03-29 15:36:49] INT32 BE       : 133169152
[2026-03-29 15:36:49] INT32 SWAP     : 2032
[2026-03-29 15:36:49] FLOAT32 BE     : 3.6111186457260672e-34
[2026-03-29 15:36:49] FLOAT32 SWAP   : 2.8474384795080283e-42
[2026-03-29 15:36:49] HEX BE         : 07 F0 00 00
[2026-03-29 15:36:49] HEX SWAP       : 00 00 07 F0
[2026-03-29 15:36:49] ASCII BE       : ....
[2026-03-29 15:36:49] ASCII SWAP     : ....
[2026-03-29 15:36:49] Scaled UINT32 /10   : 13316915.2
[2026-03-29 15:36:49] Scaled UINT32 /100  : 1331691.52
[2026-03-29 15:36:49] Scaled UINT32 /1000 : 133169.152
[2026-03-29 15:36:49] 
[*] Connection closed
[2026-03-29 15:36:49] ======================================================================
[2026-03-29 15:46:33] 
======================================================================
[2026-03-29 15:46:33] New polling session started
[2026-03-29 15:46:33] Command: python-modbus-poll-7.py --deviceIP 10.242.105.67 --startingregister 10622 --slave 0 --raw --log query290326.log --timestamp
[2026-03-29 15:46:33] Target: 10.242.105.67:502
[2026-03-29 15:46:33] === Modbus Polling Parameters ===
[2026-03-29 15:46:33] [*] Device IP       : 10.242.105.67
[2026-03-29 15:46:33] [*] Port            : 502
[2026-03-29 15:46:33] [*] Slave ID        : 0
[2026-03-29 15:46:33] [*] Start Register  : 10622
[2026-03-29 15:46:33] [*] Register Count  : 2
[2026-03-29 15:46:33] [*] Offset -1       : NO
[2026-03-29 15:46:33] [*] Raw Frames      : YES
[2026-03-29 15:46:33] [*] Reg Function    : holding (03 - Read Holding Registers)
[2026-03-29 15:46:33] [*] Timestamping    : YES
[2026-03-29 15:46:33] [*] Quiet Mode      : NO
[2026-03-29 15:46:33] [*] Log File        : query290326.log
[2026-03-29 15:46:33] =================================

[2026-03-29 15:46:33] [*] Connecting to 10.242.105.67:502
[2026-03-29 15:46:33] 
=== Raw Modbus TCP Query ===
[2026-03-29 15:46:33] MBAP + PDU HEX : 00 01 00 00 00 06 00 03 29 7E 00 02
[2026-03-29 15:46:33] Breakdown:
[2026-03-29 15:46:33]   Transaction ID : 0001
[2026-03-29 15:46:33]   Protocol ID    : 0000
[2026-03-29 15:46:33]   Length         : 0006
[2026-03-29 15:46:33]   Unit ID        : 00
[2026-03-29 15:46:33]   Function Code  : 03 (Read Holding Registers)
[2026-03-29 15:46:33]   Start Register : 10622 (0x297E)
[2026-03-29 15:46:33]   Register Count : 2 (0x0002)
[2026-03-29 15:46:33] 
=== Raw Modbus TCP Response ===
[2026-03-29 15:46:33] MBAP + PDU HEX : 00 01 00 00 00 07 00 03 04 07 F0 00 00
[2026-03-29 15:46:33] Breakdown:
[2026-03-29 15:46:33]   Transaction ID : 0001
[2026-03-29 15:46:33]   Protocol ID    : 0000
[2026-03-29 15:46:33]   Length         : 0007
[2026-03-29 15:46:33]   Unit ID        : 00
[2026-03-29 15:46:33]   Function Code  : 03
[2026-03-29 15:46:33]   Byte Count     : 4 (0x04)
[2026-03-29 15:46:33]   Register 10622 :   2032   (0x07F0)
[2026-03-29 15:46:33]   Register 10623 :      0   (0x0000)
[2026-03-29 15:46:33]   PDU ASCII      : ......
[2026-03-29 15:46:33] 
[+] Raw registers: [2032, 0]
[2026-03-29 15:46:33] 
--- Register 1 ---
[2026-03-29 15:46:33] UINT16         : 2032
[2026-03-29 15:46:33] INT16          : 2032
[2026-03-29 15:46:33] HEX            : 0x07F0
[2026-03-29 15:46:33] BIN            : 0000011111110000
[2026-03-29 15:46:33] ASCII          : ..
[2026-03-29 15:46:33] Scaled /10     : 203.2
[2026-03-29 15:46:33] Scaled /100    : 20.32
[2026-03-29 15:46:33] Scaled /1000   : 2.032
[2026-03-29 15:46:33] 
--- Register 2 ---
[2026-03-29 15:46:33] UINT16         : 0
[2026-03-29 15:46:33] INT16          : 0
[2026-03-29 15:46:33] HEX            : 0x0000
[2026-03-29 15:46:33] BIN            : 0000000000000000
[2026-03-29 15:46:33] ASCII          : ..
[2026-03-29 15:46:33] Scaled /10     : 0.0
[2026-03-29 15:46:33] Scaled /100    : 0.0
[2026-03-29 15:46:33] Scaled /1000   : 0.0
[2026-03-29 15:46:33] 
=== Combined 32-bit interpretations ===
[2026-03-29 15:46:33] UINT32 BE      : 133169152
[2026-03-29 15:46:33] UINT32 SWAP    : 2032
[2026-03-29 15:46:33] INT32 BE       : 133169152
[2026-03-29 15:46:33] INT32 SWAP     : 2032
[2026-03-29 15:46:33] FLOAT32 BE     : 3.6111186457260672e-34
[2026-03-29 15:46:33] FLOAT32 SWAP   : 2.8474384795080283e-42
[2026-03-29 15:46:33] HEX BE         : 07 F0 00 00
[2026-03-29 15:46:33] HEX SWAP       : 00 00 07 F0
[2026-03-29 15:46:33] ASCII BE       : ....
[2026-03-29 15:46:33] ASCII SWAP     : ....
[2026-03-29 15:46:33] Scaled UINT32 /10   : 13316915.2
[2026-03-29 15:46:33] Scaled UINT32 /100  : 1331691.52
[2026-03-29 15:46:33] Scaled UINT32 /1000 : 133169.152
[2026-03-29 15:46:33] 
[*] Connection closed
[2026-03-29 15:46:33] ======================================================================
[2026-03-29 15:59:11] 
======================================================================
[2026-03-29 15:59:11] New polling session started
[2026-03-29 15:59:11] Command: python-modbus-poll-7.py --deviceIP 10.242.105.67 --startingregister 10622 --slave 0 --raw --log query290326.log --timestamp
[2026-03-29 15:59:11] Target: 10.242.105.67:502
[2026-03-29 15:59:11] === Modbus Polling Parameters ===
[2026-03-29 15:59:11] [*] Device IP       : 10.242.105.67
[2026-03-29 15:59:11] [*] Port            : 502
[2026-03-29 15:59:11] [*] Slave ID        : 0
[2026-03-29 15:59:11] [*] Start Register  : 10622
[2026-03-29 15:59:11] [*] Register Count  : 2
[2026-03-29 15:59:11] [*] Offset -1       : NO
[2026-03-29 15:59:11] [*] Raw Frames      : YES
[2026-03-29 15:59:11] [*] Reg Function    : holding (03 - Read Holding Registers)
[2026-03-29 15:59:11] [*] Timestamping    : YES
[2026-03-29 15:59:11] [*] Quiet Mode      : NO
[2026-03-29 15:59:11] [*] Log File        : query290326.log
[2026-03-29 15:59:11] =================================

[2026-03-29 15:59:11] [*] Connecting to 10.242.105.67:502
[2026-03-29 15:59:11] 
=== Raw Modbus TCP Query ===
[2026-03-29 15:59:11] MBAP + PDU HEX : 00 01 00 00 00 06 00 03 29 7E 00 02
[2026-03-29 15:59:11] Breakdown:
[2026-03-29 15:59:11]   Transaction ID : 0001
[2026-03-29 15:59:11]   Protocol ID    : 0000
[2026-03-29 15:59:11]   Length         : 0006
[2026-03-29 15:59:11]   Unit ID        : 00
[2026-03-29 15:59:11]   Function Code  : 03 (Read Holding Registers)
[2026-03-29 15:59:11]   Start Register : 10622 (0x297E)
[2026-03-29 15:59:11]   Register Count : 2 (0x0002)
[2026-03-29 15:59:11] 
=== Raw Modbus TCP Response ===
[2026-03-29 15:59:11] MBAP + PDU HEX : 00 01 00 00 00 07 00 03 04 07 F0 00 00
[2026-03-29 15:59:11] Breakdown:
[2026-03-29 15:59:11]   Transaction ID : 0001
[2026-03-29 15:59:11]   Protocol ID    : 0000
[2026-03-29 15:59:11]   Length         : 0007
[2026-03-29 15:59:11]   Unit ID        : 00
[2026-03-29 15:59:11]   Function Code  : 03
[2026-03-29 15:59:11]   Byte Count     : 4 (0x04)
[2026-03-29 15:59:11]   Register 10622 :   2032   (0x07F0)
[2026-03-29 15:59:11]   Register 10623 :      0   (0x0000)
[2026-03-29 15:59:11]   PDU ASCII      : ......
[2026-03-29 15:59:11] 
[+] Raw registers: [2032, 0]
[2026-03-29 15:59:11] 
--- Register 1 ---
[2026-03-29 15:59:11] UINT16         : 2032
[2026-03-29 15:59:11] INT16          : 2032
[2026-03-29 15:59:11] HEX            : 0x07F0
[2026-03-29 15:59:11] BIN            : 0000011111110000
[2026-03-29 15:59:11] ASCII          : ..
[2026-03-29 15:59:11] Scaled /10     : 203.2
[2026-03-29 15:59:11] Scaled /100    : 20.32
[2026-03-29 15:59:11] Scaled /1000   : 2.032
[2026-03-29 15:59:11] 
--- Register 2 ---
[2026-03-29 15:59:11] UINT16         : 0
[2026-03-29 15:59:11] INT16          : 0
[2026-03-29 15:59:11] HEX            : 0x0000
[2026-03-29 15:59:11] BIN            : 0000000000000000
[2026-03-29 15:59:11] ASCII          : ..
[2026-03-29 15:59:11] Scaled /10     : 0.0
[2026-03-29 15:59:11] Scaled /100    : 0.0
[2026-03-29 15:59:11] Scaled /1000   : 0.0
[2026-03-29 15:59:11] 
=== Combined 32-bit interpretations ===
[2026-03-29 15:59:11] UINT32 BE      : 133169152
[2026-03-29 15:59:11] UINT32 SWAP    : 2032
[2026-03-29 15:59:11] INT32 BE       : 133169152
[2026-03-29 15:59:11] INT32 SWAP     : 2032
[2026-03-29 15:59:11] FLOAT32 BE     : 3.6111186457260672e-34
[2026-03-29 15:59:11] FLOAT32 SWAP   : 2.8474384795080283e-42
[2026-03-29 15:59:11] HEX BE         : 07 F0 00 00
[2026-03-29 15:59:11] HEX SWAP       : 00 00 07 F0
[2026-03-29 15:59:11] ASCII BE       : ....
[2026-03-29 15:59:11] ASCII SWAP     : ....
[2026-03-29 15:59:11] Scaled UINT32 /10   : 13316915.2
[2026-03-29 15:59:11] Scaled UINT32 /100  : 1331691.52
[2026-03-29 15:59:11] Scaled UINT32 /1000 : 133169.152
[2026-03-29 15:59:11] 
[*] Connection closed
[2026-03-29 15:59:11] ======================================================================
[2026-03-29 16:25:45] 
======================================================================
[2026-03-29 16:25:45] New polling session started
[2026-03-29 16:25:45] Command: python-modbus-poll-8.py --deviceIP 10.242.105.67 --startingregister 10622 --slave 0 --raw --log query290326.log --timestamp
[2026-03-29 16:25:45] Target: 10.242.105.67:502
[2026-03-29 16:25:45] === Modbus Polling Parameters ===
[2026-03-29 16:25:45] [*] Device IP       : 10.242.105.67
[2026-03-29 16:25:45] [*] Port            : 502
[2026-03-29 16:25:45] [*] Slave ID        : 0
[2026-03-29 16:25:45] [*] Start Register  : 10622
[2026-03-29 16:25:45] [*] Register Count  : 2
[2026-03-29 16:25:45] [*] Offset -1       : NO
[2026-03-29 16:25:45] [*] Raw Frames      : YES
[2026-03-29 16:25:45] [*] Reg Function    : holding (03 - Read Holding Registers)
[2026-03-29 16:25:45] [*] Float Format    : auto
[2026-03-29 16:25:45] [*] Timestamping    : YES
[2026-03-29 16:25:45] [*] Quiet Mode      : NO
[2026-03-29 16:25:45] [*] Log File        : query290326.log
[2026-03-29 16:25:45] =================================

[2026-03-29 16:25:45] [*] Connecting to 10.242.105.67:502
[2026-03-29 16:25:45] 
=== Raw Modbus TCP Query ===
[2026-03-29 16:25:45] MBAP + PDU HEX : 00 01 00 00 00 06 00 03 29 7E 00 02
[2026-03-29 16:25:45] Breakdown:
[2026-03-29 16:25:45]   Transaction ID : 0001
[2026-03-29 16:25:45]   Protocol ID    : 0000
[2026-03-29 16:25:45]   Length         : 0006
[2026-03-29 16:25:45]   Unit ID        : 00
[2026-03-29 16:25:45]   Function Code  : 03 (Read Holding Registers)
[2026-03-29 16:25:45]   Start Register : 10622 (0x297E)
[2026-03-29 16:25:45]   Register Count : 2 (0x0002)
[2026-03-29 16:25:45] 
=== Raw Modbus TCP Response ===
[2026-03-29 16:25:45] MBAP + PDU HEX : 00 01 00 00 00 07 00 03 04 07 F0 00 00
[2026-03-29 16:25:45] Breakdown:
[2026-03-29 16:25:45]   Transaction ID : 0001
[2026-03-29 16:25:45]   Protocol ID    : 0000
[2026-03-29 16:25:45]   Length         : 0007
[2026-03-29 16:25:45]   Unit ID        : 00
[2026-03-29 16:25:45]   Function Code  : 03
[2026-03-29 16:25:45]   Byte Count     : 4 (0x04)
[2026-03-29 16:25:45]   Register 10622 :   2032   (0x07F0)
[2026-03-29 16:25:45]   Register 10623 :      0   (0x0000)
[2026-03-29 16:25:45]   PDU ASCII      : ......
[2026-03-29 16:25:45] 
[+] Raw registers: [2032, 0]
[2026-03-29 16:25:45] 
--- Register 1 ---
[2026-03-29 16:25:45] UINT16         : 2032
[2026-03-29 16:25:45] INT16          : 2032
[2026-03-29 16:25:45] HEX            : 0x07F0
[2026-03-29 16:25:45] BIN            : 0000011111110000
[2026-03-29 16:25:45] ASCII          : ..
[2026-03-29 16:25:45] Scaled /10     : 203.2
[2026-03-29 16:25:45] Scaled /100    : 20.32
[2026-03-29 16:25:45] Scaled /1000   : 2.032
[2026-03-29 16:25:45] 
--- Register 2 ---
[2026-03-29 16:25:45] UINT16         : 0
[2026-03-29 16:25:45] INT16          : 0
[2026-03-29 16:25:45] HEX            : 0x0000
[2026-03-29 16:25:45] BIN            : 0000000000000000
[2026-03-29 16:25:45] ASCII          : ..
[2026-03-29 16:25:45] Scaled /10     : 0.0
[2026-03-29 16:25:45] Scaled /100    : 0.0
[2026-03-29 16:25:45] Scaled /1000   : 0.0
[2026-03-29 16:25:45] 
=== Combined 32-bit interpretations ===
[2026-03-29 16:25:45] UINT32 BE      : 133169152
[2026-03-29 16:25:45] UINT32 SWAP    : 2032
[2026-03-29 16:25:45] INT32 BE       : 133169152
[2026-03-29 16:25:45] INT32 SWAP     : 2032
[2026-03-29 16:25:45] 
Float32 AUTO mode (all formats):
[2026-03-29 16:25:45] FLOAT32 ABCD : 3.6111186457260672e-34
[2026-03-29 16:25:45] FLOAT32 CDAB : 2.8474384795080283e-42
[2026-03-29 16:25:45] FLOAT32 BADC : -1.6712190530352634e+29
[2026-03-29 16:25:45] FLOAT32 DCBA : 8.610558673736703e-41
[2026-03-29 16:25:45] HEX BE         : 07 F0 00 00
[2026-03-29 16:25:45] HEX SWAP       : 00 00 07 F0
[2026-03-29 16:25:45] ASCII BE       : ....
[2026-03-29 16:25:45] ASCII SWAP     : ....
[2026-03-29 16:25:45] Scaled UINT32 /10   : 13316915.2
[2026-03-29 16:25:45] Scaled UINT32 /100  : 1331691.52
[2026-03-29 16:25:45] Scaled UINT32 /1000 : 133169.152
[2026-03-29 16:25:45] 
[*] Connection closed
[2026-03-29 16:25:45] ======================================================================
[2026-03-29 16:44:34] 
======================================================================
[2026-03-29 16:44:34] New polling session started
[2026-03-29 16:44:34] Command: python-modbus-poll-8.py --deviceIP 10.242.105.67 --startingregister 10622 --slave 0 --raw --log query290326.log --timestamp
[2026-03-29 16:44:34] Target: 10.242.105.67:502
[2026-03-29 16:44:34] === Modbus Polling Parameters ===
[2026-03-29 16:44:34] [*] Device IP       : 10.242.105.67
[2026-03-29 16:44:34] [*] Port            : 502
[2026-03-29 16:44:34] [*] Slave ID        : 0
[2026-03-29 16:44:34] [*] Start Register  : 10622
[2026-03-29 16:44:34] [*] Register Count  : 2
[2026-03-29 16:44:34] [*] Offset -1       : NO
[2026-03-29 16:44:34] [*] Raw Frames      : YES
[2026-03-29 16:44:34] [*] Reg Function    : holding (03 - Read Holding Registers)
[2026-03-29 16:44:34] [*] Float Format    : auto
[2026-03-29 16:44:34] [*] Timestamping    : YES
[2026-03-29 16:44:34] [*] Quiet Mode      : NO
[2026-03-29 16:44:34] [*] Log File        : query290326.log
[2026-03-29 16:44:34] =================================

[2026-03-29 16:44:34] [*] Connecting to 10.242.105.67:502
[2026-03-29 16:44:34] 
=== Raw Modbus TCP Query ===
[2026-03-29 16:44:34] MBAP + PDU HEX : 00 01 00 00 00 06 00 03 29 7E 00 02
[2026-03-29 16:44:34] Breakdown:
[2026-03-29 16:44:34]   Transaction ID : 0001
[2026-03-29 16:44:34]   Protocol ID    : 0000
[2026-03-29 16:44:34]   Length         : 0006
[2026-03-29 16:44:34]   Unit ID        : 00
[2026-03-29 16:44:34]   Function Code  : 03 (Read Holding Registers)
[2026-03-29 16:44:34]   Start Register : 10622 (0x297E)
[2026-03-29 16:44:34]   Register Count : 2 (0x0002)
[2026-03-29 16:44:34] 
=== Raw Modbus TCP Response ===
[2026-03-29 16:44:34] MBAP + PDU HEX : 00 01 00 00 00 07 00 03 04 07 F0 00 00
[2026-03-29 16:44:34] Breakdown:
[2026-03-29 16:44:34]   Transaction ID : 0001
[2026-03-29 16:44:34]   Protocol ID    : 0000
[2026-03-29 16:44:34]   Length         : 0007
[2026-03-29 16:44:34]   Unit ID        : 00
[2026-03-29 16:44:34]   Function Code  : 03
[2026-03-29 16:44:34]   Byte Count     : 4 (0x04)
[2026-03-29 16:44:34]   Register 10622 :   2032   (0x07F0)
[2026-03-29 16:44:34]   Register 10623 :      0   (0x0000)
[2026-03-29 16:44:34]   PDU ASCII      : ......
[2026-03-29 16:44:34] 
[+] Raw registers: [2032, 0]
[2026-03-29 16:44:34] 
--- Register 1 ---
[2026-03-29 16:44:34] UINT16         : 2032
[2026-03-29 16:44:34] INT16          : 2032
[2026-03-29 16:44:34] HEX            : 0x07F0
[2026-03-29 16:44:34] BIN            : 0000011111110000
[2026-03-29 16:44:34] ASCII          : ..
[2026-03-29 16:44:34] Scaled /10     : 203.2
[2026-03-29 16:44:34] Scaled /100    : 20.32
[2026-03-29 16:44:34] Scaled /1000   : 2.032
[2026-03-29 16:44:34] 
--- Register 2 ---
[2026-03-29 16:44:34] UINT16         : 0
[2026-03-29 16:44:34] INT16          : 0
[2026-03-29 16:44:34] HEX            : 0x0000
[2026-03-29 16:44:34] BIN            : 0000000000000000
[2026-03-29 16:44:34] ASCII          : ..
[2026-03-29 16:44:34] Scaled /10     : 0.0
[2026-03-29 16:44:34] Scaled /100    : 0.0
[2026-03-29 16:44:34] Scaled /1000   : 0.0
[2026-03-29 16:44:34] 
=== Combined 32-bit interpretations ===
[2026-03-29 16:44:34] 
Float32 AUTO mode (all formats):
[2026-03-29 16:44:34] FLOAT32 ABCD : 3.6111186457260672e-34
[2026-03-29 16:44:34] FLOAT32 CDAB : 2.8474384795080283e-42
[2026-03-29 16:44:34] FLOAT32 BADC : -1.6712190530352634e+29
[2026-03-29 16:44:34] FLOAT32 DCBA : 8.610558673736703e-41
[2026-03-29 16:44:34] 
Integer 32-bit interpretations:
[2026-03-29 16:44:34] UINT32 ABCD : 133169152
[2026-03-29 16:44:34] INT32  ABCD : 133169152
[2026-03-29 16:44:34] UINT32 CDAB : 2032
[2026-03-29 16:44:34] INT32  CDAB : 2032
[2026-03-29 16:44:34] UINT32 BADC : 4026990592
[2026-03-29 16:44:34] INT32  BADC : -267976704
[2026-03-29 16:44:34] UINT32 DCBA : 61447
[2026-03-29 16:44:34] INT32  DCBA : 61447
[2026-03-29 16:44:34] 
HEX BE         : 07 F0 00 00
[2026-03-29 16:44:34] HEX SWAP       : 00 00 07 F0
[2026-03-29 16:44:34] ASCII BE       : ....
[2026-03-29 16:44:34] ASCII SWAP     : ....
[2026-03-29 16:44:34] Scaled UINT32 /10   : 13316915.2
[2026-03-29 16:44:34] Scaled UINT32 /100  : 1331691.52
[2026-03-29 16:44:34] Scaled UINT32 /1000 : 133169.152
[2026-03-29 16:44:34] 
[*] Connection closed
[2026-03-29 16:44:34] ======================================================================
[2026-03-29 17:05:16] 
======================================================================
[2026-03-29 17:05:16] New polling session started
[2026-03-29 17:05:16] Command: python-modbus-poll-8.py --deviceIP 10.242.105.67 --startingregister 10622 --slave 0 --raw --log query290326.log --timestamp
[2026-03-29 17:05:16] Target: 10.242.105.67:502
[2026-03-29 17:05:16] === Modbus Polling Parameters ===
[2026-03-29 17:05:16] [*] Device IP       : 10.242.105.67
[2026-03-29 17:05:16] [*] Port            : 502
[2026-03-29 17:05:16] [*] Slave ID        : 0
[2026-03-29 17:05:16] [*] Start Register  : 10622
[2026-03-29 17:05:16] [*] Register Count  : 2
[2026-03-29 17:05:16] [*] Offset -1       : NO
[2026-03-29 17:05:16] [*] Raw Frames      : YES
[2026-03-29 17:05:16] [*] Reg Function    : holding (03 - Read Holding Registers)
[2026-03-29 17:05:16] [*] Float Format    : auto
[2026-03-29 17:05:16] [*] Timestamping    : YES
[2026-03-29 17:05:16] [*] Quiet Mode      : NO
[2026-03-29 17:05:16] [*] Log File        : query290326.log
[2026-03-29 17:05:16] =================================

[2026-03-29 17:05:16] [*] Connecting to 10.242.105.67:502
[2026-03-29 17:05:16] 
=== Raw Modbus TCP Query ===
[2026-03-29 17:05:16] MBAP + PDU HEX : 00 01 00 00 00 06 00 03 29 7E 00 02
[2026-03-29 17:05:16] Breakdown:
[2026-03-29 17:05:16]   Transaction ID : 0001
[2026-03-29 17:05:16]   Protocol ID    : 0000
[2026-03-29 17:05:16]   Length         : 0006
[2026-03-29 17:05:16]   Unit ID        : 00
[2026-03-29 17:05:16]   Function Code  : 03 (Read Holding Registers)
[2026-03-29 17:05:16]   Start Register : 10622 (0x297E)
[2026-03-29 17:05:16]   Register Count : 2 (0x0002)
[2026-03-29 17:05:16] 
=== Raw Modbus TCP Response ===
[2026-03-29 17:05:16] MBAP + PDU HEX : 00 01 00 00 00 07 00 03 04 07 F0 00 00
[2026-03-29 17:05:16] Breakdown:
[2026-03-29 17:05:16]   Transaction ID : 0001
[2026-03-29 17:05:16]   Protocol ID    : 0000
[2026-03-29 17:05:16]   Length         : 0007
[2026-03-29 17:05:16]   Unit ID        : 00
[2026-03-29 17:05:16]   Function Code  : 03
[2026-03-29 17:05:16]   Byte Count     : 4 (0x04)
[2026-03-29 17:05:16]   Register 10622 :   2032   (0x07F0)
[2026-03-29 17:05:16]   Register 10623 :      0   (0x0000)
[2026-03-29 17:05:16]   PDU ASCII      : ......
[2026-03-29 17:05:16] 
[+] Raw registers: [2032, 0]
[2026-03-29 17:05:16] 
--- Register 1 ---
[2026-03-29 17:05:16] UINT16         : 2032
[2026-03-29 17:05:16] INT16          : 2032
[2026-03-29 17:05:16] HEX            : 0x07F0
[2026-03-29 17:05:16] BIN            : 0000011111110000
[2026-03-29 17:05:16] ASCII          : ..
[2026-03-29 17:05:16] Scaled /10     : 203.2
[2026-03-29 17:05:16] Scaled /100    : 20.32
[2026-03-29 17:05:16] Scaled /1000   : 2.032
[2026-03-29 17:05:16] 
--- Register 2 ---
[2026-03-29 17:05:16] UINT16         : 0
[2026-03-29 17:05:16] INT16          : 0
[2026-03-29 17:05:16] HEX            : 0x0000
[2026-03-29 17:05:16] BIN            : 0000000000000000
[2026-03-29 17:05:16] ASCII          : ..
[2026-03-29 17:05:16] Scaled /10     : 0.0
[2026-03-29 17:05:16] Scaled /100    : 0.0
[2026-03-29 17:05:16] Scaled /1000   : 0.0
[2026-03-29 17:05:16] 
=== Combined 32-bit interpretations ===
[2026-03-29 17:05:16] 
Float32 AUTO mode (all formats):
[2026-03-29 17:05:16] FLOAT32 ABCD : 3.6111186457260672e-34
[2026-03-29 17:05:16] FLOAT32 CDAB : 2.8474384795080283e-42
[2026-03-29 17:05:16] FLOAT32 BADC : -1.6712190530352634e+29
[2026-03-29 17:05:16] FLOAT32 DCBA : 8.610558673736703e-41
[2026-03-29 17:05:16] 
Integer 32-bit interpretations:
[2026-03-29 17:05:16] UINT32 ABCD : 133169152
[2026-03-29 17:05:16] INT32  ABCD : 133169152
[2026-03-29 17:05:16] UINT32 CDAB : 2032
[2026-03-29 17:05:16] INT32  CDAB : 2032
[2026-03-29 17:05:16] UINT32 BADC : 4026990592
[2026-03-29 17:05:16] INT32  BADC : -267976704
[2026-03-29 17:05:16] UINT32 DCBA : 61447
[2026-03-29 17:05:16] INT32  DCBA : 61447
[2026-03-29 17:05:16] 
HEX BE         : 07 F0 00 00
[2026-03-29 17:05:16] HEX SWAP       : 00 00 07 F0
[2026-03-29 17:05:16] ASCII BE       : ....
[2026-03-29 17:05:16] ASCII SWAP     : ....
[2026-03-29 17:05:16] Scaled UINT32 /10   : 13316915.2
[2026-03-29 17:05:16] Scaled UINT32 /100  : 1331691.52
[2026-03-29 17:05:16] Scaled UINT32 /1000 : 133169.152
[2026-03-29 17:05:16] 
[*] Connection closed
[2026-03-29 17:05:16] ======================================================================
