/usr/share/applications/atril.desktop:Name=Atril Document Viewer
/usr/share/applications/atril.desktop:GenericName=Document Viewer
/usr/share/applications/atril.desktop:Comment=View multi-page documents
/usr/share/applications/atril.desktop:Exec=atril %U
/usr/share/applications/atril.desktop:Icon=atril
/usr/share/applications/blueman-adapters.desktop:Name=Bluetooth Adapters
/usr/share/applications/blueman-adapters.desktop:Comment=Set Bluetooth Adapter Properties
/usr/share/applications/blueman-adapters.desktop:Exec=blueman-adapters
/usr/share/applications/blueman-adapters.desktop:Icon=blueman-device
/usr/share/applications/blueman-manager.desktop:Name=Bluetooth Manager
/usr/share/applications/blueman-manager.desktop:Comment=Blueman Bluetooth Manager
/usr/share/applications/blueman-manager.desktop:Icon=blueman
/usr/share/applications/blueman-manager.desktop:Exec=blueman-manager
/usr/share/applications/bluetooth-sendto.desktop:Name=Bluetooth Transfer
/usr/share/applications/bluetooth-sendto.desktop:Comment=Send files via Bluetooth
/usr/share/applications/bluetooth-sendto.desktop:Icon=bluetooth
/usr/share/applications/bluetooth-sendto.desktop:Exec=bluetooth-sendto
/usr/share/applications/brasero.desktop:Name=Brasero
/usr/share/applications/brasero.desktop:GenericName=Disc Burner and Copier
/usr/share/applications/brasero.desktop:Comment=Create and copy CDs and DVDs
/usr/share/applications/brasero.desktop:Exec=brasero %U
/usr/share/applications/brasero.desktop:Icon=brasero
/usr/share/applications/brasero.desktop:Name=Open a New Window
/usr/share/applications/brasero.desktop:Exec=brasero --no-existing-session
/usr/share/applications/brasero.desktop:Name=Burn an Image File
/usr/share/applications/brasero.desktop:Exec=brasero --image
/usr/share/applications/brasero.desktop:Name=Copy a Disc
/usr/share/applications/brasero.desktop:Exec=brasero --copy
/usr/share/applications/brasero.desktop:Name=Create an Audio Project
/usr/share/applications/brasero.desktop:Exec=brasero --audio
/usr/share/applications/brasero.desktop:Name=Create a Video Project
/usr/share/applications/brasero.desktop:Exec=brasero --video
/usr/share/applications/brasero-nautilus.desktop:Name=CD/DVD Creator
/usr/share/applications/brasero-nautilus.desktop:Comment=Create CDs and DVDs
/usr/share/applications/brasero-nautilus.desktop:Exec=nautilus --no-default-window --no-desktop burn:/// 
/usr/share/applications/brasero-nautilus.desktop:Icon=system-file-manager
/usr/share/applications/ca.desrt.dconf-editor.desktop:Name=dconf Editor
/usr/share/applications/ca.desrt.dconf-editor.desktop:GenericName=Configuration editor for dconf
/usr/share/applications/ca.desrt.dconf-editor.desktop:Comment=Directly edit your entire configuration database
/usr/share/applications/ca.desrt.dconf-editor.desktop:Exec=dconf-editor
/usr/share/applications/ca.desrt.dconf-editor.desktop:Icon=dconf-editor
/usr/share/applications/caja-autorun-software.desktop:Name=Autorun Prompt
/usr/share/applications/caja-autorun-software.desktop:Exec=caja-autorun-software %u
/usr/share/applications/caja-autorun-software.desktop:Icon=application-x-executable
/usr/share/applications/caja-browser.desktop:Name=Caja
/usr/share/applications/caja-browser.desktop:GenericName=File Browser
/usr/share/applications/caja-browser.desktop:Comment=Browse the file system with the file manager
/usr/share/applications/caja-browser.desktop:Exec=caja --no-desktop --browser %U
/usr/share/applications/caja-browser.desktop:Icon=system-file-manager
/usr/share/applications/caja-computer.desktop:Name=Computer
/usr/share/applications/caja-computer.desktop:Comment=Browse all local and remote disks and folders accessible from this computer
/usr/share/applications/caja-computer.desktop:Exec=caja --no-desktop computer:
/usr/share/applications/caja-computer.desktop:Icon=computer
/usr/share/applications/caja.desktop:Name=Caja
/usr/share/applications/caja.desktop:GenericName=File Manager
/usr/share/applications/caja.desktop:Exec=caja
/usr/share/applications/caja.desktop:Icon=system-file-manager
/usr/share/applications/caja-file-management-properties.desktop:Name=File Management
/usr/share/applications/caja-file-management-properties.desktop:Comment=Change the behaviour and appearance of file manager windows
/usr/share/applications/caja-file-management-properties.desktop:Exec=caja-file-management-properties
/usr/share/applications/caja-file-management-properties.desktop:Icon=system-file-manager
/usr/share/applications/caja-folder-handler.desktop:Name=Caja
/usr/share/applications/caja-folder-handler.desktop:GenericName=Open Folder
/usr/share/applications/caja-folder-handler.desktop:Exec=caja --no-desktop %U
/usr/share/applications/caja-folder-handler.desktop:Icon=folder-open
/usr/share/applications/caja-home.desktop:Name=Home Folder
/usr/share/applications/caja-home.desktop:Comment=Open your personal folder
/usr/share/applications/caja-home.desktop:Exec=caja --no-desktop
/usr/share/applications/caja-home.desktop:Icon=user-home
/usr/share/applications/chromium.desktop:Name=Chromium Web Browser
/usr/share/applications/chromium.desktop:GenericName=Web Browser
/usr/share/applications/chromium.desktop:Comment=Access the Internet
/usr/share/applications/chromium.desktop:Exec=/usr/bin/chromium %U
/usr/share/applications/chromium.desktop:Icon=chromium.png
/usr/share/applications/cinnamon2d.desktop:Name=Cinnamon 2D
/usr/share/applications/cinnamon2d.desktop:Comment=Window management and application launching
/usr/share/applications/cinnamon2d.desktop:Exec=/usr/bin/cinnamon2d
/usr/share/applications/cinnamon-color-panel.desktop:Exec=cinnamon-settings color
/usr/share/applications/cinnamon-color-panel.desktop:Icon=cs-color
/usr/share/applications/cinnamon-color-panel.desktop:Name=Color
/usr/share/applications/cinnamon-color-panel.desktop:Comment=Color management settings
/usr/share/applications/cinnamon-control-center.desktop:Name=Cinnamon Control Center
/usr/share/applications/cinnamon-control-center.desktop:Icon=preferences-system
/usr/share/applications/cinnamon-control-center.desktop:Exec=cinnamon-control-center --overview
/usr/share/applications/cinnamon-datetime-panel.desktop:Name=Date & Time
/usr/share/applications/cinnamon-datetime-panel.desktop:Comment=Date and Time preferences panel
/usr/share/applications/cinnamon-datetime-panel.desktop:Exec=cinnamon-control-center datetime
/usr/share/applications/cinnamon-datetime-panel.desktop:Icon=cs-date-time
/usr/share/applications/cinnamon.desktop:Name=Cinnamon
/usr/share/applications/cinnamon.desktop:Comment=Window management and application launching
/usr/share/applications/cinnamon.desktop:Exec=/usr/bin/cinnamon-launcher
/usr/share/applications/cinnamon-display-panel.desktop:Exec=cinnamon-settings display
/usr/share/applications/cinnamon-display-panel.desktop:Icon=cs-display
/usr/share/applications/cinnamon-display-panel.desktop:Name=Display
/usr/share/applications/cinnamon-display-panel.desktop:Comment=Change resolution and position of monitors and projectors
/usr/share/applications/cinnamon-killer-daemon.desktop:Name=Cinnamon Killer Daemon
/usr/share/applications/cinnamon-killer-daemon.desktop:Comment=Restarts Cinnamon, Nemo and cinnamon-settings-daemon when a key combination is pressed
/usr/share/applications/cinnamon-killer-daemon.desktop:Icon=reload
/usr/share/applications/cinnamon-killer-daemon.desktop:Exec=cinnamon-killer-daemon
/usr/share/applications/cinnamon-menu-editor.desktop:Name=Cinnamon Menu Editor
/usr/share/applications/cinnamon-menu-editor.desktop:Comment=Edit the entries of the Cinnamon menu applet
/usr/share/applications/cinnamon-menu-editor.desktop:Exec=cinnamon-menu-editor
/usr/share/applications/cinnamon-menu-editor.desktop:Icon=alacarte
/usr/share/applications/cinnamon-network-panel.desktop:Exec=cinnamon-settings network
/usr/share/applications/cinnamon-network-panel.desktop:Icon=cs-network
/usr/share/applications/cinnamon-network-panel.desktop:Name=Network
/usr/share/applications/cinnamon-network-panel.desktop:Comment=Network settings
/usr/share/applications/cinnamon-polkit-gnome-authentication-agent-1.desktop:Name=PolicyKit Authentication Agent
/usr/share/applications/cinnamon-polkit-gnome-authentication-agent-1.desktop:Comment=PolicyKit Authentication Agent
/usr/share/applications/cinnamon-polkit-gnome-authentication-agent-1.desktop:Exec=/usr/lib/policykit-1-gnome/polkit-gnome-authentication-agent-1
/usr/share/applications/cinnamon-region-panel.desktop:Exec=cinnamon-settings region
/usr/share/applications/cinnamon-region-panel.desktop:Icon=cs-language
/usr/share/applications/cinnamon-region-panel.desktop:Name=Region & Language
/usr/share/applications/cinnamon-region-panel.desktop:Comment=Change your region and language settings
/usr/share/applications/cinnamon-screensaver.desktop:Name=Screensaver
/usr/share/applications/cinnamon-screensaver.desktop:Comment=Launch screensaver and locker program
/usr/share/applications/cinnamon-screensaver.desktop:Icon=preferences-desktop-screensaver
/usr/share/applications/cinnamon-screensaver.desktop:Exec=cinnamon-screensaver
/usr/share/applications/cinnamon-settings-applets.desktop:Icon=cs-applets
/usr/share/applications/cinnamon-settings-applets.desktop:Exec=cinnamon-settings applets
/usr/share/applications/cinnamon-settings-applets.desktop:Name=Applets
/usr/share/applications/cinnamon-settings-applets.desktop:Comment=Manage Cinnamon applets
/usr/share/applications/cinnamon-settings-backgrounds.desktop:Icon=cs-backgrounds
/usr/share/applications/cinnamon-settings-backgrounds.desktop:Exec=cinnamon-settings backgrounds
/usr/share/applications/cinnamon-settings-backgrounds.desktop:Name=Backgrounds
/usr/share/applications/cinnamon-settings-backgrounds.desktop:Comment=Change your desktop's background
/usr/share/applications/cinnamon-settings-calendar.desktop:Icon=cs-date-time
/usr/share/applications/cinnamon-settings-calendar.desktop:Exec=cinnamon-settings calendar
/usr/share/applications/cinnamon-settings-calendar.desktop:Name=Date & Time
/usr/share/applications/cinnamon-settings-calendar.desktop:Comment=Manage date and time settings
/usr/share/applications/cinnamon-settings-daemon.desktop:Name=Cinnamon Settings Daemon
/usr/share/applications/cinnamon-settings-daemon.desktop:Exec=/usr/lib/x86_64-linux-gnu/cinnamon-settings-daemon/cinnamon-settings-daemon
/usr/share/applications/cinnamon-settings-default.desktop:Icon=cs-default-applications
/usr/share/applications/cinnamon-settings-default.desktop:Exec=cinnamon-settings default
/usr/share/applications/cinnamon-settings-default.desktop:Name=Preferred Applications
/usr/share/applications/cinnamon-settings-default.desktop:Comment=Preferred Applications
/usr/share/applications/cinnamon-settings-desklets.desktop:Icon=cs-desklets
/usr/share/applications/cinnamon-settings-desklets.desktop:Exec=cinnamon-settings desklets
/usr/share/applications/cinnamon-settings-desklets.desktop:Name=Desklets
/usr/share/applications/cinnamon-settings-desklets.desktop:Comment=Manage your Cinnamon desklets
/usr/share/applications/cinnamon-settings.desktop:Exec=cinnamon-settings
/usr/share/applications/cinnamon-settings.desktop:Icon=preferences-system
/usr/share/applications/cinnamon-settings.desktop:Name=System Settings
/usr/share/applications/cinnamon-settings.desktop:Comment=Control Center
/usr/share/applications/cinnamon-settings-desktop.desktop:Icon=cs-desktop
/usr/share/applications/cinnamon-settings-desktop.desktop:Exec=cinnamon-settings desktop
/usr/share/applications/cinnamon-settings-desktop.desktop:Name=Desktop
/usr/share/applications/cinnamon-settings-desktop.desktop:Comment=Manage your desktop icons
/usr/share/applications/cinnamon-settings-effects.desktop:Icon=cs-desktop-effects
/usr/share/applications/cinnamon-settings-effects.desktop:Exec=cinnamon-settings effects
/usr/share/applications/cinnamon-settings-effects.desktop:Name=Effects
/usr/share/applications/cinnamon-settings-effects.desktop:Comment=Control Cinnamon visual effects.
/usr/share/applications/cinnamon-settings-extensions.desktop:Icon=cs-extensions
/usr/share/applications/cinnamon-settings-extensions.desktop:Exec=cinnamon-settings extensions
/usr/share/applications/cinnamon-settings-extensions.desktop:Name=Extensions
/usr/share/applications/cinnamon-settings-extensions.desktop:Comment=Manage your Cinnamon extensions
/usr/share/applications/cinnamon-settings-fonts.desktop:Icon=cs-fonts
/usr/share/applications/cinnamon-settings-fonts.desktop:Exec=cinnamon-settings fonts
/usr/share/applications/cinnamon-settings-fonts.desktop:Name=Fonts
/usr/share/applications/cinnamon-settings-fonts.desktop:Comment=Configure system fonts
/usr/share/applications/cinnamon-settings-general.desktop:Icon=cs-general
/usr/share/applications/cinnamon-settings-general.desktop:Exec=cinnamon-settings general
/usr/share/applications/cinnamon-settings-general.desktop:Name=General
/usr/share/applications/cinnamon-settings-general.desktop:Comment=Miscellaneous Cinnamon preferences
/usr/share/applications/cinnamon-settings-hotcorner.desktop:Icon=cs-overview
/usr/share/applications/cinnamon-settings-hotcorner.desktop:Exec=cinnamon-settings hotcorner
/usr/share/applications/cinnamon-settings-hotcorner.desktop:Name=Hot Corners
/usr/share/applications/cinnamon-settings-hotcorner.desktop:Comment=Manage hotcorner settings
/usr/share/applications/cinnamon-settings-info.desktop:Icon=cs-details
/usr/share/applications/cinnamon-settings-info.desktop:Exec=cinnamon-settings info
/usr/share/applications/cinnamon-settings-info.desktop:Name=System Info
/usr/share/applications/cinnamon-settings-info.desktop:Comment=Display system information
/usr/share/applications/cinnamon-settings-keyboard.desktop:Icon=cs-keyboard
/usr/share/applications/cinnamon-settings-keyboard.desktop:Exec=cinnamon-settings keyboard
/usr/share/applications/cinnamon-settings-keyboard.desktop:Name=Keyboard
/usr/share/applications/cinnamon-settings-keyboard.desktop:Comment=Manage keyboard settings and shortcuts
/usr/share/applications/cinnamon-settings-mouse.desktop:Icon=cs-mouse
/usr/share/applications/cinnamon-settings-mouse.desktop:Exec=cinnamon-settings mouse
/usr/share/applications/cinnamon-settings-mouse.desktop:Name=Mouse and Touchpad
/usr/share/applications/cinnamon-settings-mouse.desktop:Comment=Control mouse and touchpad settings
/usr/share/applications/cinnamon-settings-notifications.desktop:Icon=cs-notifications
/usr/share/applications/cinnamon-settings-notifications.desktop:Exec=cinnamon-settings notifications
/usr/share/applications/cinnamon-settings-notifications.desktop:Name=Notifications
/usr/share/applications/cinnamon-settings-notifications.desktop:Comment=Notification preferences
/usr/share/applications/cinnamon-settings-panel.desktop:Icon=cs-panel
/usr/share/applications/cinnamon-settings-panel.desktop:Exec=cinnamon-settings panel
/usr/share/applications/cinnamon-settings-panel.desktop:Name=Panel
/usr/share/applications/cinnamon-settings-panel.desktop:Comment=Manage Cinnamon panel settings
/usr/share/applications/cinnamon-settings-power.desktop:Icon=cs-power
/usr/share/applications/cinnamon-settings-power.desktop:Exec=cinnamon-settings power
/usr/share/applications/cinnamon-settings-power.desktop:Name=Power Management
/usr/share/applications/cinnamon-settings-power.desktop:Comment=Manage power settings
/usr/share/applications/cinnamon-settings-privacy.desktop:Icon=cs-privacy
/usr/share/applications/cinnamon-settings-privacy.desktop:Exec=cinnamon-settings privacy
/usr/share/applications/cinnamon-settings-privacy.desktop:Name=Privacy
/usr/share/applications/cinnamon-settings-privacy.desktop:Comment=Cinnamon privacy settings
/usr/share/applications/cinnamon-settings-screensaver.desktop:Icon=cs-screensaver
/usr/share/applications/cinnamon-settings-screensaver.desktop:Exec=cinnamon-settings screensaver
/usr/share/applications/cinnamon-settings-screensaver.desktop:Name=Screensaver
/usr/share/applications/cinnamon-settings-screensaver.desktop:Comment=Manage screen lock settings
/usr/share/applications/cinnamon-settings-sound.desktop:Icon=cs-sound
/usr/share/applications/cinnamon-settings-sound.desktop:Exec=cinnamon-settings sound
/usr/share/applications/cinnamon-settings-sound.desktop:Name=Sound
/usr/share/applications/cinnamon-settings-sound.desktop:Comment=Manage sound settings
/usr/share/applications/cinnamon-settings-startup.desktop:Icon=cs-startup-programs
/usr/share/applications/cinnamon-settings-startup.desktop:Exec=cinnamon-settings startup
/usr/share/applications/cinnamon-settings-startup.desktop:Name=Startup Applications
/usr/share/applications/cinnamon-settings-startup.desktop:Comment=Manage your startup applications
/usr/share/applications/cinnamon-settings-themes.desktop:Icon=cs-themes
/usr/share/applications/cinnamon-settings-themes.desktop:Exec=cinnamon-settings themes
/usr/share/applications/cinnamon-settings-themes.desktop:Name=Themes
/usr/share/applications/cinnamon-settings-themes.desktop:Comment=Manage themes to change how your desktop looks
/usr/share/applications/cinnamon-settings-tiling.desktop:Icon=cs-tiling
/usr/share/applications/cinnamon-settings-tiling.desktop:Exec=cinnamon-settings tiling
/usr/share/applications/cinnamon-settings-tiling.desktop:Name=Window Tiling
/usr/share/applications/cinnamon-settings-tiling.desktop:Comment=Manage window tiling preferences
/usr/share/applications/cinnamon-settings-universal-access.desktop:Icon=cs-universal-access
/usr/share/applications/cinnamon-settings-universal-access.desktop:Exec=cinnamon-settings universal-access
/usr/share/applications/cinnamon-settings-universal-access.desktop:Name=Accessibility
/usr/share/applications/cinnamon-settings-universal-access.desktop:Comment=Configure accessibility features
/usr/share/applications/cinnamon-settings-user.desktop:Icon=cs-user
/usr/share/applications/cinnamon-settings-user.desktop:Exec=cinnamon-settings user
/usr/share/applications/cinnamon-settings-user.desktop:Name=Account details
/usr/share/applications/cinnamon-settings-user.desktop:Comment=Change your user preferences and password
/usr/share/applications/cinnamon-settings-users.desktop:Exec=cinnamon-settings-users
/usr/share/applications/cinnamon-settings-users.desktop:Icon=system-users
/usr/share/applications/cinnamon-settings-users.desktop:Name=Users and Groups
/usr/share/applications/cinnamon-settings-users.desktop:Comment=Add or remove users and groups
/usr/share/applications/cinnamon-settings-windows.desktop:Icon=cs-windows
/usr/share/applications/cinnamon-settings-windows.desktop:Exec=cinnamon-settings windows
/usr/share/applications/cinnamon-settings-windows.desktop:Name=Windows
/usr/share/applications/cinnamon-settings-windows.desktop:Comment=Manage window preferences
/usr/share/applications/cinnamon-settings-workspaces.desktop:Icon=cs-workspaces
/usr/share/applications/cinnamon-settings-workspaces.desktop:Exec=cinnamon-settings workspaces
/usr/share/applications/cinnamon-settings-workspaces.desktop:Name=Workspaces
/usr/share/applications/cinnamon-settings-workspaces.desktop:Comment=Manage workspace preferences
/usr/share/applications/cinnamon-wacom-panel.desktop:Exec=cinnamon-settings wacom
/usr/share/applications/cinnamon-wacom-panel.desktop:Icon=cs-tablet
/usr/share/applications/cinnamon-wacom-panel.desktop:Name=Graphics Tablet
/usr/share/applications/cinnamon-wacom-panel.desktop:Comment=Set button mappings and adjust stylus sensitivity for graphics tablets
/usr/share/applications/com.gexperts.Terminix.desktop:Name=Terminix
/usr/share/applications/com.gexperts.Terminix.desktop:Comment=A tiling terminal for Gnome
/usr/share/applications/com.gexperts.Terminix.desktop:Exec=terminix
/usr/share/applications/com.gexperts.Terminix.desktop:Icon=com.gexperts.Terminix
/usr/share/applications/com.gexperts.Terminix.desktop:Name=New Window
/usr/share/applications/com.gexperts.Terminix.desktop:Exec=terminix --action=app-new-window
/usr/share/applications/com.gexperts.Terminix.desktop:Name=New Session
/usr/share/applications/com.gexperts.Terminix.desktop:Exec=terminix --action=app-new-session
/usr/share/applications/compton.desktop:Name=compton
/usr/share/applications/compton.desktop:GenericName=X compositor
/usr/share/applications/compton.desktop:Comment=A X compositor
/usr/share/applications/compton.desktop:Exec=compton
/usr/share/applications/compton.desktop:Icon=compton
/usr/share/applications/debian-uxterm.desktop:Name=UXTerm
/usr/share/applications/debian-uxterm.desktop:Comment=standard terminal emulator for the X window system
/usr/share/applications/debian-uxterm.desktop:Exec=uxterm
/usr/share/applications/debian-uxterm.desktop:Icon=xterm-color
/usr/share/applications/debian-xterm.desktop:Name=XTerm
/usr/share/applications/debian-xterm.desktop:Comment=standard terminal emulator for the X window system
/usr/share/applications/debian-xterm.desktop:Exec=xterm
/usr/share/applications/debian-xterm.desktop:Icon=xterm-color
/usr/share/applications/display-im6.q16.desktop:Name=ImageMagick (color depth=q16)
/usr/share/applications/display-im6.q16.desktop:Comment=Display and edit image files
/usr/share/applications/display-im6.q16.desktop:Exec=/usr/bin/display-im6.q16 %f
/usr/share/applications/display-im6.q16.desktop:Icon=display-im6.q16
/usr/share/applications/empathy.desktop:Name=Empathy
/usr/share/applications/empathy.desktop:GenericName=IM Client
/usr/share/applications/empathy.desktop:Comment=Chat on Google Talk, Facebook, MSN and many other chat services
/usr/share/applications/empathy.desktop:Exec=empathy
/usr/share/applications/empathy.desktop:Icon=empathy
/usr/share/applications/engrampa.desktop:Name=Engrampa Archive Manager
/usr/share/applications/engrampa.desktop:GenericName=Archive Manager
/usr/share/applications/engrampa.desktop:Comment=Create and modify an archive
/usr/share/applications/engrampa.desktop:Exec=engrampa %U
/usr/share/applications/engrampa.desktop:Icon=engrampa
/usr/share/applications/eog.desktop:Name=Image Viewer
/usr/share/applications/eog.desktop:Comment=Browse and rotate images
/usr/share/applications/eog.desktop:Exec=eog %U
/usr/share/applications/eog.desktop:Icon=eog
/usr/share/applications/eom.desktop:Name=Eye of MATE Image Viewer
/usr/share/applications/eom.desktop:Comment=Browse and rotate images
/usr/share/applications/eom.desktop:Exec=eom %U
/usr/share/applications/eom.desktop:Icon=eom
/usr/share/applications/evince.desktop:Name=Document Viewer
/usr/share/applications/evince.desktop:Comment=View multi-page documents
/usr/share/applications/evince.desktop:Exec=evince %U
/usr/share/applications/evince.desktop:Icon=evince
/usr/share/applications/evince-previewer.desktop:Name=Print Preview
/usr/share/applications/evince-previewer.desktop:Comment=Preview before printing
/usr/share/applications/evince-previewer.desktop:Exec=evince-previewer %U
/usr/share/applications/evince-previewer.desktop:Icon=document-print-preview
/usr/share/applications/exfalso.desktop:Name=Ex Falso
/usr/share/applications/exfalso.desktop:GenericName=Audio tag editor
/usr/share/applications/exfalso.desktop:Comment=Edit tags in your audio files
/usr/share/applications/exfalso.desktop:Exec=exfalso
/usr/share/applications/exfalso.desktop:Icon=exfalso
/usr/share/applications/exo-file-manager.desktop:Exec=exo-open --launch FileManager %u
/usr/share/applications/exo-file-manager.desktop:Icon=system-file-manager
/usr/share/applications/exo-file-manager.desktop:Name=File Manager
/usr/share/applications/exo-file-manager.desktop:Comment=Browse the file system
/usr/share/applications/exo-mail-reader.desktop:Exec=exo-open --launch MailReader %u
/usr/share/applications/exo-mail-reader.desktop:Icon=internet-mail
/usr/share/applications/exo-mail-reader.desktop:Name=Mail Reader
/usr/share/applications/exo-mail-reader.desktop:Comment=Read your email
/usr/share/applications/exo-preferred-applications.desktop:Exec=exo-preferred-applications
/usr/share/applications/exo-preferred-applications.desktop:Icon=preferences-desktop-default-applications
/usr/share/applications/exo-preferred-applications.desktop:Name=Preferred Applications
/usr/share/applications/exo-preferred-applications.desktop:Comment=Preferred Applications (Web Browser, Mail Reader and Terminal Emulator)
/usr/share/applications/exo-terminal-emulator.desktop:Exec=exo-open --launch TerminalEmulator
/usr/share/applications/exo-terminal-emulator.desktop:Icon=utilities-terminal
/usr/share/applications/exo-terminal-emulator.desktop:Name=Terminal Emulator
/usr/share/applications/exo-terminal-emulator.desktop:Comment=Use the command line
/usr/share/applications/exo-web-browser.desktop:Exec=exo-open --launch WebBrowser %u
/usr/share/applications/exo-web-browser.desktop:Icon=web-browser
/usr/share/applications/exo-web-browser.desktop:Name=Web Browser
/usr/share/applications/exo-web-browser.desktop:Comment=Browse the web
/usr/share/applications/firefox-esr.desktop:Name=Firefox ESR
/usr/share/applications/firefox-esr.desktop:Comment=Browse the World Wide Web
/usr/share/applications/firefox-esr.desktop:GenericName=Web Browser
/usr/share/applications/firefox-esr.desktop:Exec=firefox-esr %u
/usr/share/applications/firefox-esr.desktop:Icon=firefox-esr
/usr/share/applications/five-or-more.desktop:Name=Five or More
/usr/share/applications/five-or-more.desktop:Comment=Remove colored balls from the board by forming lines
/usr/share/applications/five-or-more.desktop:Exec=five-or-more
/usr/share/applications/five-or-more.desktop:Icon=five-or-more
/usr/share/applications/flash-player-properties.desktop:Name=Adobe Flash Player
/usr/share/applications/flash-player-properties.desktop:Comment=Preferences for Adobe Flash Player
/usr/share/applications/flash-player-properties.desktop:Exec=flash-player-properties
/usr/share/applications/flash-player-properties.desktop:Icon=flash-player-properties
/usr/share/applications/four-in-a-row.desktop:Icon=four-in-a-row
/usr/share/applications/four-in-a-row.desktop:Name=Four-in-a-row
/usr/share/applications/four-in-a-row.desktop:Comment=Make lines of the same color to win
/usr/share/applications/four-in-a-row.desktop:Exec=four-in-a-row
/usr/share/applications/galculator.desktop:Name=Galculator
/usr/share/applications/galculator.desktop:Comment=Perform simple and scientific calculations
/usr/share/applications/galculator.desktop:Exec=galculator
/usr/share/applications/galculator.desktop:Icon=galculator
/usr/share/applications/gcr-prompter.desktop:Name=Access Prompt
/usr/share/applications/gcr-prompter.desktop:Comment=Unlock access to passwords and other secrets
/usr/share/applications/gcr-prompter.desktop:Icon=security-medium
/usr/share/applications/gcr-prompter.desktop:Exec=/usr/lib/gcr/gcr-prompter
/usr/share/applications/gcr-viewer.desktop:Name=View file
/usr/share/applications/gcr-viewer.desktop:Exec=/usr/bin/gcr-viewer
/usr/share/applications/gdebi.desktop:Name=GDebi Package Installer
/usr/share/applications/gdebi.desktop:GenericName=Package Installer
/usr/share/applications/gdebi.desktop:Comment=Install and view software packages
/usr/share/applications/gdebi.desktop:Exec=gdebi-gtk %f
/usr/share/applications/gdebi.desktop:Icon=gnome-mime-application-x-deb
/usr/share/applications/geany.desktop:Name=Geany
/usr/share/applications/geany.desktop:GenericName=Integrated Development Environment
/usr/share/applications/geany.desktop:Comment=A fast and lightweight IDE using GTK+
/usr/share/applications/geany.desktop:Exec=geany %F
/usr/share/applications/geany.desktop:Icon=geany
/usr/share/applications/geoclue-where-am-i.desktop:Name=Where am I?
/usr/share/applications/geoclue-where-am-i.desktop:GenericName=Demo geolocation application
/usr/share/applications/geoclue-where-am-i.desktop:Comment=Find your current location
/usr/share/applications/geoclue-where-am-i.desktop:Exec=/usr/lib/geoclue-2.0/demos/where-am-i
/usr/share/applications/geoclue-where-am-i.desktop:Icon=mark-location-symbolic
/usr/share/applications/gimp.desktop:Name=GNU Image Manipulation Program
/usr/share/applications/gimp.desktop:GenericName=Image Editor
/usr/share/applications/gimp.desktop:Comment=Create images and edit photographs
/usr/share/applications/gimp.desktop:Exec=gimp-2.8 %U
/usr/share/applications/gimp.desktop:Icon=gimp
/usr/share/applications/gkbd-keyboard-display.desktop:Name=Keyboard Layout
/usr/share/applications/gkbd-keyboard-display.desktop:Comment=Preview keyboard layouts
/usr/share/applications/gkbd-keyboard-display.desktop:Icon=preferences-desktop-keyboard
/usr/share/applications/gkbd-keyboard-display.desktop:Exec=gkbd-keyboard-display
/usr/share/applications/gksu.desktop:Name=Root Terminal
/usr/share/applications/gksu.desktop:Comment=Opens a terminal as the root user, using gksu to ask for the password
/usr/share/applications/gksu.desktop:Exec=gksu -g /usr/bin/x-terminal-emulator
/usr/share/applications/gksu.desktop:Icon=gksu-root-terminal
/usr/share/applications/globaltime.desktop:Name=Orage Globaltime
/usr/share/applications/globaltime.desktop:Comment=Show clocks from different countries
/usr/share/applications/globaltime.desktop:Exec=globaltime
/usr/share/applications/globaltime.desktop:Icon=orage_globaltime
/usr/share/applications/globaltime.desktop:GenericName=Globaltime
/usr/share/applications/gnome-background-panel.desktop:Name=Back­ground
/usr/share/applications/gnome-background-panel.desktop:Comment=Change your background image to a wallpaper or photo
/usr/share/applications/gnome-background-panel.desktop:Exec=gnome-control-center background
/usr/share/applications/gnome-background-panel.desktop:Icon=preferences-desktop-wallpaper
/usr/share/applications/gnome-bluetooth-panel.desktop:Name=Blue­tooth
/usr/share/applications/gnome-bluetooth-panel.desktop:Comment=Turn Bluetooth on and off and connect your devices
/usr/share/applications/gnome-bluetooth-panel.desktop:Icon=bluetooth
/usr/share/applications/gnome-bluetooth-panel.desktop:Exec=gnome-control-center bluetooth
/usr/share/applications/gnome-chess.desktop:Name=Chess
/usr/share/applications/gnome-chess.desktop:GenericName=Chess Game
/usr/share/applications/gnome-chess.desktop:Comment=Play the classic two-player board game of chess
/usr/share/applications/gnome-chess.desktop:Exec=gnome-chess
/usr/share/applications/gnome-chess.desktop:Icon=gnome-chess
/usr/share/applications/gnome-color-panel.desktop:Name=Co­lor
/usr/share/applications/gnome-color-panel.desktop:Comment=Calibrate the color of your devices, such as displays, cameras or printers
/usr/share/applications/gnome-color-panel.desktop:Exec=gnome-control-center color
/usr/share/applications/gnome-color-panel.desktop:Icon=preferences-color
/usr/share/applications/gnome-control-center.desktop:Name=Settings
/usr/share/applications/gnome-control-center.desktop:Icon=preferences-system
/usr/share/applications/gnome-control-center.desktop:Exec=gnome-control-center --overview
/usr/share/applications/gnome-datetime-panel.desktop:Name=Date & Time
/usr/share/applications/gnome-datetime-panel.desktop:Comment=Change the date and time, including time zone
/usr/share/applications/gnome-datetime-panel.desktop:Exec=gnome-control-center datetime
/usr/share/applications/gnome-datetime-panel.desktop:Icon=preferences-system-time
/usr/share/applications/gnome-display-panel.desktop:Name=Dis­plays
/usr/share/applications/gnome-display-panel.desktop:Comment=Choose how to use connected monitors and projectors
/usr/share/applications/gnome-display-panel.desktop:Exec=gnome-control-center display
/usr/share/applications/gnome-display-panel.desktop:Icon=preferences-desktop-display
/usr/share/applications/gnome-info-panel.desktop:Name=De­tails
/usr/share/applications/gnome-info-panel.desktop:Comment=View information about your system
/usr/share/applications/gnome-info-panel.desktop:Exec=gnome-control-center info
/usr/share/applications/gnome-info-panel.desktop:Icon=applications-system
/usr/share/applications/gnome-keyboard-panel.desktop:Name=Key­board
/usr/share/applications/gnome-keyboard-panel.desktop:Comment=View and change keyboard shortcuts and set your typing preferences
/usr/share/applications/gnome-keyboard-panel.desktop:Exec=gnome-control-center keyboard
/usr/share/applications/gnome-keyboard-panel.desktop:Icon=input-keyboard
/usr/share/applications/gnome-klotski.desktop:Name=Klotski
/usr/share/applications/gnome-klotski.desktop:Comment=Slide blocks to solve the puzzle
/usr/share/applications/gnome-klotski.desktop:Exec=gnome-klotski
/usr/share/applications/gnome-klotski.desktop:Icon=gnome-klotski
/usr/share/applications/gnome-mahjongg.desktop:Name=Mahjongg
/usr/share/applications/gnome-mahjongg.desktop:Comment=Disassemble a pile of tiles by removing matching pairs
/usr/share/applications/gnome-mahjongg.desktop:Exec=gnome-mahjongg
/usr/share/applications/gnome-mahjongg.desktop:Icon=gnome-mahjongg
/usr/share/applications/gnome-mines.desktop:Name=Mines
/usr/share/applications/gnome-mines.desktop:Comment=Clear hidden mines from a minefield
/usr/share/applications/gnome-mines.desktop:Exec=gnome-mines
/usr/share/applications/gnome-mines.desktop:Icon=gnome-mines
/usr/share/applications/gnome-mines.desktop:Name=Small board
/usr/share/applications/gnome-mines.desktop:Exec=gnome-mines --small
/usr/share/applications/gnome-mines.desktop:Name=Medium board
/usr/share/applications/gnome-mines.desktop:Exec=gnome-mines --medium
/usr/share/applications/gnome-mines.desktop:Name=Big board
/usr/share/applications/gnome-mines.desktop:Exec=gnome-mines --big
/usr/share/applications/gnome-mouse-panel.desktop:Name=Mouse & Touchpad
/usr/share/applications/gnome-mouse-panel.desktop:Comment=Change your mouse or touchpad sensitivity and select right or left-handed
/usr/share/applications/gnome-mouse-panel.desktop:Exec=gnome-control-center mouse
/usr/share/applications/gnome-mouse-panel.desktop:Icon=input-mouse
/usr/share/applications/gnome-network-panel.desktop:Name=Net­work
/usr/share/applications/gnome-network-panel.desktop:Comment=Control how you connect to the Internet
/usr/share/applications/gnome-network-panel.desktop:Exec=gnome-control-center network
/usr/share/applications/gnome-network-panel.desktop:Icon=network-workgroup
/usr/share/applications/gnome-notifications-panel.desktop:Name=No­ti­fi­ca­tions
/usr/share/applications/gnome-notifications-panel.desktop:Comment=Control which notifications are displayed and what they show
/usr/share/applications/gnome-notifications-panel.desktop:Exec=gnome-control-center notifications
/usr/share/applications/gnome-notifications-panel.desktop:Icon=preferences-system-notifications
/usr/share/applications/gnome-online-accounts-panel.desktop:Name=On­line Accounts
/usr/share/applications/gnome-online-accounts-panel.desktop:Comment=Connect to your online accounts and decide what to use them for
/usr/share/applications/gnome-online-accounts-panel.desktop:Exec=gnome-control-center online-accounts
/usr/share/applications/gnome-online-accounts-panel.desktop:Icon=goa-panel
/usr/share/applications/gnome-power-panel.desktop:Name=Po­wer
/usr/share/applications/gnome-power-panel.desktop:Comment=View your battery status and change power saving settings
/usr/share/applications/gnome-power-panel.desktop:Exec=gnome-control-center power
/usr/share/applications/gnome-power-panel.desktop:Icon=gnome-power-manager
/usr/share/applications/gnome-printers-panel.desktop:Name=Prin­ters
/usr/share/applications/gnome-printers-panel.desktop:Comment=Add printers, view printer jobs and decide how you want to print
/usr/share/applications/gnome-printers-panel.desktop:Exec=gnome-control-center printers
/usr/share/applications/gnome-printers-panel.desktop:Icon=printer
/usr/share/applications/gnome-privacy-panel.desktop:Name=Pri­va­cy
/usr/share/applications/gnome-privacy-panel.desktop:Comment=Protect your personal information and control what others might see
/usr/share/applications/gnome-privacy-panel.desktop:Exec=gnome-control-center privacy
/usr/share/applications/gnome-privacy-panel.desktop:Icon=preferences-system-privacy
/usr/share/applications/gnome-region-panel.desktop:Name=Re­gion & Lan­guage
/usr/share/applications/gnome-region-panel.desktop:Comment=Select your display language, formats, keyboard layouts and input sources
/usr/share/applications/gnome-region-panel.desktop:Exec=gnome-control-center region
/usr/share/applications/gnome-region-panel.desktop:Icon=preferences-desktop-locale
/usr/share/applications/gnome-robots.desktop:Name=Robots
/usr/share/applications/gnome-robots.desktop:Comment=Avoid the robots and make them crash into each other
/usr/share/applications/gnome-robots.desktop:Exec=gnome-robots
/usr/share/applications/gnome-robots.desktop:Icon=gnome-robots
/usr/share/applications/gnome-search-panel.desktop:Name=Search
/usr/share/applications/gnome-search-panel.desktop:Comment=Control which applications show search results in the Activities Overview
/usr/share/applications/gnome-search-panel.desktop:Exec=gnome-control-center search
/usr/share/applications/gnome-search-panel.desktop:Icon=preferences-system-search
/usr/share/applications/gnome-sharing-panel.desktop:Name=Sha­ring
/usr/share/applications/gnome-sharing-panel.desktop:Comment=Control what you want to share with others
/usr/share/applications/gnome-sharing-panel.desktop:Exec=gnome-control-center sharing
/usr/share/applications/gnome-sharing-panel.desktop:Icon=preferences-system-sharing
/usr/share/applications/gnome-sound-panel.desktop:Name=Sound
/usr/share/applications/gnome-sound-panel.desktop:Comment=Change sound levels, inputs, outputs, and alert sounds
/usr/share/applications/gnome-sound-panel.desktop:Exec=gnome-control-center sound
/usr/share/applications/gnome-sound-panel.desktop:Icon=multimedia-volume-control
/usr/share/applications/gnome-sudoku.desktop:Name=Sudoku
/usr/share/applications/gnome-sudoku.desktop:Comment=Test your logic skills in this number grid puzzle
/usr/share/applications/gnome-sudoku.desktop:Exec=gnome-sudoku
/usr/share/applications/gnome-sudoku.desktop:Icon=gnome-sudoku
/usr/share/applications/gnome-system-monitor.desktop:Name=System Monitor
/usr/share/applications/gnome-system-monitor.desktop:Comment=View current processes and monitor system state
/usr/share/applications/gnome-system-monitor.desktop:Exec=gnome-system-monitor
/usr/share/applications/gnome-system-monitor.desktop:Icon=utilities-system-monitor
/usr/share/applications/gnome-system-monitor-kde.desktop:Name=GNOME System Monitor
/usr/share/applications/gnome-system-monitor-kde.desktop:Comment=View current processes and monitor system state
/usr/share/applications/gnome-system-monitor-kde.desktop:Exec=gnome-system-monitor
/usr/share/applications/gnome-system-monitor-kde.desktop:Icon=utilities-system-monitor
/usr/share/applications/gnome-tetravex.desktop:Name=Tetravex
/usr/share/applications/gnome-tetravex.desktop:Comment=Complete the puzzle by matching numbered tiles
/usr/share/applications/gnome-tetravex.desktop:Exec=gnome-tetravex
/usr/share/applications/gnome-tetravex.desktop:Icon=gnome-tetravex
/usr/share/applications/gnome-universal-access-panel.desktop:Name=Uni­ver­sal Access
/usr/share/applications/gnome-universal-access-panel.desktop:Comment=Make it easier to see, hear, type, point and click
/usr/share/applications/gnome-universal-access-panel.desktop:Exec=gnome-control-center universal-access
/usr/share/applications/gnome-universal-access-panel.desktop:Icon=preferences-desktop-accessibility
/usr/share/applications/gnome-user-accounts-panel.desktop:Name=Users
/usr/share/applications/gnome-user-accounts-panel.desktop:Comment=Add or remove users and change your password
/usr/share/applications/gnome-user-accounts-panel.desktop:Exec=gnome-control-center user-accounts
/usr/share/applications/gnome-user-accounts-panel.desktop:Icon=system-users
/usr/share/applications/gnome-user-share-webdav.desktop:Name=Personal File Sharing
/usr/share/applications/gnome-user-share-webdav.desktop:Comment=Launch Personal File Sharing if enabled
/usr/share/applications/gnome-user-share-webdav.desktop:Icon=folder-remote
/usr/share/applications/gnome-user-share-webdav.desktop:Exec=/usr/lib/gnome-user-share/gnome-user-share-webdav
/usr/share/applications/gnome-wacom-panel.desktop:Name=Wa­com Tab­let
/usr/share/applications/gnome-wacom-panel.desktop:Comment=Set button mappings and adjust stylus sensitivity for graphics tablets
/usr/share/applications/gnome-wacom-panel.desktop:Exec=gnome-control-center wacom
/usr/share/applications/gnome-wacom-panel.desktop:Icon=input-tablet
/usr/share/applications/gnote.desktop:Name=Gnote
/usr/share/applications/gnote.desktop:Comment=Take notes, link ideas, and stay organized
/usr/share/applications/gnote.desktop:GenericName=Note-taker
/usr/share/applications/gnote.desktop:Exec=gnote %u
/usr/share/applications/gnote.desktop:Icon=gnote
/usr/share/applications/google-chrome.desktop:Name=Google Chrome
/usr/share/applications/google-chrome.desktop:GenericName=Web Browser
/usr/share/applications/google-chrome.desktop:Comment=Access the Internet
/usr/share/applications/google-chrome.desktop:Exec=/usr/bin/google-chrome-stable %U
/usr/share/applications/google-chrome.desktop:Icon=google-chrome
/usr/share/applications/google-chrome.desktop:Name=New Window
/usr/share/applications/google-chrome.desktop:Exec=/usr/bin/google-chrome-stable
/usr/share/applications/google-chrome.desktop:Name=New Incognito Window
/usr/share/applications/google-chrome.desktop:Exec=/usr/bin/google-chrome-stable --incognito
/usr/share/applications/gtest.desktop:Name=Brasero
/usr/share/applications/gtest.desktop:Icon=brasero
/usr/share/applications/gtkhash.desktop:Name=GtkHash
/usr/share/applications/gtkhash.desktop:Comment=Compute message digests and checksums
/usr/share/applications/gtkhash.desktop:Exec=gtkhash
/usr/share/applications/gtkhash.desktop:Icon=gtkhash
/usr/share/applications/gvim.desktop:Name=GVim
/usr/share/applications/gvim.desktop:GenericName=Text Editor
/usr/share/applications/gvim.desktop:Comment=Edit text files
/usr/share/applications/gvim.desktop:Exec=gvim -f %F
/usr/share/applications/gvim.desktop:Icon=gvim
/usr/share/applications/hamster-time-tracker.desktop:Name=Time Tracker
/usr/share/applications/hamster-time-tracker.desktop:Comment=Project Hamster - track your time
/usr/share/applications/hamster-time-tracker.desktop:Icon=hamster-applet
/usr/share/applications/hamster-time-tracker.desktop:Exec=/usr/bin/hamster-time-tracker
/usr/share/applications/hamster-time-tracker-overview.desktop:Name=Time Tracking Overview
/usr/share/applications/hamster-time-tracker-overview.desktop:Comment=The overview window of hamster time tracker
/usr/share/applications/hamster-time-tracker-overview.desktop:Icon=hamster-applet
/usr/share/applications/hamster-time-tracker-overview.desktop:Exec=/usr/bin/hamster-time-tracker overview
/usr/share/applications/hamster-windows-service.desktop:Name=Time Tracker
/usr/share/applications/hamster-windows-service.desktop:Comment=Project Hamster - track your time
/usr/share/applications/hamster-windows-service.desktop:Icon=hamster-applet
/usr/share/applications/hamster-windows-service.desktop:Exec=/usr/bin/hamster-time-tracker overview
/usr/share/applications/hardinfo.desktop:Name=System Profiler and Benchmark
/usr/share/applications/hardinfo.desktop:Exec=hardinfo
/usr/share/applications/hardinfo.desktop:Icon=/usr/share/hardinfo/pixmaps/logo.png
/usr/share/applications/hexchat.desktop:Name=HexChat
/usr/share/applications/hexchat.desktop:GenericName=IRC Client
/usr/share/applications/hexchat.desktop:Comment=Chat with other people online
/usr/share/applications/hexchat.desktop:Exec=hexchat %U
/usr/share/applications/hexchat.desktop:Icon=hexchat
/usr/share/applications/hexchat.desktop:Name=Open Safe Mode
/usr/share/applications/hexchat.desktop:Exec=hexchat --no-auto --no-plugins
/usr/share/applications/hplj1020.desktop:Name=Reactivate HP LaserJet 1018/1020 after reloading paper
/usr/share/applications/hplj1020.desktop:Comment=Click the button in this program when your printer ran out of paper and you have refilled the paper
/usr/share/applications/hplj1020.desktop:Exec=/usr/share/foo2zjs/hplj10xx_gui.tcl
/usr/share/applications/hplj1020.desktop:Icon=/usr/share/pixmaps/hplj1020_icon.png
/usr/share/applications/htop.desktop:Name=Htop
/usr/share/applications/htop.desktop:Comment=Show System Processes
/usr/share/applications/htop.desktop:Exec=htop
/usr/share/applications/htop.desktop:Icon=htop
/usr/share/applications/htop.desktop:GenericName=Process Viewer
/usr/share/applications/iagno.desktop:Icon=iagno
/usr/share/applications/iagno.desktop:Name=Iagno
/usr/share/applications/iagno.desktop:GenericName=Reversi
/usr/share/applications/iagno.desktop:Comment=Dominate the board in a classic version of Reversi
/usr/share/applications/iagno.desktop:Exec=iagno
/usr/share/applications/iagno.desktop:Name=Play first (Dark)
/usr/share/applications/iagno.desktop:Exec=iagno --first
/usr/share/applications/iagno.desktop:Name=Play second (Light)
/usr/share/applications/iagno.desktop:Exec=iagno --second
/usr/share/applications/iagno.desktop:Name=Two players game
/usr/share/applications/iagno.desktop:Exec=iagno --two-players
/usr/share/applications/icedove.desktop:Name=Icedove
/usr/share/applications/icedove.desktop:Comment=Read/Write Mail/News with Icedove
/usr/share/applications/icedove.desktop:GenericName=Mail Client
/usr/share/applications/icedove.desktop:Exec=icedove %u
/usr/share/applications/icedove.desktop:Icon=icedove
/usr/share/applications/icedtea-netx-javaws.desktop:Name=IcedTea Java Web Start
/usr/share/applications/icedtea-netx-javaws.desktop:Comment=IcedTea Java Web Start
/usr/share/applications/icedtea-netx-javaws.desktop:Exec=/usr/bin/javaws %u
/usr/share/applications/icedtea-netx-javaws.desktop:Icon=javaws
/usr/share/applications/iceweasel.desktop:Name=Iceweasel→Firefox ESR
/usr/share/applications/iceweasel.desktop:Comment=Browse the World Wide Web
/usr/share/applications/iceweasel.desktop:GenericName=Web Browser
/usr/share/applications/iceweasel.desktop:Exec=firefox-esr %u
/usr/share/applications/iceweasel.desktop:Icon=firefox-esr
/usr/share/applications/inkscape.desktop:Name=Inkscape
/usr/share/applications/inkscape.desktop:GenericName=Vector Graphics Editor
/usr/share/applications/inkscape.desktop:Comment=Create and edit Scalable Vector Graphics images
/usr/share/applications/inkscape.desktop:Exec=inkscape %F
/usr/share/applications/inkscape.desktop:Icon=inkscape
/usr/share/applications/inkscape.desktop:Name=New Drawing
/usr/share/applications/inkscape.desktop:Exec=inkscape
/usr/share/applications/itweb-settings.desktop:Name=IcedTea Web Control Panel
/usr/share/applications/itweb-settings.desktop:Comment=Configure IcedTea Web (javaws and plugin)
/usr/share/applications/itweb-settings.desktop:Exec=/usr/bin/itweb-settings
/usr/share/applications/itweb-settings.desktop:Icon=javaws
/usr/share/applications/libreoffice-base.desktop:Icon=libreoffice-base
/usr/share/applications/libreoffice-base.desktop:Exec=libreoffice --base %U
/usr/share/applications/libreoffice-base.desktop:Name=LibreOffice Base
/usr/share/applications/libreoffice-base.desktop:GenericName=Database Development
/usr/share/applications/libreoffice-base.desktop:Comment=Manage databases, create queries and reports to track and manage your information by using Base.
/usr/share/applications/libreoffice-base.desktop:Name=New Database
/usr/share/applications/libreoffice-base.desktop:Exec=libreoffice --base
/usr/share/applications/libreoffice-calc.desktop:Icon=libreoffice-calc
/usr/share/applications/libreoffice-calc.desktop:Exec=libreoffice --calc %U
/usr/share/applications/libreoffice-calc.desktop:Name=LibreOffice Calc
/usr/share/applications/libreoffice-calc.desktop:GenericName=Spreadsheet
/usr/share/applications/libreoffice-calc.desktop:Comment=Perform calculations, analyze information and manage lists in spreadsheets by using Calc.
/usr/share/applications/libreoffice-calc.desktop:Name=New Spreadsheet
/usr/share/applications/libreoffice-calc.desktop:Exec=libreoffice --calc
/usr/share/applications/libreoffice-draw.desktop:Icon=libreoffice-draw
/usr/share/applications/libreoffice-draw.desktop:Exec=libreoffice --draw %U
/usr/share/applications/libreoffice-draw.desktop:Name=LibreOffice Draw
/usr/share/applications/libreoffice-draw.desktop:GenericName=Drawing Program
/usr/share/applications/libreoffice-draw.desktop:Comment=Create and edit drawings, flow charts and logos by using Draw.
/usr/share/applications/libreoffice-draw.desktop:Name=New Drawing
/usr/share/applications/libreoffice-draw.desktop:Exec=libreoffice --draw
/usr/share/applications/libreoffice-impress.desktop:Icon=libreoffice-impress
/usr/share/applications/libreoffice-impress.desktop:Exec=libreoffice --impress %U
/usr/share/applications/libreoffice-impress.desktop:Name=LibreOffice Impress
/usr/share/applications/libreoffice-impress.desktop:GenericName=Presentation
/usr/share/applications/libreoffice-impress.desktop:Comment=Create and edit presentations for slideshows, meeting and Web pages by using Impress.
/usr/share/applications/libreoffice-impress.desktop:Name=New Presentation
/usr/share/applications/libreoffice-impress.desktop:Exec=libreoffice --impress
/usr/share/applications/libreoffice-math.desktop:Icon=libreoffice-math
/usr/share/applications/libreoffice-math.desktop:Exec=libreoffice --math %U
/usr/share/applications/libreoffice-math.desktop:Name=LibreOffice Math
/usr/share/applications/libreoffice-math.desktop:GenericName=Formula Editor
/usr/share/applications/libreoffice-math.desktop:Comment=Create and edit scientific formulas and equations by using Math.
/usr/share/applications/libreoffice-math.desktop:Name=New Formula
/usr/share/applications/libreoffice-math.desktop:Exec=libreoffice --math
/usr/share/applications/libreoffice-startcenter.desktop:Icon=libreoffice-startcenter
/usr/share/applications/libreoffice-startcenter.desktop:Exec=libreoffice %U
/usr/share/applications/libreoffice-startcenter.desktop:Name=LibreOffice
/usr/share/applications/libreoffice-startcenter.desktop:GenericName=Office
/usr/share/applications/libreoffice-startcenter.desktop:Comment=The office productivity suite compatible to the open and standardized ODF document format. Supported by The Document Foundation.
/usr/share/applications/libreoffice-startcenter.desktop:Name=Writer
/usr/share/applications/libreoffice-startcenter.desktop:Exec=libreoffice --writer
/usr/share/applications/libreoffice-startcenter.desktop:Name=Calc
/usr/share/applications/libreoffice-startcenter.desktop:Exec=libreoffice --calc
/usr/share/applications/libreoffice-startcenter.desktop:Name=Impress
/usr/share/applications/libreoffice-startcenter.desktop:Exec=libreoffice --impress
/usr/share/applications/libreoffice-startcenter.desktop:Name=Draw
/usr/share/applications/libreoffice-startcenter.desktop:Exec=libreoffice --draw
/usr/share/applications/libreoffice-startcenter.desktop:Name=Base
/usr/share/applications/libreoffice-startcenter.desktop:Exec=libreoffice --base
/usr/share/applications/libreoffice-startcenter.desktop:Name=Math
/usr/share/applications/libreoffice-startcenter.desktop:Exec=libreoffice --math
/usr/share/applications/libreoffice-writer.desktop:Icon=libreoffice-writer
/usr/share/applications/libreoffice-writer.desktop:Exec=libreoffice --writer %U
/usr/share/applications/libreoffice-writer.desktop:Name=LibreOffice Writer
/usr/share/applications/libreoffice-writer.desktop:GenericName=Word Processor
/usr/share/applications/libreoffice-writer.desktop:Comment=Create and edit text and graphics in letters, reports, documents and Web pages by using Writer.
/usr/share/applications/libreoffice-writer.desktop:Name=New Document
/usr/share/applications/libreoffice-writer.desktop:Exec=libreoffice --writer
/usr/share/applications/libreoffice-xsltfilter.desktop:Exec=libreoffice %U
/usr/share/applications/libreoffice-xsltfilter.desktop:Name=LibreOffice XSLT based filters
/usr/share/applications/libreoffice-xsltfilter.desktop:GenericName=XSLT based filters
/usr/share/applications/lightsoff.desktop:Name=Lights Off
/usr/share/applications/lightsoff.desktop:Comment=Turn off all the lights
/usr/share/applications/lightsoff.desktop:Icon=lightsoff
/usr/share/applications/lightsoff.desktop:Exec=lightsoff
/usr/share/applications/marco.desktop:Name=Marco
/usr/share/applications/marco.desktop:Exec=marco
/usr/share/applications/mate-about.desktop:Name=About MATE
/usr/share/applications/mate-about.desktop:Comment=Learn more about MATE
/usr/share/applications/mate-about.desktop:Exec=mate-about
/usr/share/applications/mate-about.desktop:Icon=mate
/usr/share/applications/mate-about-me.desktop:Name=About Me
/usr/share/applications/mate-about-me.desktop:Comment=Set your personal information
/usr/share/applications/mate-about-me.desktop:Exec=mate-about-me
/usr/share/applications/mate-about-me.desktop:Icon=user-info
/usr/share/applications/mate-appearance-properties.desktop:Name=Appearance
/usr/share/applications/mate-appearance-properties.desktop:Comment=Customize the look of the desktop
/usr/share/applications/mate-appearance-properties.desktop:Exec=mate-appearance-properties %F
/usr/share/applications/mate-appearance-properties.desktop:Icon=preferences-desktop-theme
/usr/share/applications/mate-at-properties.desktop:Name=Assistive Technologies
/usr/share/applications/mate-at-properties.desktop:Comment=Choose which accessibility features to enable when you log in
/usr/share/applications/mate-at-properties.desktop:Exec=mate-at-properties
/usr/share/applications/mate-at-properties.desktop:Icon=preferences-desktop-accessibility
/usr/share/applications/matecc.desktop:Name=Control Center
/usr/share/applications/matecc.desktop:GenericName=The MATE configuration tool
/usr/share/applications/matecc.desktop:Icon=preferences-desktop
/usr/share/applications/matecc.desktop:Exec=mate-control-center
/usr/share/applications/mate-color-select.desktop:Name=MATE Color Selection
/usr/share/applications/mate-color-select.desktop:GenericName=Color selection dialog
/usr/share/applications/mate-color-select.desktop:Comment=Choose colors from the palette or the screen
/usr/share/applications/mate-color-select.desktop:Exec=mate-color-select
/usr/share/applications/mate-color-select.desktop:Icon=gtk-select-color
/usr/share/applications/mate-default-applications-properties.desktop:Name=Preferred Applications
/usr/share/applications/mate-default-applications-properties.desktop:Comment=Select your default applications
/usr/share/applications/mate-default-applications-properties.desktop:Exec=mate-default-applications-properties
/usr/share/applications/mate-default-applications-properties.desktop:Icon=preferences-desktop-default-applications
/usr/share/applications/mate-dictionary.desktop:Name=MATE Dictionary
/usr/share/applications/mate-dictionary.desktop:Comment=Check word definitions and spellings in an online dictionary
/usr/share/applications/mate-dictionary.desktop:Exec=mate-dictionary
/usr/share/applications/mate-dictionary.desktop:Icon=accessories-dictionary
/usr/share/applications/mate-disk-usage-analyzer.desktop:Name=MATE Disk Usage Analyzer
/usr/share/applications/mate-disk-usage-analyzer.desktop:Comment=Check folder sizes and available disk space
/usr/share/applications/mate-disk-usage-analyzer.desktop:Exec=mate-disk-usage-analyzer
/usr/share/applications/mate-disk-usage-analyzer.desktop:Icon=mate-disk-usage-analyzer
/usr/share/applications/mate-display-properties.desktop:Name=Displays
/usr/share/applications/mate-display-properties.desktop:Comment=Change resolution and position of monitors and projectors
/usr/share/applications/mate-display-properties.desktop:Exec=mate-display-properties
/usr/share/applications/mate-display-properties.desktop:Icon=mate-preferences-desktop-display
/usr/share/applications/mate-font-viewer.desktop:Name=Font Viewer
/usr/share/applications/mate-font-viewer.desktop:Comment=Preview fonts
/usr/share/applications/mate-font-viewer.desktop:Icon=preferences-desktop-font
/usr/share/applications/mate-font-viewer.desktop:Exec=mate-font-viewer %u
/usr/share/applications/mate-keybinding.desktop:Name=Keyboard Shortcuts
/usr/share/applications/mate-keybinding.desktop:Comment=Assign shortcut keys to commands
/usr/share/applications/mate-keybinding.desktop:Exec=mate-keybinding-properties
/usr/share/applications/mate-keybinding.desktop:Icon=preferences-desktop-keyboard-shortcuts
/usr/share/applications/mate-keyboard.desktop:Name=Keyboard
/usr/share/applications/mate-keyboard.desktop:Comment=Set your keyboard preferences
/usr/share/applications/mate-keyboard.desktop:Exec=mate-keyboard-properties
/usr/share/applications/mate-keyboard.desktop:Icon=preferences-desktop-keyboard
/usr/share/applications/mate-network-properties.desktop:Name=Network Proxy
/usr/share/applications/mate-network-properties.desktop:Comment=Set your network proxy preferences
/usr/share/applications/mate-network-properties.desktop:Exec=mate-network-properties
/usr/share/applications/mate-network-properties.desktop:Icon=mate-network-properties
/usr/share/applications/mate-network-scheme.desktop:Name=Network
/usr/share/applications/mate-network-scheme.desktop:Comment=Browse bookmarked and local network locations
/usr/share/applications/mate-network-scheme.desktop:Exec=caja --no-desktop network:
/usr/share/applications/mate-network-scheme.desktop:Icon=network-workgroup
/usr/share/applications/mate-notification-properties.desktop:Name=Popup Notifications
/usr/share/applications/mate-notification-properties.desktop:Comment=Set your popup notification preferences
/usr/share/applications/mate-notification-properties.desktop:Exec=mate-notification-properties
/usr/share/applications/mate-notification-properties.desktop:Icon=mate-notification-properties
/usr/share/applications/mate-panel.desktop:Name=Panel
/usr/share/applications/mate-panel.desktop:Comment=Launch other applications and provide various utilities to manage windows, show the time, etc.
/usr/share/applications/mate-panel.desktop:Icon=mate-panel
/usr/share/applications/mate-panel.desktop:Exec=mate-panel
/usr/share/applications/mate-power-preferences.desktop:Name=Power Management
/usr/share/applications/mate-power-preferences.desktop:Comment=Configure power management
/usr/share/applications/mate-power-preferences.desktop:Icon=mate-power-manager
/usr/share/applications/mate-power-preferences.desktop:Exec=mate-power-preferences
/usr/share/applications/mate-power-statistics.desktop:Name=Power Statistics
/usr/share/applications/mate-power-statistics.desktop:Comment=Observe power management
/usr/share/applications/mate-power-statistics.desktop:Icon=mate-power-statistics
/usr/share/applications/mate-power-statistics.desktop:Exec=mate-power-statistics
/usr/share/applications/mate-screensaver-preferences.desktop:Name=Screensaver
/usr/share/applications/mate-screensaver-preferences.desktop:Comment=Set your screensaver preferences
/usr/share/applications/mate-screensaver-preferences.desktop:Icon=preferences-desktop-screensaver
/usr/share/applications/mate-screensaver-preferences.desktop:Exec=mate-screensaver-preferences
/usr/share/applications/mate-screenshot.desktop:Name=Take Screenshot
/usr/share/applications/mate-screenshot.desktop:Comment=Save images of your desktop or individual windows
/usr/share/applications/mate-screenshot.desktop:Exec=mate-screenshot --interactive
/usr/share/applications/mate-screenshot.desktop:Icon=applets-screenshooter
/usr/share/applications/mate-search-tool.desktop:Name=MATE Search Tool
/usr/share/applications/mate-search-tool.desktop:Comment=Locate documents and folders on this computer by name or content
/usr/share/applications/mate-search-tool.desktop:Exec=mate-search-tool
/usr/share/applications/mate-search-tool.desktop:Icon=system-search
/usr/share/applications/mate-session-properties.desktop:Name=Startup Applications
/usr/share/applications/mate-session-properties.desktop:Comment=Choose what applications to start when you log in
/usr/share/applications/mate-session-properties.desktop:Exec=mate-session-properties
/usr/share/applications/mate-session-properties.desktop:Icon=mate-session-properties
/usr/share/applications/mate-settings-mouse.desktop:Name=Mouse
/usr/share/applications/mate-settings-mouse.desktop:Comment=Set your mouse preferences
/usr/share/applications/mate-settings-mouse.desktop:Exec=mate-mouse-properties
/usr/share/applications/mate-settings-mouse.desktop:Icon=input-mouse
/usr/share/applications/mate-system-log.desktop:Name=Log File Viewer
/usr/share/applications/mate-system-log.desktop:Comment=View or monitor system log files
/usr/share/applications/mate-system-log.desktop:Exec=mate-system-log
/usr/share/applications/mate-system-log.desktop:Icon=mate-system-log
/usr/share/applications/mate-system-monitor.desktop:Name=MATE System Monitor
/usr/share/applications/mate-system-monitor.desktop:GenericName=System Monitor
/usr/share/applications/mate-system-monitor.desktop:Comment=View current processes and monitor system state
/usr/share/applications/mate-system-monitor.desktop:Exec=mate-system-monitor
/usr/share/applications/mate-system-monitor.desktop:Icon=utilities-system-monitor
/usr/share/applications/mate-terminal.desktop:Name=MATE Terminal
/usr/share/applications/mate-terminal.desktop:GenericName=Terminal
/usr/share/applications/mate-terminal.desktop:Comment=Use the command line
/usr/share/applications/mate-terminal.desktop:Exec=mate-terminal
/usr/share/applications/mate-terminal.desktop:Icon=utilities-terminal
/usr/share/applications/mate-theme-installer.desktop:Name=Theme Installer
/usr/share/applications/mate-theme-installer.desktop:Comment=Installs themes packages for various parts of the desktop
/usr/share/applications/mate-theme-installer.desktop:Exec=mate-appearance-properties -i %u
/usr/share/applications/mate-theme-installer.desktop:Icon=preferences-desktop-theme
/usr/share/applications/mate-tweak.desktop:Name=MATE Tweak
/usr/share/applications/mate-tweak.desktop:Exec=mate-tweak
/usr/share/applications/mate-tweak.desktop:Icon=user-desktop
/usr/share/applications/mate-user-guide.desktop:Name=Help
/usr/share/applications/mate-user-guide.desktop:Comment=Get help with MATE
/usr/share/applications/mate-user-guide.desktop:Icon=help-browser
/usr/share/applications/mate-user-guide.desktop:Exec=yelp help:mate-user-guide
/usr/share/applications/mate-user-share-properties.desktop:Name=Personal File Sharing
/usr/share/applications/mate-user-share-properties.desktop:Comment=Preferences for sharing of files
/usr/share/applications/mate-user-share-properties.desktop:Exec=mate-file-share-properties
/usr/share/applications/mate-user-share-properties.desktop:Icon=folder-remote
/usr/share/applications/mate-volume-control.desktop:Name=Sound
/usr/share/applications/mate-volume-control.desktop:Comment=Change sound volume and sound events
/usr/share/applications/mate-volume-control.desktop:Exec=mate-volume-control
/usr/share/applications/mate-volume-control.desktop:Icon=multimedia-volume-control
/usr/share/applications/mate-window-properties.desktop:Name=Windows
/usr/share/applications/mate-window-properties.desktop:Comment=Set your window properties
/usr/share/applications/mate-window-properties.desktop:Exec=mate-window-properties
/usr/share/applications/mate-window-properties.desktop:Icon=preferences-system-windows
/usr/share/applications/meld.desktop:Name=Meld
/usr/share/applications/meld.desktop:GenericName=Diff Viewer
/usr/share/applications/meld.desktop:Comment=Compare and merge your files
/usr/share/applications/meld.desktop:Exec=meld %F
/usr/share/applications/meld.desktop:Icon=meld
/usr/share/applications/mousepad.desktop:Name=Mousepad
/usr/share/applications/mousepad.desktop:Comment=Simple Text Editor
/usr/share/applications/mousepad.desktop:GenericName=Text Editor
/usr/share/applications/mousepad.desktop:Exec=mousepad %F
/usr/share/applications/mousepad.desktop:Icon=accessories-text-editor
/usr/share/applications/mozo.desktop:Name=Main Menu
/usr/share/applications/mozo.desktop:Comment=Change which applications are shown on the main menu
/usr/share/applications/mozo.desktop:Exec=mozo
/usr/share/applications/mozo.desktop:Icon=mozo
/usr/share/applications/muffin.desktop:Name=Muffin
/usr/share/applications/muffin.desktop:Exec=muffin
/usr/share/applications/mutt.desktop:Comment=Simple text-based Mail User Agent
/usr/share/applications/mutt.desktop:Exec=mutt %u
/usr/share/applications/mutt.desktop:Icon=mutt
/usr/share/applications/mutt.desktop:Name=mutt
/usr/share/applications/nact.desktop:Name=Nautilus-Actions Configuration Tool
/usr/share/applications/nact.desktop:Comment=Configure items to be added to the Nautilus context menus
/usr/share/applications/nact.desktop:Exec=nautilus-actions-config-tool
/usr/share/applications/nact.desktop:Icon=nautilus-actions
/usr/share/applications/nautilus-autorun-software.desktop:Name=Run Software
/usr/share/applications/nautilus-autorun-software.desktop:Exec=nautilus-autorun-software %u
/usr/share/applications/nautilus-autorun-software.desktop:Icon=application-x-executable
/usr/share/applications/nautilus-classic.desktop:Name=Desktop Icons
/usr/share/applications/nautilus-classic.desktop:Comment=Classic session desktop file for desktop icons
/usr/share/applications/nautilus-classic.desktop:Exec=nautilus-desktop --force
/usr/share/applications/nautilus-compare-preferences.desktop:Name=Nautilus Compare Extension Preferences
/usr/share/applications/nautilus-compare-preferences.desktop:GenericName=Preferences for Nautilus Compare Extension
/usr/share/applications/nautilus-compare-preferences.desktop:Icon=gtk-preferences
/usr/share/applications/nautilus-compare-preferences.desktop:Exec=nautilus-compare-preferences
/usr/share/applications/nautilus-scripts-manager.desktop:Name=Nautilus scripts manager
/usr/share/applications/nautilus-scripts-manager.desktop:Comment=Enable or disable Nautilus scripts
/usr/share/applications/nautilus-scripts-manager.desktop:Exec=nautilus-scripts-manager
/usr/share/applications/nautilus-scripts-manager.desktop:Icon=nautilus-scripts-manager
/usr/share/applications/nemo-autorun-software.desktop:Name=Autorun Prompt
/usr/share/applications/nemo-autorun-software.desktop:Exec=nemo-autorun-software %u
/usr/share/applications/nemo-autorun-software.desktop:Icon=application-x-executable
/usr/share/applications/nemo-autostart.desktop:Name=Nemo
/usr/share/applications/nemo-autostart.desktop:Comment=Start Nemo desktop at log in
/usr/share/applications/nemo-autostart.desktop:Exec=nemo -n
/usr/share/applications/nemo.desktop:Name=Files
/usr/share/applications/nemo.desktop:Comment=Access and organize files
/usr/share/applications/nemo.desktop:Exec=nemo %U
/usr/share/applications/nemo.desktop:Icon=folder
/usr/share/applications/nm-applet.desktop:Name=Network
/usr/share/applications/nm-applet.desktop:Comment=Manage your network connections
/usr/share/applications/nm-applet.desktop:Icon=nm-device-wireless
/usr/share/applications/nm-applet.desktop:Exec=nm-applet
/usr/share/applications/nm-connection-editor.desktop:Name=Network Connections
/usr/share/applications/nm-connection-editor.desktop:Comment=Manage and change your network connection settings
/usr/share/applications/nm-connection-editor.desktop:Icon=preferences-system-network
/usr/share/applications/nm-connection-editor.desktop:Exec=nm-connection-editor
/usr/share/applications/notification-daemon.desktop:Name=Notification Daemon
/usr/share/applications/notification-daemon.desktop:Comment=Display notifications
/usr/share/applications/notification-daemon.desktop:Exec=/usr/lib/notification-daemon/notification-daemon
/usr/share/applications/onboard.desktop:Name=Onboard
/usr/share/applications/onboard.desktop:GenericName=Onboard onscreen keyboard
/usr/share/applications/onboard.desktop:Comment=Flexible onscreen keyboard
/usr/share/applications/onboard.desktop:Exec=onboard
/usr/share/applications/onboard.desktop:Icon=onboard
/usr/share/applications/onboard-settings.desktop:Name=Onboard Settings
/usr/share/applications/onboard-settings.desktop:GenericName=Onboard onscreen keyboard settings
/usr/share/applications/onboard-settings.desktop:Comment=Change Onboard settings
/usr/share/applications/onboard-settings.desktop:Exec=onboard-settings
/usr/share/applications/onboard-settings.desktop:Icon=onboard
/usr/share/applications/openjdk-8-policytool.desktop:Name=OpenJDK Java 8 Policy Tool
/usr/share/applications/openjdk-8-policytool.desktop:Comment=OpenJDK Java 8 Policy Tool
/usr/share/applications/openjdk-8-policytool.desktop:Exec=/usr/bin/policytool
/usr/share/applications/openjdk-8-policytool.desktop:Icon=openjdk-8
/usr/share/applications/org.gnome.Cheese.desktop:Name=Cheese
/usr/share/applications/org.gnome.Cheese.desktop:GenericName=Webcam Booth
/usr/share/applications/org.gnome.Cheese.desktop:Comment=Take photos and videos with your webcam, with fun graphical effects
/usr/share/applications/org.gnome.Cheese.desktop:Exec=cheese
/usr/share/applications/org.gnome.Cheese.desktop:Icon=org.gnome.Cheese
/usr/share/applications/org.gnome.Contacts.desktop:Name=Contacts
/usr/share/applications/org.gnome.Contacts.desktop:Comment=A contacts manager for GNOME
/usr/share/applications/org.gnome.Contacts.desktop:Icon=x-office-address-book
/usr/share/applications/org.gnome.Contacts.desktop:Exec=gnome-contacts
/usr/share/applications/org.gnome.FileRoller.desktop:Name=Archive Manager
/usr/share/applications/org.gnome.FileRoller.desktop:Comment=Create and modify an archive
/usr/share/applications/org.gnome.FileRoller.desktop:Exec=file-roller %U
/usr/share/applications/org.gnome.FileRoller.desktop:Icon=file-roller
/usr/share/applications/org.gnome.font-viewer.desktop:Name=Font Viewer
/usr/share/applications/org.gnome.font-viewer.desktop:Comment=View fonts on your system
/usr/share/applications/org.gnome.font-viewer.desktop:Icon=preferences-desktop-font
/usr/share/applications/org.gnome.font-viewer.desktop:Exec=gnome-font-viewer %u
/usr/share/applications/org.gnome.gedit.desktop:Name=Text Editor
/usr/share/applications/org.gnome.gedit.desktop:Comment=Edit text files
/usr/share/applications/org.gnome.gedit.desktop:Exec=gedit %f
/usr/share/applications/org.gnome.gedit.desktop:Icon=gedit
/usr/share/applications/org.gnome.gedit.desktop:Name=New Window
/usr/share/applications/org.gnome.gedit.desktop:Exec=gedit --new-window
/usr/share/applications/org.gnome.gedit.desktop:Name=New Document
/usr/share/applications/org.gnome.gedit.desktop:Exec=gedit --new-document
/usr/share/applications/org.gnome.Hitori.desktop:Name=Hitori
/usr/share/applications/org.gnome.Hitori.desktop:Comment=Play the Hitori puzzle game
/usr/share/applications/org.gnome.Hitori.desktop:Exec=hitori
/usr/share/applications/org.gnome.Hitori.desktop:Icon=org.gnome.Hitori
/usr/share/applications/org.gnome.Nautilus.desktop:Name=Files
/usr/share/applications/org.gnome.Nautilus.desktop:Comment=Access and organize files
/usr/share/applications/org.gnome.Nautilus.desktop:Exec=nautilus --new-window %U
/usr/share/applications/org.gnome.Nautilus.desktop:Icon=org.gnome.Nautilus
/usr/share/applications/org.gnome.Nautilus.desktop:Name=New Window
/usr/share/applications/org.gnome.Nautilus.desktop:Exec=nautilus --new-window
/usr/share/applications/org.gnome.Nibbles.desktop:Name=Nibbles
/usr/share/applications/org.gnome.Nibbles.desktop:Comment=Guide a worm around a maze
/usr/share/applications/org.gnome.Nibbles.desktop:Exec=gnome-nibbles
/usr/share/applications/org.gnome.Nibbles.desktop:Icon=gnome-nibbles
/usr/share/applications/org.gnome.Screenshot.desktop:Name=Gnome Screenshot
/usr/share/applications/org.gnome.Screenshot.desktop:Comment=Save images of your screen or individual windows
/usr/share/applications/org.gnome.Screenshot.desktop:Exec=gnome-screenshot --interactive
/usr/share/applications/org.gnome.Screenshot.desktop:Icon=applets-screenshooter
/usr/share/applications/org.gnome.Screenshot.desktop:Name=Take a Screenshot of the Whole Screen
/usr/share/applications/org.gnome.Screenshot.desktop:Exec=gnome-screenshot
/usr/share/applications/org.gnome.Screenshot.desktop:Name=Take a Screenshot of the Current Window
/usr/share/applications/org.gnome.Screenshot.desktop:Exec=gnome-screenshot -w
/usr/share/applications/org.gnome.taquin.desktop:Icon=gnome-taquin
/usr/share/applications/org.gnome.taquin.desktop:Name=Taquin
/usr/share/applications/org.gnome.taquin.desktop:GenericName=15-puzzle
/usr/share/applications/org.gnome.taquin.desktop:Comment=Slide tiles to their correct places
/usr/share/applications/org.gnome.taquin.desktop:Exec=gnome-taquin
/usr/share/applications/org.gnome.taquin.desktop:Name=15-Puzzle
/usr/share/applications/org.gnome.taquin.desktop:Exec=gnome-taquin --fifteen
/usr/share/applications/org.gnome.taquin.desktop:Name=16-Puzzle
/usr/share/applications/org.gnome.taquin.desktop:Exec=gnome-taquin --sixteen
/usr/share/applications/panel-desktop-handler.desktop:Name=Create Launcher on the panel
/usr/share/applications/panel-desktop-handler.desktop:Comment=Add a new launcher to the panel based on the information of this desktop file
/usr/share/applications/panel-desktop-handler.desktop:Exec=xfce4-panel --add=launcher %u
/usr/share/applications/panel-desktop-handler.desktop:Icon=application-x-executable
/usr/share/applications/panel-preferences.desktop:Exec=xfce4-panel --preferences
/usr/share/applications/panel-preferences.desktop:Icon=xfce4-panel
/usr/share/applications/panel-preferences.desktop:Name=Panel
/usr/share/applications/panel-preferences.desktop:Comment=Customize the panel
/usr/share/applications/pavucontrol.desktop:Name=PulseAudio Volume Control
/usr/share/applications/pavucontrol.desktop:GenericName=Volume Control
/usr/share/applications/pavucontrol.desktop:Comment=Adjust the volume level
/usr/share/applications/pavucontrol.desktop:Exec=pavucontrol
/usr/share/applications/pavucontrol.desktop:Icon=multimedia-volume-control
/usr/share/applications/PcCharm.desktop:Name=PcCharm
/usr/share/applications/PcCharm.desktop:Comment=Python IDE
/usr/share/applications/PcCharm.desktop:Exec=gksu -g /home/gv/Downloads/pycharm-edu-3.0/pycharm-edu-3.0/bin/pycharm.sh
/usr/share/applications/PcCharm.desktop:Icon=/home/gv/Downloads/pycharm-edu-3.0/pycharm-edu-3.0/bin/pycharm.png
/usr/share/applications/pluma.desktop:Name=Pluma
/usr/share/applications/pluma.desktop:GenericName=Text Editor
/usr/share/applications/pluma.desktop:Comment=Edit text files
/usr/share/applications/pluma.desktop:Exec=pluma %U
/usr/share/applications/pluma.desktop:Icon=accessories-text-editor
/usr/share/applications/python2.7.desktop:Name=Python (v2.7)
/usr/share/applications/python2.7.desktop:Comment=Python Interpreter (v2.7)
/usr/share/applications/python2.7.desktop:Exec=/usr/bin/python2.7
/usr/share/applications/python2.7.desktop:Icon=/usr/share/pixmaps/python2.7.xpm
/usr/share/applications/python3.5.desktop:Name=Python (v3.5)
/usr/share/applications/python3.5.desktop:Comment=Python Interpreter (v3.5)
/usr/share/applications/python3.5.desktop:Exec=/usr/bin/python3.5
/usr/share/applications/python3.5.desktop:Icon=/usr/share/pixmaps/python3.5.xpm
/usr/share/applications/quadrapassel.desktop:Name=Quadrapassel
/usr/share/applications/quadrapassel.desktop:Comment=Fit falling blocks together
/usr/share/applications/quadrapassel.desktop:Icon=quadrapassel
/usr/share/applications/quadrapassel.desktop:Exec=quadrapassel
/usr/share/applications/quodlibet.desktop:Name=Quod Libet
/usr/share/applications/quodlibet.desktop:GenericName=Music Player
/usr/share/applications/quodlibet.desktop:Comment=Listen to, browse, or edit your audio collection
/usr/share/applications/quodlibet.desktop:Exec=quodlibet --run --play-file %u
/usr/share/applications/quodlibet.desktop:Icon=quodlibet
/usr/share/applications/R.desktop:Name=R
/usr/share/applications/R.desktop:Comment=R software environment for statistical computing and graphics
/usr/share/applications/R.desktop:Exec=R
/usr/share/applications/R.desktop:Icon=rlogo_icon
/usr/share/applications/reportbug.desktop:Name=Reportbug
/usr/share/applications/reportbug.desktop:Comment=Report bugs to the Debian BTS
/usr/share/applications/reportbug.desktop:GenericName=Debian bug reporting tool
/usr/share/applications/reportbug.desktop:Icon=/usr/share/reportbug/debian-swirl.svg
/usr/share/applications/reportbug.desktop:Exec=reportbug --exit-prompt --ui gtk2
/usr/share/applications/rhythmbox.desktop:Name=Rhythmbox
/usr/share/applications/rhythmbox.desktop:GenericName=Music Player
/usr/share/applications/rhythmbox.desktop:Comment=Play and organize your music collection
/usr/share/applications/rhythmbox.desktop:Exec=rhythmbox %U
/usr/share/applications/rhythmbox.desktop:Icon=rhythmbox
/usr/share/applications/rhythmbox-device.desktop:Name=Rhythmbox
/usr/share/applications/rhythmbox-device.desktop:GenericName=Music Player
/usr/share/applications/rhythmbox-device.desktop:Comment=Play and organize your music collection
/usr/share/applications/rhythmbox-device.desktop:Exec=rhythmbox-client --select-source %U
/usr/share/applications/rhythmbox-device.desktop:Icon=rhythmbox
/usr/share/applications/ristretto.desktop:Name=Ristretto Image Viewer
/usr/share/applications/ristretto.desktop:Comment=Look at your images easily
/usr/share/applications/ristretto.desktop:GenericName=Image Viewer
/usr/share/applications/ristretto.desktop:Exec=ristretto %F
/usr/share/applications/ristretto.desktop:Icon=ristretto
/usr/share/applications/rygel.desktop:Name=Rygel
/usr/share/applications/rygel.desktop:GenericName=UPnP/DLNA Services
/usr/share/applications/rygel.desktop:Comment=UPnP/DLNA Services
/usr/share/applications/rygel.desktop:Exec=rygel
/usr/share/applications/shotwell.desktop:Name=Shotwell
/usr/share/applications/shotwell.desktop:GenericName=Photo Manager
/usr/share/applications/shotwell.desktop:Comment=Organize your photos
/usr/share/applications/shotwell.desktop:Exec=shotwell %U
/usr/share/applications/shotwell.desktop:Icon=shotwell
/usr/share/applications/shotwell-viewer.desktop:Name=Shotwell Viewer
/usr/share/applications/shotwell-viewer.desktop:GenericName=Photo Viewer
/usr/share/applications/shotwell-viewer.desktop:Exec=shotwell %f
/usr/share/applications/shotwell-viewer.desktop:Icon=shotwell
/usr/share/applications/shutter.desktop:Name=Shutter
/usr/share/applications/shutter.desktop:GenericName=Screenshot Tool
/usr/share/applications/shutter.desktop:Comment=Capture, edit and share screenshots
/usr/share/applications/shutter.desktop:Exec=shutter %F
/usr/share/applications/shutter.desktop:Icon=shutter
/usr/share/applications/shutter.desktop:Name=Redo last screenshot
/usr/share/applications/shutter.desktop:Exec=shutter --redo
/usr/share/applications/shutter.desktop:Name=Capture an area of the screen
/usr/share/applications/shutter.desktop:Exec=shutter --select
/usr/share/applications/shutter.desktop:Name=Capture the entire screen
/usr/share/applications/shutter.desktop:Exec=shutter --full
/usr/share/applications/shutter.desktop:Name=Select a window to capture
/usr/share/applications/shutter.desktop:Exec=shutter --window
/usr/share/applications/shutter.desktop:Name=Capture the current active window
/usr/share/applications/shutter.desktop:Exec=shutter --active
/usr/share/applications/simple-scan.desktop:Name=Simple Scan
/usr/share/applications/simple-scan.desktop:GenericName=Document Scanner
/usr/share/applications/simple-scan.desktop:Comment=Scan Documents
/usr/share/applications/simple-scan.desktop:Exec=simple-scan
/usr/share/applications/simple-scan.desktop:Icon=scanner
/usr/share/applications/sol.desktop:Name=AisleRiot Solitaire
/usr/share/applications/sol.desktop:Comment=Play many different solitaire games
/usr/share/applications/sol.desktop:Exec=/usr/games/sol
/usr/share/applications/sol.desktop:Icon=gnome-aisleriot
/usr/share/applications/sound-juicer.desktop:Name=Sound Juicer
/usr/share/applications/sound-juicer.desktop:GenericName=Audio CD Extractor
/usr/share/applications/sound-juicer.desktop:Comment=Copy music from your CDs
/usr/share/applications/sound-juicer.desktop:Exec=sound-juicer %u
/usr/share/applications/sound-juicer.desktop:Icon=sound-juicer
/usr/share/applications/swell-foop.desktop:Name=Swell Foop
/usr/share/applications/swell-foop.desktop:Comment=Clear the screen by removing groups of colored and shaped tiles
/usr/share/applications/swell-foop.desktop:Icon=swell-foop
/usr/share/applications/swell-foop.desktop:Exec=swell-foop
/usr/share/applications/synaptic.desktop:Name=Synaptic Package Manager
/usr/share/applications/synaptic.desktop:GenericName=Package Manager
/usr/share/applications/synaptic.desktop:Comment=Install, remove and upgrade software packages
/usr/share/applications/synaptic.desktop:Exec=synaptic-pkexec
/usr/share/applications/synaptic.desktop:Icon=synaptic
/usr/share/applications/system-config-printer.desktop:Name=Print Settings
/usr/share/applications/system-config-printer.desktop:Comment=Configure printers
/usr/share/applications/system-config-printer.desktop:Exec=system-config-printer
/usr/share/applications/system-config-printer.desktop:Icon=printer
/usr/share/applications/tali.desktop:Name=Tali
/usr/share/applications/tali.desktop:Comment=Beat the odds in a poker-style dice game
/usr/share/applications/tali.desktop:Exec=tali
/usr/share/applications/tali.desktop:Icon=tali
/usr/share/applications/Thunar-bulk-rename.desktop:Name=Bulk Rename
/usr/share/applications/Thunar-bulk-rename.desktop:Comment=Rename Multiple Files
/usr/share/applications/Thunar-bulk-rename.desktop:GenericName=Bulk Rename
/usr/share/applications/Thunar-bulk-rename.desktop:Exec=/usr/lib/x86_64-linux-gnu/Thunar/ThunarBulkRename %F
/usr/share/applications/Thunar-bulk-rename.desktop:Icon=Thunar
/usr/share/applications/Thunar.desktop:Name=Thunar File Manager
/usr/share/applications/Thunar.desktop:Comment=Browse the filesystem with the file manager
/usr/share/applications/Thunar.desktop:GenericName=File Manager
/usr/share/applications/Thunar.desktop:Exec=thunar %F
/usr/share/applications/Thunar.desktop:Icon=Thunar
/usr/share/applications/Thunar-folder-handler.desktop:Name=Open Folder with Thunar
/usr/share/applications/Thunar-folder-handler.desktop:Comment=Open the specified folders in Thunar
/usr/share/applications/Thunar-folder-handler.desktop:GenericName=Open Folder
/usr/share/applications/Thunar-folder-handler.desktop:Exec=thunar %F
/usr/share/applications/Thunar-folder-handler.desktop:Icon=Thunar
/usr/share/applications/thunar-settings.desktop:Name=File Manager
/usr/share/applications/thunar-settings.desktop:Comment=Configure the Thunar file manager
/usr/share/applications/thunar-settings.desktop:Exec=thunar-settings
/usr/share/applications/thunar-settings.desktop:Icon=system-file-manager
/usr/share/applications/thunar-volman-settings.desktop:Name=Removable Drives and Media
/usr/share/applications/thunar-volman-settings.desktop:Comment=Configure management of removable drives and media
/usr/share/applications/thunar-volman-settings.desktop:Exec=thunar-volman-settings
/usr/share/applications/thunar-volman-settings.desktop:Icon=drive-removable-media
/usr/share/applications/transmission-gtk.desktop:Name=Transmission
/usr/share/applications/transmission-gtk.desktop:GenericName=BitTorrent Client
/usr/share/applications/transmission-gtk.desktop:Comment=Download and share files over BitTorrent
/usr/share/applications/transmission-gtk.desktop:Exec=transmission-gtk %U
/usr/share/applications/transmission-gtk.desktop:Icon=transmission
/usr/share/applications/transmission-gtk.desktop:Name=Start Transmission with All Torrents Paused
/usr/share/applications/transmission-gtk.desktop:Exec=transmission-gtk --paused
/usr/share/applications/transmission-gtk.desktop:Name=Start Transmission Minimized
/usr/share/applications/transmission-gtk.desktop:Exec=transmission-gtk --minimized
/usr/share/applications/vim.desktop:Name=Vim
/usr/share/applications/vim.desktop:GenericName=Text Editor
/usr/share/applications/vim.desktop:Comment=Edit text files
/usr/share/applications/vim.desktop:Exec=vim %F
/usr/share/applications/vim.desktop:Icon=gvim
/usr/share/applications/vinagre.desktop:Name=Remote Desktop Viewer
/usr/share/applications/vinagre.desktop:Comment=Access remote desktops
/usr/share/applications/vinagre.desktop:Exec=vinagre %U
/usr/share/applications/vinagre.desktop:Icon=preferences-desktop-remote-desktop
/usr/share/applications/vinagre-file.desktop:Name=Remote Desktop Viewer
/usr/share/applications/vinagre-file.desktop:Comment=Access remote desktops
/usr/share/applications/vinagre-file.desktop:Exec=vinagre -F %U
/usr/share/applications/vinagre-file.desktop:Icon=preferences-desktop-remote-desktop
/usr/share/applications/vino-server.desktop:Name=Desktop Sharing
/usr/share/applications/vino-server.desktop:Comment=GNOME Desktop Sharing Server
/usr/share/applications/vino-server.desktop:Exec=/usr/lib/vino/vino-server --sm-disable
/usr/share/applications/vino-server.desktop:Icon=preferences-desktop-remote-desktop
/usr/share/applications/vlc.desktop:Name=VLC media player
/usr/share/applications/vlc.desktop:GenericName=Media player
/usr/share/applications/vlc.desktop:Comment=Read, capture, broadcast your multimedia streams
/usr/share/applications/vlc.desktop:Exec=/usr/bin/vlc --started-from-file %U
/usr/share/applications/vlc.desktop:Icon=vlc
/usr/share/applications/xfburn.desktop:Name=Xfburn
/usr/share/applications/xfburn.desktop:Comment=CD and DVD burning application
/usr/share/applications/xfburn.desktop:Exec=xfburn
/usr/share/applications/xfburn.desktop:Icon=media-cdrom
/usr/share/applications/xfburn.desktop:Icon=media-cdrom
/usr/share/applications/xfburn.desktop:Exec=xfburn -i %f
/usr/share/applications/xfburn.desktop:Name=Burn Image (xfburn)
/usr/share/applications/xfcalendar.desktop:Name=Orage Calendar
/usr/share/applications/xfcalendar.desktop:Comment=Desktop calendar
/usr/share/applications/xfcalendar.desktop:Exec=orage %F
/usr/share/applications/xfcalendar.desktop:Icon=xfcalendar
/usr/share/applications/xfcalendar.desktop:GenericName=Calendar
/usr/share/applications/xfce4-about.desktop:Exec=xfce4-about
/usr/share/applications/xfce4-about.desktop:Icon=help-about
/usr/share/applications/xfce4-about.desktop:Name=About Xfce
/usr/share/applications/xfce4-about.desktop:Comment=Information about the Xfce Desktop Environment
/usr/share/applications/xfce4-accessibility-settings.desktop:Name=Accessibility
/usr/share/applications/xfce4-accessibility-settings.desktop:Comment=Improve keyboard and mouse accessibility
/usr/share/applications/xfce4-accessibility-settings.desktop:Exec=xfce4-accessibility-settings
/usr/share/applications/xfce4-accessibility-settings.desktop:Icon=preferences-desktop-accessibility
/usr/share/applications/xfce4-appfinder.desktop:Exec=xfce4-appfinder
/usr/share/applications/xfce4-appfinder.desktop:Icon=gtk-find
/usr/share/applications/xfce4-appfinder.desktop:Name=Application Finder
/usr/share/applications/xfce4-appfinder.desktop:Comment=Find and launch applications installed on your system
/usr/share/applications/xfce4-clipman.desktop:Name=Clipman
/usr/share/applications/xfce4-clipman.desktop:Comment=Clipboard manager
/usr/share/applications/xfce4-clipman.desktop:Exec=xfce4-clipman
/usr/share/applications/xfce4-clipman.desktop:Icon=xfce4-clipman-plugin
/usr/share/applications/xfce4-dict.desktop:Name=Dictionary
/usr/share/applications/xfce4-dict.desktop:GenericName=Dictionary Client
/usr/share/applications/xfce4-dict.desktop:Comment=A client program to query different dictionaries.
/usr/share/applications/xfce4-dict.desktop:Icon=xfce4-dict
/usr/share/applications/xfce4-dict.desktop:Exec=xfce4-dict
/usr/share/applications/xfce4-mime-settings.desktop:Name=MIME Type Editor
/usr/share/applications/xfce4-mime-settings.desktop:Comment=Associate applications with MIME types
/usr/share/applications/xfce4-mime-settings.desktop:Exec=xfce4-mime-settings
/usr/share/applications/xfce4-mime-settings.desktop:Icon=application-x-executable
/usr/share/applications/xfce4-notes.desktop:Name=Notes
/usr/share/applications/xfce4-notes.desktop:Comment=Ideal for your quick notes
/usr/share/applications/xfce4-notes.desktop:Exec=xfce4-notes
/usr/share/applications/xfce4-notes.desktop:Icon=xfce4-notes-plugin
/usr/share/applications/xfce4-notifyd-config.desktop:Name=Notifications
/usr/share/applications/xfce4-notifyd-config.desktop:Comment=Customize how notifications appear on your screen
/usr/share/applications/xfce4-notifyd-config.desktop:Exec=xfce4-notifyd-config
/usr/share/applications/xfce4-notifyd-config.desktop:Icon=xfce4-notifyd
/usr/share/applications/xfce4-power-manager-settings.desktop:Name=Power Manager
/usr/share/applications/xfce4-power-manager-settings.desktop:GenericName=Power Manager
/usr/share/applications/xfce4-power-manager-settings.desktop:Comment=Settings for the Xfce Power Manager
/usr/share/applications/xfce4-power-manager-settings.desktop:Exec=xfce4-power-manager-settings
/usr/share/applications/xfce4-power-manager-settings.desktop:Icon=xfpm-ac-adapter
/usr/share/applications/xfce4-run.desktop:Exec=xfce4-appfinder --collapsed
/usr/share/applications/xfce4-run.desktop:Icon=gtk-execute
/usr/share/applications/xfce4-run.desktop:Name=Run Program...
/usr/share/applications/xfce4-run.desktop:Comment=Run a program
/usr/share/applications/xfce4-screenshooter.desktop:Name=Screenshot
/usr/share/applications/xfce4-screenshooter.desktop:Comment=Take screenshots of the entire screen, of the active window or of a region
/usr/share/applications/xfce4-screenshooter.desktop:Icon=applets-screenshooter
/usr/share/applications/xfce4-screenshooter.desktop:Exec=xfce4-screenshooter
/usr/share/applications/xfce4-sensors.desktop:Name=Sensor Viewer
/usr/share/applications/xfce4-sensors.desktop:Comment=Show sensor values.
/usr/share/applications/xfce4-sensors.desktop:GenericName=Sensor Values Viewer
/usr/share/applications/xfce4-sensors.desktop:Icon=xfce-sensors
/usr/share/applications/xfce4-sensors.desktop:Exec=xfce4-sensors
/usr/share/applications/xfce4-session-logout.desktop:Exec=xfce4-session-logout
/usr/share/applications/xfce4-session-logout.desktop:Icon=system-log-out
/usr/share/applications/xfce4-session-logout.desktop:Name=Log Out
/usr/share/applications/xfce4-session-logout.desktop:Comment=Log out of the Xfce Desktop
/usr/share/applications/xfce4-settings-editor.desktop:Name=Settings Editor
/usr/share/applications/xfce4-settings-editor.desktop:Comment=Graphical settings editor for Xfconf
/usr/share/applications/xfce4-settings-editor.desktop:Exec=xfce4-settings-editor
/usr/share/applications/xfce4-settings-editor.desktop:Icon=preferences-system
/usr/share/applications/xfce4-taskmanager.desktop:Name=Task Manager
/usr/share/applications/xfce4-taskmanager.desktop:Comment=Easy to use task manager
/usr/share/applications/xfce4-taskmanager.desktop:GenericName=Task Manager
/usr/share/applications/xfce4-taskmanager.desktop:Exec=xfce4-taskmanager
/usr/share/applications/xfce4-taskmanager.desktop:Icon=utilities-system-monitor
/usr/share/applications/xfce4-terminal.desktop:Name=Xfce Terminal
/usr/share/applications/xfce4-terminal.desktop:Comment=Terminal Emulator
/usr/share/applications/xfce4-terminal.desktop:GenericName=Terminal Emulator
/usr/share/applications/xfce4-terminal.desktop:Exec=xfce4-terminal
/usr/share/applications/xfce4-terminal.desktop:Icon=utilities-terminal
/usr/share/applications/xfce-backdrop-settings.desktop:Name=Desktop 
/usr/share/applications/xfce-backdrop-settings.desktop:Comment=Set desktop background and menu and icon behavior
/usr/share/applications/xfce-backdrop-settings.desktop:Exec=xfdesktop-settings
/usr/share/applications/xfce-backdrop-settings.desktop:Icon=preferences-desktop-wallpaper
/usr/share/applications/xfce-display-settings.desktop:Name=Display
/usr/share/applications/xfce-display-settings.desktop:Comment=Configure screen settings and layout
/usr/share/applications/xfce-display-settings.desktop:Exec=xfce4-display-settings
/usr/share/applications/xfce-display-settings.desktop:Icon=video-display
/usr/share/applications/xfce-keyboard-settings.desktop:Name=Keyboard
/usr/share/applications/xfce-keyboard-settings.desktop:Comment=Edit keyboard settings and application shortcuts
/usr/share/applications/xfce-keyboard-settings.desktop:Exec=xfce4-keyboard-settings
/usr/share/applications/xfce-keyboard-settings.desktop:Icon=preferences-desktop-keyboard
/usr/share/applications/xfce-mouse-settings.desktop:Name=Mouse and Touchpad
/usr/share/applications/xfce-mouse-settings.desktop:Comment=Configure pointer device behavior and appearance
/usr/share/applications/xfce-mouse-settings.desktop:Exec=xfce4-mouse-settings
/usr/share/applications/xfce-mouse-settings.desktop:Icon=preferences-desktop-peripherals
/usr/share/applications/xfce-session-settings.desktop:Name=Session and Startup
/usr/share/applications/xfce-session-settings.desktop:Comment=Customize desktop startup and splash screen
/usr/share/applications/xfce-session-settings.desktop:Exec=xfce4-session-settings
/usr/share/applications/xfce-session-settings.desktop:Icon=xfce4-session
/usr/share/applications/xfce-settings-manager.desktop:Name=Settings Manager
/usr/share/applications/xfce-settings-manager.desktop:Comment=Graphical Settings Manager for Xfce 4
/usr/share/applications/xfce-settings-manager.desktop:Exec=xfce4-settings-manager
/usr/share/applications/xfce-settings-manager.desktop:Icon=preferences-desktop
/usr/share/applications/xfce-ui-settings.desktop:Name=Appearance
/usr/share/applications/xfce-ui-settings.desktop:Comment=Customize the look of your desktop
/usr/share/applications/xfce-ui-settings.desktop:Exec=xfce4-appearance-settings
/usr/share/applications/xfce-ui-settings.desktop:Icon=preferences-desktop-theme
/usr/share/applications/xfce-wm-settings.desktop:Name=Window Manager
/usr/share/applications/xfce-wm-settings.desktop:Comment=Configure window behavior and shortcuts
/usr/share/applications/xfce-wm-settings.desktop:Exec=xfwm4-settings
/usr/share/applications/xfce-wm-settings.desktop:Icon=xfwm4
/usr/share/applications/xfce-wmtweaks-settings.desktop:Name=Window Manager Tweaks
/usr/share/applications/xfce-wmtweaks-settings.desktop:Comment=Fine-tune window behaviour and effects
/usr/share/applications/xfce-wmtweaks-settings.desktop:Exec=xfwm4-tweaks-settings
/usr/share/applications/xfce-wmtweaks-settings.desktop:Icon=wmtweaks
/usr/share/applications/xfce-workspaces-settings.desktop:Name=Workspaces
/usr/share/applications/xfce-workspaces-settings.desktop:Comment=Configure layout, names and margins
/usr/share/applications/xfce-workspaces-settings.desktop:Exec=xfwm4-workspace-settings
/usr/share/applications/xfce-workspaces-settings.desktop:Icon=xfce4-workspaces
/usr/share/applications/xfce-xfcalendar-settings.desktop:Name=Orage preferences
/usr/share/applications/xfce-xfcalendar-settings.desktop:Comment=Settings for the Xfce 4 Calendar Application (Orage)
/usr/share/applications/xfce-xfcalendar-settings.desktop:Exec=orage -p
/usr/share/applications/xfce-xfcalendar-settings.desktop:Icon=xfcalendar
/usr/share/applications/xfce-xfcalendar-settings.desktop:GenericName=Orage Calendar Preferences
/usr/share/applications/xinput_calibrator.desktop:Name=Calibrate Touchscreen
/usr/share/applications/xinput_calibrator.desktop:Comment=Run the calibration tool for touchscreens
/usr/share/applications/xinput_calibrator.desktop:Exec=/bin/sh -c "xinput_calibrator; cat"
/usr/share/applications/xinput_calibrator.desktop:Icon=xinput_calibrator
/usr/share/applications/xnr.desktop:Name=Nautilus Root
/usr/share/applications/xnr.desktop:Comment=Access and organize files
/usr/share/applications/xnr.desktop:Exec=gksu nautilus %d %f
/usr/share/applications/xnr.desktop:Icon=org.gnome.Nautilus
/usr/share/applications/xsane.desktop:Name=XSane Image scanning program
/usr/share/applications/xsane.desktop:Comment=A program to work with scanner. Can be used as a scanning, copier, OCR, fax tools.
/usr/share/applications/xsane.desktop:Exec=xsane
/usr/share/applications/xsane.desktop:Icon=xsane
/usr/share/applications/yelp.desktop:Name=Help
/usr/share/applications/yelp.desktop:Comment=Get help with GNOME
/usr/share/applications/yelp.desktop:Exec=yelp %u
/usr/share/applications/yelp.desktop:Icon=help-browser
