    Waiting for iio-sensor-proxy to appear
+++ iio-sensor-proxy appeared
=== Has accelerometer (orientation: normal)
=== No ambient light sensor
    Accelerometer orientation changed: right-up
    Accelerometer orientation changed: right-up
    Accelerometer orientation changed: right-up
    Accelerometer orientation changed: bottom-up
    Accelerometer orientation changed: bottom-up
    Accelerometer orientation changed: bottom-up
    Accelerometer orientation changed: left-up
    Accelerometer orientation changed: left-up
    Accelerometer orientation changed: left-up
    Accelerometer orientation changed: normal
    Accelerometer orientation changed: normal
    Accelerometer orientation changed: normal
    Accelerometer orientation changed: right-up
    Accelerometer orientation changed: right-up
    Accelerometer orientation changed: right-up
    Accelerometer orientation changed: normal
    Accelerometer orientation changed: normal
    Accelerometer orientation changed: normal
    Accelerometer orientation changed: right-up
    Accelerometer orientation changed: right-up
    Accelerometer orientation changed: right-up
    Accelerometer orientation changed: normal
    Accelerometer orientation changed: normal
    Accelerometer orientation changed: normal
