1-{ time readarray -t executable < <(grep ^Exec= /usr/share/applications/*.desktop |cut -f 2 -d '=');echo ${executable[@]}; } 2>>/home/gv/PythonTests/vblog.log

real	0m0.141s
user	0m0.028s
sys	0m0.028s
2-{ time grep  ^Exec= /usr/share/applications/*.desktop |cut -f 2 -d '=' ; } 2>>/home/gv/PythonTests/vblog.log

real	0m0.129s
user	0m0.016s
sys	0m0.032s
3-{ time grep  ^Exec= /usr/share/applications/*.desktop |awk -F'=' '{print }' ; } 2>>/home/gv/PythonTests/vblog.log

real	0m0.288s
user	0m0.016s
sys	0m0.076s
4-{ time awk  /^Exec=/ /usr/share/applications/*.desktop ; } 2>>/home/gv/PythonTests/vblog.log

real	0m0.398s
user	0m0.008s
sys	0m0.084s
5-{ time cat /usr/share/applications/*.desktop |grep '^Exec=' |grep -Po '(?<=Exec=)[ --0-9A-Za-z/]*' ; } 2>>/home/gv/PythonTests/vblog.log

real	0m0.192s
user	0m0.012s
sys	0m0.072s
6-{ time grep '^Exec=' /usr/share/applications/*.desktop |grep -Po '(?<=Exec=)[ --0-9A-Za-z/]*' ; } 2>>/home/gv/PythonTests/vblog.log

real	0m0.137s
user	0m0.004s
sys	0m0.036s
7-{ time (readarray -t executable < <(grep ^Exec= /usr/share/applications/*.desktop |cut -f 2 -d '=');echo ${executable[@]}) ; } 2>>/home/gv/PythonTests/vblog.log

real	0m0.453s
user	0m0.012s
sys	0m0.140s
8-{ time grep  ^Exec= /usr/share/applications/*.desktop ; } 2>>/home/gv/PythonTests/vblog.log

real	0m0.463s
user	0m0.000s
sys	0m0.052s
9-{ time grep  ^Exec= /usr/share/applications/*.desktop |cut -f 1-2 -d '=' ; } 2>>/home/gv/PythonTests/vblog.log

real	0m0.463s
user	0m0.004s
sys	0m0.040s
10-{ time cat /usr/share/applications/*.desktop |grep -Po '(?<=^Exec=)[ --0-9A-Za-z/]*' ; } 2>>/home/gv/PythonTests/vblog.log

real	0m0.680s
user	0m0.044s
sys	0m0.136s
11-{ time grep -Po '(?<=Exec=)[ --0-9A-Za-z/:space:]*' /usr/share/applications/*.desktop ; } 2>>/home/gv/PythonTests/vblog.log

real	0m0.541s
user	0m0.024s
sys	0m0.092s
