This file contains any messages produced by compilers while
running configure, to aid debugging if configure makes a mistake.

It was created by gparted configure 0.25.0, which was
generated by GNU Autoconf 2.69.  Invocation command line was

  $ ./configure --disable-scrollkeeper --enable-libparted-dmraid --enable-online-resize

## --------- ##
## Platform. ##
## --------- ##

hostname = debian
uname -m = x86_64
uname -r = 4.7.0-1-amd64
uname -s = Linux
uname -v = #1 SMP Debian 4.7.5-1 (2016-09-26)

/usr/bin/uname -p = unknown
/bin/uname -X     = unknown

/bin/arch              = unknown
/usr/bin/arch -k       = unknown
/usr/convex/getsysinfo = unknown
/usr/bin/hostinfo      = unknown
/bin/machine           = unknown
/usr/bin/oslevel       = unknown
/bin/universe          = unknown

PATH: /usr/local/bin
PATH: /usr/bin
PATH: /bin
PATH: /usr/local/games
PATH: /usr/games
PATH: /usr/local/sbin
PATH: /sbin
PATH: /usr/sbin


## ----------- ##
## Core tests. ##
## ----------- ##

configure:2504: checking for a BSD-compatible install
configure:2572: result: /usr/bin/install -c
configure:2583: checking whether build environment is sane
configure:2638: result: yes
configure:2787: checking for a thread-safe mkdir -p
configure:2826: result: /bin/mkdir -p
configure:2833: checking for gawk
configure:2849: found /usr/bin/gawk
configure:2860: result: gawk
configure:2871: checking whether make sets $(MAKE)
configure:2893: result: yes
configure:2922: checking whether make supports nested variables
configure:2939: result: yes
configure:3065: checking whether to enable maintainer-specific portions of Makefiles
configure:3074: result: no
configure:3147: checking for g++
configure:3163: found /usr/bin/g++
configure:3174: result: g++
configure:3201: checking for C++ compiler version
configure:3210: g++ --version >&5
g++ (Debian 9.3.0-10) 9.3.0
Copyright (C) 2019 Free Software Foundation, Inc.
This is free software; see the source for copying conditions.  There is NO
warranty; not even for MERCHANTABILITY or FITNESS FOR A PARTICULAR PURPOSE.

configure:3221: $? = 0
configure:3210: g++ -v >&5
Using built-in specs.
COLLECT_GCC=g++
COLLECT_LTO_WRAPPER=/usr/lib/gcc/x86_64-linux-gnu/9/lto-wrapper
OFFLOAD_TARGET_NAMES=nvptx-none:hsa
OFFLOAD_TARGET_DEFAULT=1
Target: x86_64-linux-gnu
Configured with: ../src/configure -v --with-pkgversion='Debian 9.3.0-10' --with-bugurl=file:///usr/share/doc/gcc-9/README.Bugs --enable-languages=c,ada,c++,go,brig,d,fortran,objc,obj-c++,gm2 --prefix=/usr --with-gcc-major-version-only --program-suffix=-9 --program-prefix=x86_64-linux-gnu- --enable-shared --enable-linker-build-id --libexecdir=/usr/lib --without-included-gettext --enable-threads=posix --libdir=/usr/lib --enable-nls --enable-bootstrap --enable-clocale=gnu --enable-libstdcxx-debug --enable-libstdcxx-time=yes --with-default-libstdcxx-abi=new --enable-gnu-unique-object --disable-vtable-verify --enable-plugin --enable-default-pie --with-system-zlib --with-target-system-zlib=auto --enable-objc-gc=auto --enable-multiarch --disable-werror --with-arch-32=i686 --with-abi=m64 --with-multilib-list=m32,m64,mx32 --enable-multilib --with-tune=generic --enable-offload-targets=nvptx-none,hsa --without-cuda-driver --enable-checking=release --build=x86_64-linux-gnu --host=x86_64-linux-gnu --target=x86_64-linux-gnu --with-build-config=bootstrap-lto-lean --enable-link-mutex
Thread model: posix
gcc version 9.3.0 (Debian 9.3.0-10) 
configure:3221: $? = 0
configure:3210: g++ -V >&5
g++: error: unrecognized command line option '-V'
g++: fatal error: no input files
compilation terminated.
configure:3221: $? = 1
configure:3210: g++ -qversion >&5
g++: error: unrecognized command line option '-qversion'; did you mean '--version'?
g++: fatal error: no input files
compilation terminated.
configure:3221: $? = 1
configure:3241: checking whether the C++ compiler works
configure:3263: g++    conftest.cpp  >&5
configure:3267: $? = 0
configure:3315: result: yes
configure:3318: checking for C++ compiler default output file name
configure:3320: result: a.out
configure:3326: checking for suffix of executables
configure:3333: g++ -o conftest    conftest.cpp  >&5
configure:3337: $? = 0
configure:3359: result: 
configure:3381: checking whether we are cross compiling
configure:3389: g++ -o conftest    conftest.cpp  >&5
configure:3393: $? = 0
configure:3400: ./conftest
configure:3404: $? = 0
configure:3392: result: no
configure:3397: checking for suffix of object files
configure:3419: g++ -c   conftest.cpp >&5
configure:3423: $? = 0
configure:3444: result: o
configure:3448: checking whether we are using the GNU C++ compiler
configure:3467: g++ -c   conftest.cpp >&5
configure:3467: $? = 0
configure:3476: result: yes
configure:3485: checking whether g++ accepts -g
configure:3505: g++ -c -g  conftest.cpp >&5
configure:3505: $? = 0
configure:3546: result: yes
configure:3580: checking for style of include used by make
configure:3608: result: GNU
configure:3634: checking dependency style of g++
configure:3745: result: gcc3
configure:3808: checking for gcc
configure:3824: found /usr/bin/gcc
configure:3835: result: gcc
configure:4064: checking for C compiler version
configure:4073: gcc --version >&5
gcc (Debian 9.3.0-10) 9.3.0
Copyright (C) 2019 Free Software Foundation, Inc.
This is free software; see the source for copying conditions.  There is NO
warranty; not even for MERCHANTABILITY or FITNESS FOR A PARTICULAR PURPOSE.

configure:4084: $? = 0
configure:4073: gcc -v >&5
Using built-in specs.
COLLECT_GCC=gcc
COLLECT_LTO_WRAPPER=/usr/lib/gcc/x86_64-linux-gnu/9/lto-wrapper
OFFLOAD_TARGET_NAMES=nvptx-none:hsa
OFFLOAD_TARGET_DEFAULT=1
Target: x86_64-linux-gnu
Configured with: ../src/configure -v --with-pkgversion='Debian 9.3.0-10' --with-bugurl=file:///usr/share/doc/gcc-9/README.Bugs --enable-languages=c,ada,c++,go,brig,d,fortran,objc,obj-c++,gm2 --prefix=/usr --with-gcc-major-version-only --program-suffix=-9 --program-prefix=x86_64-linux-gnu- --enable-shared --enable-linker-build-id --libexecdir=/usr/lib --without-included-gettext --enable-threads=posix --libdir=/usr/lib --enable-nls --enable-bootstrap --enable-clocale=gnu --enable-libstdcxx-debug --enable-libstdcxx-time=yes --with-default-libstdcxx-abi=new --enable-gnu-unique-object --disable-vtable-verify --enable-plugin --enable-default-pie --with-system-zlib --with-target-system-zlib=auto --enable-objc-gc=auto --enable-multiarch --disable-werror --with-arch-32=i686 --with-abi=m64 --with-multilib-list=m32,m64,mx32 --enable-multilib --with-tune=generic --enable-offload-targets=nvptx-none,hsa --without-cuda-driver --enable-checking=release --build=x86_64-linux-gnu --host=x86_64-linux-gnu --target=x86_64-linux-gnu --with-build-config=bootstrap-lto-lean --enable-link-mutex
Thread model: posix
gcc version 9.3.0 (Debian 9.3.0-10) 
configure:4084: $? = 0
configure:4073: gcc -V >&5
gcc: error: unrecognized command line option '-V'
gcc: fatal error: no input files
compilation terminated.
configure:4084: $? = 1
configure:4073: gcc -qversion >&5
gcc: error: unrecognized command line option '-qversion'; did you mean '--version'?
gcc: fatal error: no input files
compilation terminated.
configure:4084: $? = 1
configure:4088: checking whether we are using the GNU C compiler
configure:4107: gcc -c   conftest.c >&5
configure:4107: $? = 0
configure:4116: result: yes
configure:4125: checking whether gcc accepts -g
configure:4145: gcc -c -g  conftest.c >&5
configure:4145: $? = 0
configure:4186: result: yes
configure:4203: checking for gcc option to accept ISO C89
configure:4266: gcc  -c -g -O2  conftest.c >&5
configure:4266: $? = 0
configure:4279: result: none needed
configure:4304: checking whether gcc understands -c and -o together
configure:4326: gcc -c conftest.c -o conftest2.o
configure:4329: $? = 0
configure:4326: gcc -c conftest.c -o conftest2.o
configure:4329: $? = 0
configure:4341: result: yes
configure:4360: checking dependency style of gcc
configure:4471: result: gcc3
configure:4515: checking build system type
configure:4529: result: x86_64-unknown-linux-gnu
configure:4549: checking host system type
configure:4562: result: x86_64-unknown-linux-gnu
configure:4603: checking how to print strings
configure:4630: result: printf
configure:4651: checking for a sed that does not truncate output
configure:4715: result: /bin/sed
configure:4733: checking for grep that handles long lines and -e
configure:4791: result: /bin/grep
configure:4796: checking for egrep
configure:4858: result: /bin/grep -E
configure:4863: checking for fgrep
configure:4925: result: /bin/grep -F
configure:4960: checking for ld used by gcc
configure:5027: result: /usr/bin/ld
configure:5034: checking if the linker (/usr/bin/ld) is GNU ld
configure:5049: result: yes
configure:5061: checking for BSD- or MS-compatible name lister (nm)
configure:5110: result: /usr/bin/nm -B
configure:5240: checking the name lister (/usr/bin/nm -B) interface
configure:5247: gcc -c -g -O2  conftest.c >&5
configure:5250: /usr/bin/nm -B "conftest.o"
configure:5253: output
0000000000000000 B some_variable
configure:5254: result: BSD nm
configure:5257: checking whether ln -s works
configure:5261: result: yes
configure:5269: checking the maximum length of command line arguments
configure:5400: result: 1572864
configure:5417: checking whether the shell understands some XSI constructs
configure:5426: result: yes
configure:5430: checking whether the shell understands "+="
configure:5434: result: yes
configure:5469: checking how to convert x86_64-unknown-linux-gnu file names to x86_64-unknown-linux-gnu format
configure:5509: result: func_convert_file_noop
configure:5516: checking how to convert x86_64-unknown-linux-gnu file names to toolchain format
configure:5536: result: func_convert_file_noop
configure:5543: checking for /usr/bin/ld option to reload object files
configure:5550: result: -r
configure:5624: checking for objdump
configure:5640: found /usr/bin/objdump
configure:5651: result: objdump
configure:5683: checking how to recognize dependent libraries
configure:5881: result: pass_all
configure:5966: checking for dlltool
configure:5996: result: no
configure:6026: checking how to associate runtime and link libraries
configure:6053: result: printf %s\n
configure:6114: checking for ar
configure:6130: found /usr/bin/ar
configure:6141: result: ar
configure:6178: checking for archiver @FILE support
configure:6195: gcc -c -g -O2  conftest.c >&5
configure:6195: $? = 0
configure:6198: ar cru libconftest.a @conftest.lst >&5
ar: `u' modifier ignored since `D' is the default (see `U')
configure:6201: $? = 0
configure:6206: ar cru libconftest.a @conftest.lst >&5
ar: `u' modifier ignored since `D' is the default (see `U')
ar: conftest.o: No such file or directory
configure:6209: $? = 1
configure:6208: result: @
configure:6266: checking for strip
configure:6282: found /usr/bin/strip
configure:6293: result: strip
configure:6365: checking for ranlib
configure:6381: found /usr/bin/ranlib
configure:6392: result: ranlib
configure:6494: checking command to parse /usr/bin/nm -B output from gcc object
configure:6614: gcc -c -g -O2  conftest.c >&5
configure:6617: $? = 0
configure:6621: /usr/bin/nm -B conftest.o \| sed -n -e 's/^.*[ ]\([ABCDGIRSTW][ABCDGIRSTW]*\)[ ][ ]*\([_A-Za-z][_A-Za-z0-9]*\)$/\1 \2 \2/p' | sed '/ __gnu_lto/d' \> conftest.nm
configure:6624: $? = 0
configure:6690: gcc -o conftest -g -O2   conftest.c conftstm.o >&5
configure:6693: $? = 0
configure:6731: result: ok
configure:6768: checking for sysroot
configure:6798: result: no
configure:6875: gcc -c -g -O2  conftest.c >&5
configure:6878: $? = 0
configure:7067: checking for mt
configure:7083: found /bin/mt
configure:7094: result: mt
configure:7117: checking if mt is a manifest tool
configure:7123: mt '-?'
configure:7131: result: no
configure:7773: checking how to run the C preprocessor
configure:7804: gcc -E  conftest.c
configure:7804: $? = 0
configure:7818: gcc -E  conftest.c
conftest.c:11:10: fatal error: ac_nonexistent.h: No such file or directory
   11 | #include <ac_nonexistent.h>
      |          ^~~~~~~~~~~~~~~~~~
compilation terminated.
configure:7818: $? = 1
configure: failed program was:
| /* confdefs.h */
| #define PACKAGE_NAME "gparted"
| #define PACKAGE_TARNAME "gparted"
| #define PACKAGE_VERSION "0.25.0"
| #define PACKAGE_STRING "gparted 0.25.0"
| #define PACKAGE_BUGREPORT "https://bugzilla.gnome.org/enter_bug.cgi?product=gparted"
| #define PACKAGE_URL ""
| #define PACKAGE "gparted"
| #define VERSION "0.25.0"
| /* end confdefs.h.  */
| #include <ac_nonexistent.h>
configure:7843: result: gcc -E
configure:7863: gcc -E  conftest.c
configure:7863: $? = 0
configure:7877: gcc -E  conftest.c
conftest.c:11:10: fatal error: ac_nonexistent.h: No such file or directory
   11 | #include <ac_nonexistent.h>
      |          ^~~~~~~~~~~~~~~~~~
compilation terminated.
configure:7877: $? = 1
configure: failed program was:
| /* confdefs.h */
| #define PACKAGE_NAME "gparted"
| #define PACKAGE_TARNAME "gparted"
| #define PACKAGE_VERSION "0.25.0"
| #define PACKAGE_STRING "gparted 0.25.0"
| #define PACKAGE_BUGREPORT "https://bugzilla.gnome.org/enter_bug.cgi?product=gparted"
| #define PACKAGE_URL ""
| #define PACKAGE "gparted"
| #define VERSION "0.25.0"
| /* end confdefs.h.  */
| #include <ac_nonexistent.h>
configure:7906: checking for ANSI C header files
configure:7926: gcc -c -g -O2  conftest.c >&5
configure:7926: $? = 0
configure:7999: gcc -o conftest -g -O2   conftest.c  >&5
configure:7999: $? = 0
configure:7999: ./conftest
configure:7999: $? = 0
configure:8010: result: yes
configure:8023: checking for sys/types.h
configure:8023: gcc -c -g -O2  conftest.c >&5
configure:8023: $? = 0
configure:8023: result: yes
configure:8023: checking for sys/stat.h
configure:8023: gcc -c -g -O2  conftest.c >&5
configure:8023: $? = 0
configure:8023: result: yes
configure:8023: checking for stdlib.h
configure:8023: gcc -c -g -O2  conftest.c >&5
configure:8023: $? = 0
configure:8023: result: yes
configure:8023: checking for string.h
configure:8023: gcc -c -g -O2  conftest.c >&5
configure:8023: $? = 0
configure:8023: result: yes
configure:8023: checking for memory.h
configure:8023: gcc -c -g -O2  conftest.c >&5
configure:8023: $? = 0
configure:8023: result: yes
configure:8023: checking for strings.h
configure:8023: gcc -c -g -O2  conftest.c >&5
configure:8023: $? = 0
configure:8023: result: yes
configure:8023: checking for inttypes.h
configure:8023: gcc -c -g -O2  conftest.c >&5
configure:8023: $? = 0
configure:8023: result: yes
configure:8023: checking for stdint.h
configure:8023: gcc -c -g -O2  conftest.c >&5
configure:8023: $? = 0
configure:8023: result: yes
configure:8023: checking for unistd.h
configure:8023: gcc -c -g -O2  conftest.c >&5
configure:8023: $? = 0
configure:8023: result: yes
configure:8037: checking for dlfcn.h
configure:8037: gcc -c -g -O2  conftest.c >&5
configure:8037: $? = 0
configure:8037: result: yes
configure:8254: checking for objdir
configure:8269: result: .libs
configure:8540: checking if gcc supports -fno-rtti -fno-exceptions
configure:8558: gcc -c -g -O2  -fno-rtti -fno-exceptions conftest.c >&5
cc1: warning: command line option '-fno-rtti' is valid for C++/D/ObjC++ but not for C
configure:8562: $? = 0
configure:8575: result: no
configure:8902: checking for gcc option to produce PIC
configure:8909: result: -fPIC -DPIC
configure:8917: checking if gcc PIC flag -fPIC -DPIC works
configure:8935: gcc -c -g -O2  -fPIC -DPIC -DPIC conftest.c >&5
configure:8939: $? = 0
configure:8952: result: yes
configure:8981: checking if gcc static flag -static works
configure:9009: result: yes
configure:9024: checking if gcc supports -c -o file.o
configure:9045: gcc -c -g -O2  -o out/conftest2.o conftest.c >&5
configure:9049: $? = 0
configure:9071: result: yes
configure:9079: checking if gcc supports -c -o file.o
configure:9126: result: yes
configure:9159: checking whether the gcc linker (/usr/bin/ld -m elf_x86_64) supports shared libraries
configure:10316: result: yes
configure:10353: checking whether -lc should be explicitly linked in
configure:10361: gcc -c -g -O2  conftest.c >&5
configure:10364: $? = 0
configure:10379: gcc -shared  -fPIC -DPIC conftest.o  -v -Wl,-soname -Wl,conftest -o conftest 2\>\&1 \| /bin/grep  -lc  \>/dev/null 2\>\&1
configure:10382: $? = 0
configure:10396: result: no
configure:10556: checking dynamic linker characteristics
configure:11056: gcc -o conftest -g -O2   -Wl,-rpath -Wl,/foo conftest.c  >&5
configure:11056: $? = 0
configure:11290: result: GNU/Linux ld.so
configure:11397: checking how to hardcode library paths into programs
configure:11422: result: immediate
configure:11962: checking whether stripping libraries is possible
configure:11967: result: yes
configure:12002: checking if libtool supports shared libraries
configure:12004: result: yes
configure:12007: checking whether to build shared libraries
configure:12028: result: yes
configure:12031: checking whether to build static libraries
configure:12035: result: yes
configure:9063: checking how to run the C++ preprocessor
configure:9090: g++ -E  conftest.cpp
configure:9090: $? = 0
configure:9104: g++ -E  conftest.cpp
conftest.cpp:23:10: fatal error: ac_nonexistent.h: No such file or directory
   23 | #include <ac_nonexistent.h>
      |          ^~~~~~~~~~~~~~~~~~
compilation terminated.
configure:9104: $? = 1
configure: failed program was:
| /* confdefs.h */
| #define PACKAGE_NAME "gparted"
| #define PACKAGE_TARNAME "gparted"
| #define PACKAGE_VERSION "0.25.0"
| #define PACKAGE_STRING "gparted 0.25.0"
| #define PACKAGE_BUGREPORT "https://bugzilla.gnome.org/enter_bug.cgi?product=gparted"
| #define PACKAGE_URL ""
| #define PACKAGE "gparted"
| #define VERSION "0.25.0"
| #define STDC_HEADERS 1
| #define HAVE_SYS_TYPES_H 1
| #define HAVE_SYS_STAT_H 1
| #define HAVE_STDLIB_H 1
| #define HAVE_STRING_H 1
| #define HAVE_MEMORY_H 1
| #define HAVE_STRINGS_H 1
| #define HAVE_INTTYPES_H 1
| #define HAVE_STDINT_H 1
| #define HAVE_UNISTD_H 1
| #define HAVE_DLFCN_H 1
| #define LT_OBJDIR ".libs/"
| /* end confdefs.h.  */
| #include <ac_nonexistent.h>
configure:9129: result: g++ -E
configure:9149: g++ -E  conftest.cpp
configure:9149: $? = 0
configure:9163: g++ -E  conftest.cpp
conftest.cpp:23:10: fatal error: ac_nonexistent.h: No such file or directory
   23 | #include <ac_nonexistent.h>
      |          ^~~~~~~~~~~~~~~~~~
compilation terminated.
configure:9163: $? = 1
configure: failed program was:
| /* confdefs.h */
| #define PACKAGE_NAME "gparted"
| #define PACKAGE_TARNAME "gparted"
| #define PACKAGE_VERSION "0.25.0"
| #define PACKAGE_STRING "gparted 0.25.0"
| #define PACKAGE_BUGREPORT "https://bugzilla.gnome.org/enter_bug.cgi?product=gparted"
| #define PACKAGE_URL ""
| #define PACKAGE "gparted"
| #define VERSION "0.25.0"
| #define STDC_HEADERS 1
| #define HAVE_SYS_TYPES_H 1
| #define HAVE_SYS_STAT_H 1
| #define HAVE_STDLIB_H 1
| #define HAVE_STRING_H 1
| #define HAVE_MEMORY_H 1
| #define HAVE_STRINGS_H 1
| #define HAVE_INTTYPES_H 1
| #define HAVE_STDINT_H 1
| #define HAVE_UNISTD_H 1
| #define HAVE_DLFCN_H 1
| #define LT_OBJDIR ".libs/"
| /* end confdefs.h.  */
| #include <ac_nonexistent.h>
configure:9332: checking for ld used by g++
configure:9399: result: /usr/bin/ld -m elf_x86_64
configure:9406: checking if the linker (/usr/bin/ld -m elf_x86_64) is GNU ld
configure:9421: result: yes
configure:9476: checking whether the g++ linker (/usr/bin/ld -m elf_x86_64) supports shared libraries
configure:10478: result: yes
configure:10514: g++ -c -g -O2  conftest.cpp >&5
configure:10517: $? = 0
configure:11037: checking for g++ option to produce PIC
configure:11044: result: -fPIC -DPIC
configure:11052: checking if g++ PIC flag -fPIC -DPIC works
configure:11070: g++ -c -g -O2  -fPIC -DPIC -DPIC conftest.cpp >&5
configure:11074: $? = 0
configure:11087: result: yes
configure:11110: checking if g++ static flag -static works
configure:11138: result: yes
configure:11150: checking if g++ supports -c -o file.o
configure:11171: g++ -c -g -O2  -o out/conftest2.o conftest.cpp >&5
configure:11175: $? = 0
configure:11197: result: yes
configure:11202: checking if g++ supports -c -o file.o
configure:11249: result: yes
configure:11279: checking whether the g++ linker (/usr/bin/ld -m elf_x86_64) supports shared libraries
configure:11318: result: yes
configure:11459: checking dynamic linker characteristics
configure:12127: result: GNU/Linux ld.so
configure:12180: checking how to hardcode library paths into programs
configure:12205: result: immediate
configure:11206: checking for gawk
configure:11233: result: gawk
configure:11298: checking for pkg-config
configure:11316: found /usr/bin/pkg-config
configure:11328: result: /usr/bin/pkg-config
configure:11353: checking pkg-config is at least version 0.9.0
configure:11356: result: yes
configure:11365: $PKG_CONFIG --exists --print-errors ""
Must specify package names on the command line
configure:11368: $? = 1
configure:11378: checking for gksudo
configure:11394: found /usr/bin/gksudo
configure:11405: result: gksudo
configure:11429: checking locale.h usability
configure:11429: gcc -c -g -O2  conftest.c >&5
configure:11429: $? = 0
configure:11429: result: yes
configure:11429: checking locale.h presence
configure:11429: gcc -E  conftest.c
configure:11429: $? = 0
configure:11429: result: yes
configure:11429: checking for locale.h
configure:11429: result: yes
configure:11440: checking for LC_MESSAGES
configure:11456: gcc -o conftest -g -O2   conftest.c  >&5
configure:11456: $? = 0
configure:11464: result: yes
configure:11481: checking libintl.h usability
configure:11481: gcc -c -g -O2  conftest.c >&5
configure:11481: $? = 0
configure:11481: result: yes
configure:11481: checking libintl.h presence
configure:11481: gcc -E  conftest.c
configure:11481: $? = 0
configure:11481: result: yes
configure:11481: checking for libintl.h
configure:11481: result: yes
configure:11489: checking for ngettext in libc
configure:11507: gcc -o conftest -g -O2   conftest.c  >&5
configure:11507: $? = 0
configure:11516: result: yes
configure:11520: checking for dgettext in libc
configure:11538: gcc -o conftest -g -O2   conftest.c  >&5
configure:11538: $? = 0
configure:11547: result: yes
configure:11554: checking for bind_textdomain_codeset
configure:11554: gcc -o conftest -g -O2   conftest.c  >&5
configure:11554: $? = 0
configure:11554: result: yes
configure:11830: checking for msgfmt
configure:11857: result: /usr/bin/msgfmt
configure:11868: checking for dcgettext
configure:11868: gcc -o conftest -g -O2   conftest.c   >&5
conftest.c:51:6: warning: conflicting types for built-in function 'dcgettext'; expected 'char *(const char *, const char *, int)' [-Wbuiltin-declaration-mismatch]
   51 | char dcgettext ();
      |      ^~~~~~~~~
configure:11868: $? = 0
configure:11868: result: yes
configure:11878: checking if msgfmt accepts -c
configure:11893: $MSGFMT -c -o /dev/null conftest.foo
conftest.foo:3: warning: header field 'Language' missing in header
configure:11896: $? = 0
configure:11898: result: yes
configure:11908: checking for gmsgfmt
configure:11939: result: /usr/bin/msgfmt
configure:11949: checking for xgettext
configure:11976: result: /usr/bin/xgettext
configure:11995: gcc -o conftest -g -O2   conftest.c   >&5
configure:11995: $? = 0
configure:12135: checking whether NLS is requested
configure:12144: result: yes
configure:12162: checking for intltool >= 0.35.5
configure:12164: result: 0.51.0 found
configure:12172: checking for intltool-update
configure:12190: found /usr/bin/intltool-update
configure:12202: result: /usr/bin/intltool-update
configure:12212: checking for intltool-merge
configure:12230: found /usr/bin/intltool-merge
configure:12242: result: /usr/bin/intltool-merge
configure:12252: checking for intltool-extract
configure:12270: found /usr/bin/intltool-extract
configure:12282: result: /usr/bin/intltool-extract
configure:12436: checking for xgettext
configure:12466: result: /usr/bin/xgettext
configure:12476: checking for msgmerge
configure:12494: found /usr/bin/msgmerge
configure:12506: result: /usr/bin/msgmerge
configure:12516: checking for msgfmt
configure:12546: result: /usr/bin/msgfmt
configure:12556: checking for gmsgfmt
configure:12587: result: /usr/bin/msgfmt
configure:12607: checking for perl
configure:12625: found /usr/bin/perl
configure:12637: result: /usr/bin/perl
configure:12648: checking for perl >= 5.8.1
configure:12655: result: 5.30.0
configure:12659: checking for XML::Parser
configure:12662: result: ok
configure:12715: checking for uuid_generate in -luuid
configure:12740: gcc -o conftest -g -O2   conftest.c -luuid   >&5
configure:12740: $? = 0
configure:12749: result: yes
configure:12762: checking for dlopen in -ldl
configure:12787: gcc -o conftest -g -O2   conftest.c -ldl  -luuid  >&5
configure:12787: $? = 0
configure:12796: result: yes
configure:12809: checking for ped_device_read in -lparted
configure:12834: gcc -o conftest -g -O2   conftest.c -lparted  -ldl -luuid  >&5
configure:12834: $? = 0
configure:12843: result: yes
configure:12859: checking for libparted >= 1.7.1 (querying pkg-config)
configure:12864: $PKG_CONFIG --exists --print-errors "libparted"
configure:12867: $? = 0
configure:12872: result: 3.3
configure:12930: checking for 2.0 <= libparted <= 3.0 (loop table creation doesn't delete old partitions)
configure:12946: result: (cached) no
configure:12952: checking for libparted >= 2.2 (improved pt re-read)
configure:12961: result: (cached) yes
configure:12974: checking for ped_file_system_resize in -lparted
configure:12999: gcc -o conftest -g -O2   conftest.c -lparted  -lparted -ldl -luuid  >&5
/usr/bin/ld: /tmp/ccfMSEv9.o: in function `main':
/home/gv/Desktop/PythonTests/gparted-0.25.0/conftest.c:45: undefined reference to `ped_file_system_resize'
collect2: error: ld returned 1 exit status
configure:12999: $? = 1
configure: failed program was:
| /* confdefs.h */
| #define PACKAGE_NAME "gparted"
| #define PACKAGE_TARNAME "gparted"
| #define PACKAGE_VERSION "0.25.0"
| #define PACKAGE_STRING "gparted 0.25.0"
| #define PACKAGE_BUGREPORT "https://bugzilla.gnome.org/enter_bug.cgi?product=gparted"
| #define PACKAGE_URL ""
| #define PACKAGE "gparted"
| #define VERSION "0.25.0"
| #define STDC_HEADERS 1
| #define HAVE_SYS_TYPES_H 1
| #define HAVE_SYS_STAT_H 1
| #define HAVE_STDLIB_H 1
| #define HAVE_STRING_H 1
| #define HAVE_MEMORY_H 1
| #define HAVE_STRINGS_H 1
| #define HAVE_INTTYPES_H 1
| #define HAVE_STDINT_H 1
| #define HAVE_UNISTD_H 1
| #define HAVE_DLFCN_H 1
| #define LT_OBJDIR ".libs/"
| #define GETTEXT_PACKAGE "gparted"
| #define HAVE_LOCALE_H 1
| #define HAVE_LC_MESSAGES 1
| #define HAVE_BIND_TEXTDOMAIN_CODESET 1
| #define HAVE_GETTEXT 1
| #define HAVE_DCGETTEXT 1
| #define ENABLE_NLS 1
| #define HAVE_LIBUUID 1
| #define HAVE_LIBDL 1
| #define HAVE_LIBPARTED 1
| #define USE_LIBPARTED_LARGE_SECTOR_SUPPORT 1
| /* end confdefs.h.  */
| 
| /* Override any GCC internal prototype to avoid an error.
|    Use char because int might match the return type of a GCC
|    builtin and then its argument prototype would still apply.  */
| #ifdef __cplusplus
| extern "C"
| #endif
| char ped_file_system_resize ();
| int
| main ()
| {
| return ped_file_system_resize ();
|   ;
|   return 0;
| }
configure:13008: result: no
configure:13019: checking for ped_file_system_resize in -lparted-fs-resize
configure:13044: gcc -o conftest -g -O2   conftest.c -lparted-fs-resize  -lparted -ldl -luuid  >&5
configure:13044: $? = 0
configure:13053: result: yes
configure:13067: checking for libparted >= 3.2 (online resize)
configure:13073: result: (cached) yes
configure:13091: checking for GTHREAD
configure:13098: $PKG_CONFIG --exists --print-errors "gthread-2.0"
configure:13101: $? = 0
configure:13115: $PKG_CONFIG --exists --print-errors "gthread-2.0"
configure:13118: $? = 0
configure:13176: result: yes
configure:13185: checking for GTKMM
configure:13192: $PKG_CONFIG --exists --print-errors "gtkmm-2.4 > 2.8"
configure:13195: $? = 0
configure:13209: $PKG_CONFIG --exists --print-errors "gtkmm-2.4 > 2.8"
configure:13212: $? = 0
configure:13270: result: yes
configure:13278: checking for Glib::Regex class
configure:13281: $PKG_CONFIG --exists --print-errors "glibmm-2.4 >= 2.14.0"
configure:13284: $? = 0
configure:13289: result: yes
configure:13309: checking for Gtk::Window::set_default_icon_name method
configure:13325: g++ -o conftest -g -O2 -pthread -I/usr/include/gtkmm-2.4 -I/usr/lib/x86_64-linux-gnu/gtkmm-2.4/include -I/usr/include/atkmm-1.6 -I/usr/include/gtk-unix-print-2.0 -I/usr/include/gtk-2.0 -I/usr/include/gdkmm-2.4 -I/usr/lib/x86_64-linux-gnu/gdkmm-2.4/include -I/usr/include/giomm-2.4 -I/usr/lib/x86_64-linux-gnu/giomm-2.4/include -I/usr/include/pangomm-1.4 -I/usr/lib/x86_64-linux-gnu/pangomm-1.4/include -I/usr/include/glibmm-2.4 -I/usr/lib/x86_64-linux-gnu/glibmm-2.4/include -I/usr/include/cairomm-1.0 -I/usr/lib/x86_64-linux-gnu/cairomm-1.0/include -I/usr/include/sigc++-2.0 -I/usr/lib/x86_64-linux-gnu/sigc++-2.0/include -I/usr/include/gtk-2.0 -I/usr/lib/x86_64-linux-gnu/gtk-2.0/include -I/usr/include/pango-1.0 -I/usr/include/atk-1.0 -I/usr/include/gdk-pixbuf-2.0 -I/usr/include/libmount -I/usr/include/blkid -I/usr/include/pango-1.0 -I/usr/include/fribidi -I/usr/include/cairo -I/usr/include/pixman-1 -I/usr/include/harfbuzz -I/usr/include/glib-2.0 -I/usr/lib/x86_64-linux-gnu/glib-2.0/include -I/usr/include/uuid -I/usr/include/freetype2 -I/usr/include/libpng16   conftest.cpp -lgtkmm-2.4 -latkmm-1.6 -lgtk-x11-2.0 -lgdkmm-2.4 -lgiomm-2.4 -lpangomm-1.4 -lglibmm-2.4 -lcairomm-1.0 -lsigc-2.0 -lgtk-x11-2.0 -lgdk-x11-2.0 -lpangocairo-1.0 -latk-1.0 -lcairo -lgdk_pixbuf-2.0 -lgio-2.0 -lpangoft2-1.0 -lpango-1.0 -lgobject-2.0 -lglib-2.0 -lharfbuzz -lfontconfig -lfreetype >&5
In file included from /usr/include/gdkmm-2.4/gdkmm.h:34,
                 from /usr/include/gtkmm-2.4/gtkmm.h:89,
                 from conftest.cpp:36:
/usr/include/gdkmm-2.4/gdkmm/pixbufanimation.h:124:72: warning: 'GTimeVal' is deprecated: Use 'GDateTime' instead [-Wdeprecated-declarations]
  124 |   Glib::RefPtr<PixbufAnimationIter> get_iter(const GTimeVal* start_time);
      |                                                                        ^
In file included from /usr/include/glib-2.0/glib/galloca.h:32,
                 from /usr/include/glib-2.0/glib.h:30,
                 from /usr/include/glibmm-2.4/glibmm/thread.h:39,
                 from /usr/include/glibmm-2.4/glibmm.h:88,
                 from /usr/include/gtkmm-2.4/gtkmm.h:87,
                 from conftest.cpp:36:
/usr/include/glib-2.0/glib/gtypes.h:545:26: note: declared here
  545 | typedef struct _GTimeVal GTimeVal GLIB_DEPRECATED_TYPE_IN_2_62_FOR(GDateTime);
      |                          ^~~~~~~~
In file included from /usr/include/gtk-2.0/gtk/gtkobject.h:37,
                 from /usr/include/gtk-2.0/gtk/gtkwidget.h:36,
                 from /usr/include/gtk-2.0/gtk/gtkcontainer.h:35,
                 from /usr/include/gtk-2.0/gtk/gtkbin.h:35,
                 from /usr/include/gtk-2.0/gtk/gtkwindow.h:36,
                 from /usr/include/gtk-2.0/gtk/gtkdialog.h:35,
                 from /usr/include/gtk-2.0/gtk/gtkaboutdialog.h:32,
                 from /usr/include/gtk-2.0/gtk/gtk.h:33,
                 from /usr/include/gtkmm-2.4/gtkmm/box.h:44,
                 from /usr/include/gtkmm-2.4/gtkmm.h:91,
                 from conftest.cpp:36:
/usr/include/gtk-2.0/gtk/gtktypeutils.h:236:64: warning: 'GTypeDebugFlags' is deprecated [-Wdeprecated-declarations]
  236 | void            gtk_type_init   (GTypeDebugFlags    debug_flags);
      |                                                                ^
In file included from /usr/include/glib-2.0/gobject/gobject.h:24,
                 from /usr/include/glib-2.0/gobject/gbinding.h:29,
                 from /usr/include/glib-2.0/glib-object.h:22,
                 from /usr/include/glibmm-2.4/glibmm/value.h:24,
                 from /usr/include/glibmm-2.4/glibmm/error.h:22,
                 from /usr/include/glibmm-2.4/glibmm/thread.h:48,
                 from /usr/include/glibmm-2.4/glibmm.h:88,
                 from /usr/include/gtkmm-2.4/gtkmm.h:87,
                 from conftest.cpp:36:
/usr/include/glib-2.0/gobject/gtype.h:685:3: note: declared here
  685 | } GTypeDebugFlags GLIB_DEPRECATED_TYPE_IN_2_36;
      |   ^~~~~~~~~~~~~~~
In file included from /usr/include/gtk-2.0/gtk/gtktoolitem.h:31,
                 from /usr/include/gtk-2.0/gtk/gtktoolbutton.h:30,
                 from /usr/include/gtk-2.0/gtk/gtkmenutoolbutton.h:30,
                 from /usr/include/gtk-2.0/gtk/gtk.h:126,
                 from /usr/include/gtkmm-2.4/gtkmm/box.h:44,
                 from /usr/include/gtkmm-2.4/gtkmm.h:91,
                 from conftest.cpp:36:
/usr/include/gtk-2.0/gtk/gtktooltips.h:73:12: warning: 'GTimeVal' is deprecated: Use 'GDateTime' instead [-Wdeprecated-declarations]
   73 |   GTimeVal last_popdown;
      |            ^~~~~~~~~~~~
In file included from /usr/include/glib-2.0/glib/galloca.h:32,
                 from /usr/include/glib-2.0/glib.h:30,
                 from /usr/include/glibmm-2.4/glibmm/thread.h:39,
                 from /usr/include/glibmm-2.4/glibmm.h:88,
                 from /usr/include/gtkmm-2.4/gtkmm.h:87,
                 from conftest.cpp:36:
/usr/include/glib-2.0/glib/gtypes.h:545:26: note: declared here
  545 | typedef struct _GTimeVal GTimeVal GLIB_DEPRECATED_TYPE_IN_2_62_FOR(GDateTime);
      |                          ^~~~~~~~
configure:13325: $? = 0
configure:13337: result: yes
configure:13366: checking for gtk_show_uri function
configure:13369: $PKG_CONFIG --exists --print-errors "gtkmm-2.4 >= 2.16.0"
configure:13372: $? = 0
configure:13377: result: yes
configure:13387: checking for Gtk::MessageDialog::get_message_area() method
configure:13390: $PKG_CONFIG --exists --print-errors "gtkmm-2.4 >= 2.22.0"
configure:13393: $? = 0
configure:13398: result: yes
configure:13408: checking for glibmm >= 2.45.40 which requires C++11 compilation
configure:13411: $PKG_CONFIG --exists --print-errors "glibmm-2.4 >= 2.45.40"
configure:13414: $? = 0
configure:13416: result: yes
configure:13425: checking whether g++ supports C++11 features by default
configure:13485: g++ -c -g -O2  conftest.cpp >&5
configure:13485: $? = 0
configure:13492: result: yes
configure:13707: checking whether help documentation should be built
configure:13713: result: yes
configure:13729: checking gnome-doc-utils >= 0.3.2
configure:13732: $PKG_CONFIG --exists --print-errors "gnome-doc-utils >= $gdu_cv_version_required"
configure:13735: $? = 0
configure:13743: result: yes
configure:13931: checking whether to use native libparted /dev/mapper dmraid support
configure:13937: result: yes
configure:13954: checking whether online resize support is enabled
configure:13960: result: yes
configure:14072: checking that generated files are newer than configure
configure:14078: result: done
configure:14141: creating ./config.status

## ---------------------- ##
## Running config.status. ##
## ---------------------- ##

This file was extended by gparted config.status 0.25.0, which was
generated by GNU Autoconf 2.69.  Invocation command line was

  CONFIG_FILES    = 
  CONFIG_HEADERS  = 
  CONFIG_LINKS    = 
  CONFIG_COMMANDS = 
  $ ./config.status 

on debian

config.status:1268: creating Makefile
config.status:1268: creating compose/Makefile
config.status:1268: creating data/Makefile
config.status:1268: creating data/icons/Makefile
config.status:1268: creating doc/Makefile
config.status:1268: creating help/Makefile
config.status:1268: creating include/Makefile
config.status:1268: creating src/Makefile
config.status:1268: creating po/Makefile.in
config.status:1268: creating config.h
config.status:1497: executing depfiles commands
config.status:1497: executing libtool commands
config.status:1497: executing default-1 commands
config.status:1497: executing po/stamp-it commands

## ---------------- ##
## Cache variables. ##
## ---------------- ##

ac_cv_build=x86_64-unknown-linux-gnu
ac_cv_c_compiler_gnu=yes
ac_cv_cxx_compiler_gnu=yes
ac_cv_env_CCC_set=
ac_cv_env_CCC_value=
ac_cv_env_CC_set=
ac_cv_env_CC_value=
ac_cv_env_CFLAGS_set=
ac_cv_env_CFLAGS_value=
ac_cv_env_CPPFLAGS_set=
ac_cv_env_CPPFLAGS_value=
ac_cv_env_CPP_set=
ac_cv_env_CPP_value=
ac_cv_env_CXXCPP_set=
ac_cv_env_CXXCPP_value=
ac_cv_env_CXXFLAGS_set=
ac_cv_env_CXXFLAGS_value=
ac_cv_env_CXX_set=
ac_cv_env_CXX_value=
ac_cv_env_GTHREAD_CFLAGS_set=
ac_cv_env_GTHREAD_CFLAGS_value=
ac_cv_env_GTHREAD_LIBS_set=
ac_cv_env_GTHREAD_LIBS_value=
ac_cv_env_GTKMM_CFLAGS_set=
ac_cv_env_GTKMM_CFLAGS_value=
ac_cv_env_GTKMM_LIBS_set=
ac_cv_env_GTKMM_LIBS_value=
ac_cv_env_LDFLAGS_set=
ac_cv_env_LDFLAGS_value=
ac_cv_env_LIBS_set=
ac_cv_env_LIBS_value=
ac_cv_env_PKG_CONFIG_LIBDIR_set=
ac_cv_env_PKG_CONFIG_LIBDIR_value=
ac_cv_env_PKG_CONFIG_PATH_set=
ac_cv_env_PKG_CONFIG_PATH_value=
ac_cv_env_PKG_CONFIG_set=
ac_cv_env_PKG_CONFIG_value=
ac_cv_env_build_alias_set=
ac_cv_env_build_alias_value=
ac_cv_env_host_alias_set=
ac_cv_env_host_alias_value=
ac_cv_env_target_alias_set=
ac_cv_env_target_alias_value=
ac_cv_func_bind_textdomain_codeset=yes
ac_cv_func_dcgettext=yes
ac_cv_header_dlfcn_h=yes
ac_cv_header_inttypes_h=yes
ac_cv_header_libintl_h=yes
ac_cv_header_locale_h=yes
ac_cv_header_memory_h=yes
ac_cv_header_stdc=yes
ac_cv_header_stdint_h=yes
ac_cv_header_stdlib_h=yes
ac_cv_header_string_h=yes
ac_cv_header_strings_h=yes
ac_cv_header_sys_stat_h=yes
ac_cv_header_sys_types_h=yes
ac_cv_header_unistd_h=yes
ac_cv_host=x86_64-unknown-linux-gnu
ac_cv_lib_dl_dlopen=yes
ac_cv_lib_parted_fs_resize_ped_file_system_resize=yes
ac_cv_lib_parted_ped_device_read=yes
ac_cv_lib_parted_ped_file_system_resize=no
ac_cv_lib_uuid_uuid_generate=yes
ac_cv_objext=o
ac_cv_path_EGREP='/bin/grep -E'
ac_cv_path_FGREP='/bin/grep -F'
ac_cv_path_GMSGFMT=/usr/bin/msgfmt
ac_cv_path_GREP=/bin/grep
ac_cv_path_INTLTOOL_EXTRACT=/usr/bin/intltool-extract
ac_cv_path_INTLTOOL_MERGE=/usr/bin/intltool-merge
ac_cv_path_INTLTOOL_PERL=/usr/bin/perl
ac_cv_path_INTLTOOL_UPDATE=/usr/bin/intltool-update
ac_cv_path_MSGFMT=/usr/bin/msgfmt
ac_cv_path_MSGMERGE=/usr/bin/msgmerge
ac_cv_path_SED=/bin/sed
ac_cv_path_XGETTEXT=/usr/bin/xgettext
ac_cv_path_ac_pt_PKG_CONFIG=/usr/bin/pkg-config
ac_cv_path_install='/usr/bin/install -c'
ac_cv_path_mkdir=/bin/mkdir
ac_cv_prog_AWK=gawk
ac_cv_prog_CPP='gcc -E'
ac_cv_prog_CXXCPP='g++ -E'
ac_cv_prog_GKSUPROG=gksudo
ac_cv_prog_ac_ct_AR=ar
ac_cv_prog_ac_ct_CC=gcc
ac_cv_prog_ac_ct_CXX=g++
ac_cv_prog_ac_ct_MANIFEST_TOOL=mt
ac_cv_prog_ac_ct_OBJDUMP=objdump
ac_cv_prog_ac_ct_RANLIB=ranlib
ac_cv_prog_ac_ct_STRIP=strip
ac_cv_prog_cc_c89=
ac_cv_prog_cc_g=yes
ac_cv_prog_cxx_g=yes
ac_cv_prog_make_make_set=yes
am_cv_CC_dependencies_compiler_type=gcc3
am_cv_CXX_dependencies_compiler_type=gcc3
am_cv_make_support_nested_variables=yes
am_cv_prog_cc_c_o=yes
am_cv_val_LC_MESSAGES=yes
ax_cv_cxx_compile_cxx11=yes
gdu_cv_have_gdu=yes
gdu_cv_version_required=0.3.2
gt_cv_func_dgettext_libc=yes
gt_cv_func_dgettext_libintl=no
gt_cv_func_ngettext_libc=yes
gt_cv_have_gettext=yes
lt_cv_ar_at_file=@
lt_cv_archive_cmds_need_lc=no
lt_cv_deplibs_check_method=pass_all
lt_cv_file_magic_cmd='$MAGIC_CMD'
lt_cv_file_magic_test_file=
lt_cv_ld_reload_flag=-r
lt_cv_nm_interface='BSD nm'
lt_cv_objdir=.libs
lt_cv_path_LD=/usr/bin/ld
lt_cv_path_LDCXX='/usr/bin/ld -m elf_x86_64'
lt_cv_path_NM='/usr/bin/nm -B'
lt_cv_path_mainfest_tool=no
lt_cv_prog_compiler_c_o=yes
lt_cv_prog_compiler_c_o_CXX=yes
lt_cv_prog_compiler_pic='-fPIC -DPIC'
lt_cv_prog_compiler_pic_CXX='-fPIC -DPIC'
lt_cv_prog_compiler_pic_works=yes
lt_cv_prog_compiler_pic_works_CXX=yes
lt_cv_prog_compiler_rtti_exceptions=no
lt_cv_prog_compiler_static_works=yes
lt_cv_prog_compiler_static_works_CXX=yes
lt_cv_prog_gnu_ld=yes
lt_cv_prog_gnu_ldcxx=yes
lt_cv_sharedlib_from_linklib_cmd='printf %s\n'
lt_cv_shlibpath_overrides_runpath=yes
lt_cv_sys_global_symbol_pipe='sed -n -e '\''s/^.*[	 ]\([ABCDGIRSTW][ABCDGIRSTW]*\)[	 ][	 ]*\([_A-Za-z][_A-Za-z0-9]*\)$/\1 \2 \2/p'\'' | sed '\''/ __gnu_lto/d'\'''
lt_cv_sys_global_symbol_to_c_name_address='sed -n -e '\''s/^: \([^ ]*\)[ ]*$/  {\"\1\", (void *) 0},/p'\'' -e '\''s/^[ABCDGIRSTW]* \([^ ]*\) \([^ ]*\)$/  {"\2", (void *) \&\2},/p'\'''
lt_cv_sys_global_symbol_to_c_name_address_lib_prefix='sed -n -e '\''s/^: \([^ ]*\)[ ]*$/  {\"\1\", (void *) 0},/p'\'' -e '\''s/^[ABCDGIRSTW]* \([^ ]*\) \(lib[^ ]*\)$/  {"\2", (void *) \&\2},/p'\'' -e '\''s/^[ABCDGIRSTW]* \([^ ]*\) \([^ ]*\)$/  {"lib\2", (void *) \&\2},/p'\'''
lt_cv_sys_global_symbol_to_cdecl='sed -n -e '\''s/^T .* \(.*\)$/extern int \1();/p'\'' -e '\''s/^[ABCDGIRSTW]* .* \(.*\)$/extern char \1;/p'\'''
lt_cv_sys_max_cmd_len=1572864
lt_cv_to_host_file_cmd=func_convert_file_noop
lt_cv_to_tool_file_cmd=func_convert_file_noop
pkg_cv_GTHREAD_CFLAGS='-pthread -I/usr/include/glib-2.0 -I/usr/lib/x86_64-linux-gnu/glib-2.0/include'
pkg_cv_GTHREAD_LIBS='-lgthread-2.0 -pthread -lglib-2.0'
pkg_cv_GTKMM_CFLAGS='-pthread -I/usr/include/gtkmm-2.4 -I/usr/lib/x86_64-linux-gnu/gtkmm-2.4/include -I/usr/include/atkmm-1.6 -I/usr/include/gtk-unix-print-2.0 -I/usr/include/gtk-2.0 -I/usr/include/gdkmm-2.4 -I/usr/lib/x86_64-linux-gnu/gdkmm-2.4/include -I/usr/include/giomm-2.4 -I/usr/lib/x86_64-linux-gnu/giomm-2.4/include -I/usr/include/pangomm-1.4 -I/usr/lib/x86_64-linux-gnu/pangomm-1.4/include -I/usr/include/glibmm-2.4 -I/usr/lib/x86_64-linux-gnu/glibmm-2.4/include -I/usr/include/cairomm-1.0 -I/usr/lib/x86_64-linux-gnu/cairomm-1.0/include -I/usr/include/sigc++-2.0 -I/usr/lib/x86_64-linux-gnu/sigc++-2.0/include -I/usr/include/gtk-2.0 -I/usr/lib/x86_64-linux-gnu/gtk-2.0/include -I/usr/include/pango-1.0 -I/usr/include/atk-1.0 -I/usr/include/gdk-pixbuf-2.0 -I/usr/include/libmount -I/usr/include/blkid -I/usr/include/pango-1.0 -I/usr/include/fribidi -I/usr/include/cairo -I/usr/include/pixman-1 -I/usr/include/harfbuzz -I/usr/include/glib-2.0 -I/usr/lib/x86_64-linux-gnu/glib-2.0/include -I/usr/include/uuid -I/usr/include/freetype2 -I/usr/include/libpng16'
pkg_cv_GTKMM_LIBS='-lgtkmm-2.4 -latkmm-1.6 -lgtk-x11-2.0 -lgdkmm-2.4 -lgiomm-2.4 -lpangomm-1.4 -lglibmm-2.4 -lcairomm-1.0 -lsigc-2.0 -lgtk-x11-2.0 -lgdk-x11-2.0 -lpangocairo-1.0 -latk-1.0 -lcairo -lgdk_pixbuf-2.0 -lgio-2.0 -lpangoft2-1.0 -lpango-1.0 -lgobject-2.0 -lglib-2.0 -lharfbuzz -lfontconfig -lfreetype'

## ----------------- ##
## Output variables. ##
## ----------------- ##

ACLOCAL='${SHELL} /home/gv/Desktop/PythonTests/gparted-0.25.0/missing aclocal-1.14'
ALL_LINGUAS=''
AMDEPBACKSLASH='\'
AMDEP_FALSE='#'
AMDEP_TRUE=''
AMTAR='$${TAR-tar}'
AM_BACKSLASH='\'
AM_DEFAULT_V='$(AM_DEFAULT_VERBOSITY)'
AM_DEFAULT_VERBOSITY='1'
AM_V='$(V)'
AR='ar'
AUTOCONF='${SHELL} /home/gv/Desktop/PythonTests/gparted-0.25.0/missing autoconf'
AUTOHEADER='${SHELL} /home/gv/Desktop/PythonTests/gparted-0.25.0/missing autoheader'
AUTOMAKE='${SHELL} /home/gv/Desktop/PythonTests/gparted-0.25.0/missing automake-1.14'
AWK='gawk'
BUILD_HELP_DOC_FALSE='#'
BUILD_HELP_DOC_TRUE=''
CATALOGS=''
CATOBJEXT='.gmo'
CC='gcc'
CCDEPMODE='depmode=gcc3'
CFLAGS='-g -O2'
CPP='gcc -E'
CPPFLAGS=''
CXX='g++'
CXXCPP='g++ -E'
CXXDEPMODE='depmode=gcc3'
CXXFLAGS='-g -O2'
CYGPATH_W='echo'
DATADIRNAME='share'
DEFS='-DHAVE_CONFIG_H'
DEPDIR='.deps'
DISTCHECK_CONFIGURE_FLAGS='--disable-scrollkeeper '
DLLTOOL='false'
DOC_USER_FORMATS=''
DSYMUTIL=''
DUMPBIN=''
ECHO_C=''
ECHO_N='-n'
ECHO_T=''
EGREP='/bin/grep -E'
ENABLE_SK_FALSE=''
ENABLE_SK_TRUE='#'
EXEEXT=''
FGREP='/bin/grep -F'
GETTEXT_PACKAGE='gparted'
GKSUPROG='gksudo'
GMOFILES=''
GMSGFMT='/usr/bin/msgfmt'
GREP='/bin/grep'
GTHREAD_CFLAGS='-pthread -I/usr/include/glib-2.0 -I/usr/lib/x86_64-linux-gnu/glib-2.0/include'
GTHREAD_LIBS='-lgthread-2.0 -pthread -lglib-2.0'
GTKMM_CFLAGS='-pthread -I/usr/include/gtkmm-2.4 -I/usr/lib/x86_64-linux-gnu/gtkmm-2.4/include -I/usr/include/atkmm-1.6 -I/usr/include/gtk-unix-print-2.0 -I/usr/include/gtk-2.0 -I/usr/include/gdkmm-2.4 -I/usr/lib/x86_64-linux-gnu/gdkmm-2.4/include -I/usr/include/giomm-2.4 -I/usr/lib/x86_64-linux-gnu/giomm-2.4/include -I/usr/include/pangomm-1.4 -I/usr/lib/x86_64-linux-gnu/pangomm-1.4/include -I/usr/include/glibmm-2.4 -I/usr/lib/x86_64-linux-gnu/glibmm-2.4/include -I/usr/include/cairomm-1.0 -I/usr/lib/x86_64-linux-gnu/cairomm-1.0/include -I/usr/include/sigc++-2.0 -I/usr/lib/x86_64-linux-gnu/sigc++-2.0/include -I/usr/include/gtk-2.0 -I/usr/lib/x86_64-linux-gnu/gtk-2.0/include -I/usr/include/pango-1.0 -I/usr/include/atk-1.0 -I/usr/include/gdk-pixbuf-2.0 -I/usr/include/libmount -I/usr/include/blkid -I/usr/include/pango-1.0 -I/usr/include/fribidi -I/usr/include/cairo -I/usr/include/pixman-1 -I/usr/include/harfbuzz -I/usr/include/glib-2.0 -I/usr/lib/x86_64-linux-gnu/glib-2.0/include -I/usr/include/uuid -I/usr/include/freetype2 -I/usr/include/libpng16'
GTKMM_LIBS='-lgtkmm-2.4 -latkmm-1.6 -lgtk-x11-2.0 -lgdkmm-2.4 -lgiomm-2.4 -lpangomm-1.4 -lglibmm-2.4 -lcairomm-1.0 -lsigc-2.0 -lgtk-x11-2.0 -lgdk-x11-2.0 -lpangocairo-1.0 -latk-1.0 -lcairo -lgdk_pixbuf-2.0 -lgio-2.0 -lpangoft2-1.0 -lpango-1.0 -lgobject-2.0 -lglib-2.0 -lharfbuzz -lfontconfig -lfreetype'
HAVE_CXX11=''
HAVE_GNOME_DOC_UTILS_FALSE='#'
HAVE_GNOME_DOC_UTILS_TRUE=''
HELP_DIR='${datadir}/gnome/help'
INSTALL_DATA='${INSTALL} -m 644'
INSTALL_PIXMAPS_DIR_FALSE=''
INSTALL_PIXMAPS_DIR_TRUE='#'
INSTALL_PROGRAM='${INSTALL}'
INSTALL_SCRIPT='${INSTALL}'
INSTALL_STRIP_PROGRAM='$(install_sh) -c -s'
INSTOBJEXT='.mo'
INTLLIBS=''
INTLTOOL_CAVES_RULE='%.caves:     %.caves.in     $(INTLTOOL_MERGE) $(wildcard $(top_srcdir)/po/*.po) ; $(INTLTOOL_V_MERGE)LC_ALL=C $(INTLTOOL_MERGE) $(INTLTOOL_V_MERGE_OPTIONS) -d -u -c $(top_builddir)/po/.intltool-merge-cache $(top_srcdir)/po $< $@'
INTLTOOL_DESKTOP_RULE='%.desktop:   %.desktop.in   $(INTLTOOL_MERGE) $(wildcard $(top_srcdir)/po/*.po) ; $(INTLTOOL_V_MERGE)LC_ALL=C $(INTLTOOL_MERGE) $(INTLTOOL_V_MERGE_OPTIONS) -d -u -c $(top_builddir)/po/.intltool-merge-cache $(top_srcdir)/po $< $@'
INTLTOOL_DIRECTORY_RULE='%.directory: %.directory.in $(INTLTOOL_MERGE) $(wildcard $(top_srcdir)/po/*.po) ; $(INTLTOOL_V_MERGE)LC_ALL=C $(INTLTOOL_MERGE) $(INTLTOOL_V_MERGE_OPTIONS) -d -u -c $(top_builddir)/po/.intltool-merge-cache $(top_srcdir)/po $< $@'
INTLTOOL_EXTRACT='/usr/bin/intltool-extract'
INTLTOOL_KBD_RULE='%.kbd:       %.kbd.in       $(INTLTOOL_MERGE) $(wildcard $(top_srcdir)/po/*.po) ; $(INTLTOOL_V_MERGE)LC_ALL=C $(INTLTOOL_MERGE) $(INTLTOOL_V_MERGE_OPTIONS) -x -u -m -c $(top_builddir)/po/.intltool-merge-cache $(top_srcdir)/po $< $@'
INTLTOOL_KEYS_RULE='%.keys:      %.keys.in      $(INTLTOOL_MERGE) $(wildcard $(top_srcdir)/po/*.po) ; $(INTLTOOL_V_MERGE)LC_ALL=C $(INTLTOOL_MERGE) $(INTLTOOL_V_MERGE_OPTIONS) -k -u -c $(top_builddir)/po/.intltool-merge-cache $(top_srcdir)/po $< $@'
INTLTOOL_MERGE='/usr/bin/intltool-merge'
INTLTOOL_OAF_RULE='%.oaf:       %.oaf.in       $(INTLTOOL_MERGE) $(wildcard $(top_srcdir)/po/*.po) ; $(INTLTOOL_V_MERGE)LC_ALL=C $(INTLTOOL_MERGE) $(INTLTOOL_V_MERGE_OPTIONS) -o -p $(top_srcdir)/po $< $@'
INTLTOOL_PERL='/usr/bin/perl'
INTLTOOL_POLICY_RULE='%.policy:    %.policy.in    $(INTLTOOL_MERGE) $(wildcard $(top_srcdir)/po/*.po) ; $(INTLTOOL_V_MERGE)LC_ALL=C $(INTLTOOL_MERGE) $(INTLTOOL_V_MERGE_OPTIONS) -x -u -c $(top_builddir)/po/.intltool-merge-cache $(top_srcdir)/po $< $@'
INTLTOOL_PONG_RULE='%.pong:      %.pong.in      $(INTLTOOL_MERGE) $(wildcard $(top_srcdir)/po/*.po) ; $(INTLTOOL_V_MERGE)LC_ALL=C $(INTLTOOL_MERGE) $(INTLTOOL_V_MERGE_OPTIONS) -x -u -c $(top_builddir)/po/.intltool-merge-cache $(top_srcdir)/po $< $@'
INTLTOOL_PROP_RULE='%.prop:      %.prop.in      $(INTLTOOL_MERGE) $(wildcard $(top_srcdir)/po/*.po) ; $(INTLTOOL_V_MERGE)LC_ALL=C $(INTLTOOL_MERGE) $(INTLTOOL_V_MERGE_OPTIONS) -d -u -c $(top_builddir)/po/.intltool-merge-cache $(top_srcdir)/po $< $@'
INTLTOOL_SCHEMAS_RULE='%.schemas:   %.schemas.in   $(INTLTOOL_MERGE) $(wildcard $(top_srcdir)/po/*.po) ; $(INTLTOOL_V_MERGE)LC_ALL=C $(INTLTOOL_MERGE) $(INTLTOOL_V_MERGE_OPTIONS) -s -u -c $(top_builddir)/po/.intltool-merge-cache $(top_srcdir)/po $< $@'
INTLTOOL_SERVER_RULE='%.server:    %.server.in    $(INTLTOOL_MERGE) $(wildcard $(top_srcdir)/po/*.po) ; $(INTLTOOL_V_MERGE)LC_ALL=C $(INTLTOOL_MERGE) $(INTLTOOL_V_MERGE_OPTIONS) -o -u -c $(top_builddir)/po/.intltool-merge-cache $(top_srcdir)/po $< $@'
INTLTOOL_SERVICE_RULE='%.service: %.service.in   $(INTLTOOL_MERGE) $(wildcard $(top_srcdir)/po/*.po) ; $(INTLTOOL_V_MERGE)LC_ALL=C $(INTLTOOL_MERGE) $(INTLTOOL_V_MERGE_OPTIONS) -d -u -c $(top_builddir)/po/.intltool-merge-cache $(top_srcdir)/po $< $@'
INTLTOOL_SHEET_RULE='%.sheet:     %.sheet.in     $(INTLTOOL_MERGE) $(wildcard $(top_srcdir)/po/*.po) ; $(INTLTOOL_V_MERGE)LC_ALL=C $(INTLTOOL_MERGE) $(INTLTOOL_V_MERGE_OPTIONS) -x -u -c $(top_builddir)/po/.intltool-merge-cache $(top_srcdir)/po $< $@'
INTLTOOL_SOUNDLIST_RULE='%.soundlist: %.soundlist.in $(INTLTOOL_MERGE) $(wildcard $(top_srcdir)/po/*.po) ; $(INTLTOOL_V_MERGE)LC_ALL=C $(INTLTOOL_MERGE) $(INTLTOOL_V_MERGE_OPTIONS) -d -u -c $(top_builddir)/po/.intltool-merge-cache $(top_srcdir)/po $< $@'
INTLTOOL_THEME_RULE='%.theme:     %.theme.in     $(INTLTOOL_MERGE) $(wildcard $(top_srcdir)/po/*.po) ; $(INTLTOOL_V_MERGE)LC_ALL=C $(INTLTOOL_MERGE) $(INTLTOOL_V_MERGE_OPTIONS) -d -u -c $(top_builddir)/po/.intltool-merge-cache $(top_srcdir)/po $< $@'
INTLTOOL_UI_RULE='%.ui:        %.ui.in        $(INTLTOOL_MERGE) $(wildcard $(top_srcdir)/po/*.po) ; $(INTLTOOL_V_MERGE)LC_ALL=C $(INTLTOOL_MERGE) $(INTLTOOL_V_MERGE_OPTIONS) -x -u -c $(top_builddir)/po/.intltool-merge-cache $(top_srcdir)/po $< $@'
INTLTOOL_UPDATE='/usr/bin/intltool-update'
INTLTOOL_V_MERGE='$(INTLTOOL__v_MERGE_$(V))'
INTLTOOL_V_MERGE_OPTIONS='$(intltool__v_merge_options_$(V))'
INTLTOOL_XAM_RULE='%.xam:       %.xml.in       $(INTLTOOL_MERGE) $(wildcard $(top_srcdir)/po/*.po) ; $(INTLTOOL_V_MERGE)LC_ALL=C $(INTLTOOL_MERGE) $(INTLTOOL_V_MERGE_OPTIONS) -x -u -c $(top_builddir)/po/.intltool-merge-cache $(top_srcdir)/po $< $@'
INTLTOOL_XML_NOMERGE_RULE='%.xml:       %.xml.in       $(INTLTOOL_MERGE) ; $(INTLTOOL_V_MERGE)LC_ALL=C $(INTLTOOL_MERGE) $(INTLTOOL_V_MERGE_OPTIONS) -x -u --no-translations $< $@'
INTLTOOL_XML_RULE='%.xml:       %.xml.in       $(INTLTOOL_MERGE) $(wildcard $(top_srcdir)/po/*.po) ; $(INTLTOOL_V_MERGE)LC_ALL=C $(INTLTOOL_MERGE) $(INTLTOOL_V_MERGE_OPTIONS) -x -u -c $(top_builddir)/po/.intltool-merge-cache $(top_srcdir)/po $< $@'
INTLTOOL__v_MERGE_0='@echo "  ITMRG " $@;'
INTLTOOL__v_MERGE_='$(INTLTOOL__v_MERGE_$(AM_DEFAULT_VERBOSITY))'
LD='/usr/bin/ld -m elf_x86_64'
LDFLAGS=''
LIBOBJS=''
LIBS='-lparted-fs-resize -lparted -ldl -luuid '
LIBTOOL='$(SHELL) $(top_builddir)/libtool'
LIPO=''
LN_S='ln -s'
LTLIBOBJS=''
MAINT='#'
MAINTAINER_MODE_FALSE=''
MAINTAINER_MODE_TRUE='#'
MAKEINFO='${SHELL} /home/gv/Desktop/PythonTests/gparted-0.25.0/missing makeinfo'
MANIFEST_TOOL=':'
MKDIR_P='/bin/mkdir -p'
MKINSTALLDIRS='./mkinstalldirs'
MSGFMT='/usr/bin/msgfmt'
MSGFMT_OPTS='-c'
MSGMERGE='/usr/bin/msgmerge'
NM='/usr/bin/nm -B'
NMEDIT=''
OBJDUMP='objdump'
OBJEXT='o'
OMF_DIR='${datadir}/omf'
OTOOL64=''
OTOOL=''
PACKAGE='gparted'
PACKAGE_BUGREPORT='https://bugzilla.gnome.org/enter_bug.cgi?product=gparted'
PACKAGE_NAME='gparted'
PACKAGE_STRING='gparted 0.25.0'
PACKAGE_TARNAME='gparted'
PACKAGE_URL=''
PACKAGE_VERSION='0.25.0'
PATH_SEPARATOR=':'
PKG_CONFIG='/usr/bin/pkg-config'
PKG_CONFIG_LIBDIR=''
PKG_CONFIG_PATH=''
POFILES=''
POSUB='po'
PO_IN_DATADIR_FALSE=''
PO_IN_DATADIR_TRUE=''
RANLIB='ranlib'
SED='/bin/sed'
SET_MAKE=''
SHELL='/bin/bash'
STRIP='strip'
USE_NLS='yes'
VERSION='0.25.0'
XGETTEXT='/usr/bin/xgettext'
ac_ct_AR='ar'
ac_ct_CC='gcc'
ac_ct_CXX='g++'
ac_ct_DUMPBIN=''
am__EXEEXT_FALSE=''
am__EXEEXT_TRUE='#'
am__fastdepCC_FALSE='#'
am__fastdepCC_TRUE=''
am__fastdepCXX_FALSE='#'
am__fastdepCXX_TRUE=''
am__include='include'
am__isrc=''
am__leading_dot='.'
am__nodep='_no'
am__quote=''
am__tar='$${TAR-tar} chof - "$$tardir"'
am__untar='$${TAR-tar} xf -'
bindir='${exec_prefix}/bin'
build='x86_64-unknown-linux-gnu'
build_alias=''
build_cpu='x86_64'
build_os='linux-gnu'
build_vendor='unknown'
datadir='${datarootdir}'
datarootdir='${prefix}/share'
docdir='${datarootdir}/doc/${PACKAGE_TARNAME}'
dvidir='${docdir}'
exec_prefix='${prefix}'
host='x86_64-unknown-linux-gnu'
host_alias=''
host_cpu='x86_64'
host_os='linux-gnu'
host_vendor='unknown'
htmldir='${docdir}'
includedir='${prefix}/include'
infodir='${datarootdir}/info'
install_sh='${SHELL} /home/gv/Desktop/PythonTests/gparted-0.25.0/install-sh'
intltool__v_merge_options_0='-q'
intltool__v_merge_options_='$(intltool__v_merge_options_$(AM_DEFAULT_VERBOSITY))'
libdir='${exec_prefix}/lib'
libexecdir='${exec_prefix}/libexec'
localedir='${datarootdir}/locale'
localstatedir='${prefix}/var'
mandir='${datarootdir}/man'
mkdir_p='$(MKDIR_P)'
oldincludedir='/usr/include'
pdfdir='${docdir}'
prefix='/usr/local'
program_transform_name='s,x,x,'
psdir='${docdir}'
sbindir='${exec_prefix}/sbin'
sharedstatedir='${prefix}/com'
sysconfdir='${prefix}/etc'
target_alias=''

## ----------- ##
## confdefs.h. ##
## ----------- ##

/* confdefs.h */
#define PACKAGE_NAME "gparted"
#define PACKAGE_TARNAME "gparted"
#define PACKAGE_VERSION "0.25.0"
#define PACKAGE_STRING "gparted 0.25.0"
#define PACKAGE_BUGREPORT "https://bugzilla.gnome.org/enter_bug.cgi?product=gparted"
#define PACKAGE_URL ""
#define PACKAGE "gparted"
#define VERSION "0.25.0"
#define STDC_HEADERS 1
#define HAVE_SYS_TYPES_H 1
#define HAVE_SYS_STAT_H 1
#define HAVE_STDLIB_H 1
#define HAVE_STRING_H 1
#define HAVE_MEMORY_H 1
#define HAVE_STRINGS_H 1
#define HAVE_INTTYPES_H 1
#define HAVE_STDINT_H 1
#define HAVE_UNISTD_H 1
#define HAVE_DLFCN_H 1
#define LT_OBJDIR ".libs/"
#define GETTEXT_PACKAGE "gparted"
#define HAVE_LOCALE_H 1
#define HAVE_LC_MESSAGES 1
#define HAVE_BIND_TEXTDOMAIN_CODESET 1
#define HAVE_GETTEXT 1
#define HAVE_DCGETTEXT 1
#define ENABLE_NLS 1
#define HAVE_LIBUUID 1
#define HAVE_LIBDL 1
#define HAVE_LIBPARTED 1
#define USE_LIBPARTED_LARGE_SECTOR_SUPPORT 1
#define HAVE_LIBPARTED_FS_RESIZE 1
#define HAVE_GLIB_REGEX 1
#define HAVE_SET_DEFAULT_ICON_NAME 1
#define HAVE_GTK_SHOW_URI 1
#define HAVE_GET_MESSAGE_AREA 1
#define ENABLE_HELP_DOC 1
#define USE_LIBPARTED_DMRAID 1
#define ENABLE_ONLINE_RESIZE 1

configure: exit 0
