/.
/usr
/usr/bin
/usr/bin/gksu
/usr/share
/usr/share/applications
/usr/share/applications/gksu.desktop
/usr/share/doc
/usr/share/doc/gksu
/usr/share/doc/gksu/AUTHORS
/usr/share/doc/gksu/README
/usr/share/doc/gksu/changelog.Debian.amd64.gz
/usr/share/doc/gksu/changelog.Debian.gz
/usr/share/doc/gksu/changelog.gz
/usr/share/doc/gksu/copyright
/usr/share/gksu
/usr/share/gksu/gksu-migrate-conf.sh
/usr/share/locale
/usr/share/locale/ar
/usr/share/locale/ar/LC_MESSAGES
/usr/share/locale/ar/LC_MESSAGES/gksu.mo
/usr/share/locale/ca
/usr/share/locale/ca/LC_MESSAGES
/usr/share/locale/ca/LC_MESSAGES/gksu.mo
/usr/share/locale/cs
/usr/share/locale/cs/LC_MESSAGES
/usr/share/locale/cs/LC_MESSAGES/gksu.mo
/usr/share/locale/da
/usr/share/locale/da/LC_MESSAGES
/usr/share/locale/da/LC_MESSAGES/gksu.mo
/usr/share/locale/de
/usr/share/locale/de/LC_MESSAGES
/usr/share/locale/de/LC_MESSAGES/gksu.mo
/usr/share/locale/es
/usr/share/locale/es/LC_MESSAGES
/usr/share/locale/es/LC_MESSAGES/gksu.mo
/usr/share/locale/fr
/usr/share/locale/fr/LC_MESSAGES
/usr/share/locale/fr/LC_MESSAGES/gksu.mo
/usr/share/locale/gl
/usr/share/locale/gl/LC_MESSAGES
/usr/share/locale/gl/LC_MESSAGES/gksu.mo
/usr/share/locale/hu
/usr/share/locale/hu/LC_MESSAGES
/usr/share/locale/hu/LC_MESSAGES/gksu.mo
/usr/share/locale/it
/usr/share/locale/it/LC_MESSAGES
/usr/share/locale/it/LC_MESSAGES/gksu.mo
/usr/share/locale/ja
/usr/share/locale/ja/LC_MESSAGES
/usr/share/locale/ja/LC_MESSAGES/gksu.mo
/usr/share/locale/ko
/usr/share/locale/ko/LC_MESSAGES
/usr/share/locale/ko/LC_MESSAGES/gksu.mo
/usr/share/locale/lt
/usr/share/locale/lt/LC_MESSAGES
/usr/share/locale/lt/LC_MESSAGES/gksu.mo
/usr/share/locale/nb
/usr/share/locale/nb/LC_MESSAGES
/usr/share/locale/nb/LC_MESSAGES/gksu.mo
/usr/share/locale/nl
/usr/share/locale/nl/LC_MESSAGES
/usr/share/locale/nl/LC_MESSAGES/gksu.mo
/usr/share/locale/pl
/usr/share/locale/pl/LC_MESSAGES
/usr/share/locale/pl/LC_MESSAGES/gksu.mo
/usr/share/locale/pt
/usr/share/locale/pt/LC_MESSAGES
/usr/share/locale/pt/LC_MESSAGES/gksu.mo
/usr/share/locale/pt_BR
/usr/share/locale/pt_BR/LC_MESSAGES
/usr/share/locale/pt_BR/LC_MESSAGES/gksu.mo
/usr/share/locale/ro
/usr/share/locale/ro/LC_MESSAGES
/usr/share/locale/ro/LC_MESSAGES/gksu.mo
/usr/share/locale/ru
/usr/share/locale/ru/LC_MESSAGES
/usr/share/locale/ru/LC_MESSAGES/gksu.mo
/usr/share/locale/sk
/usr/share/locale/sk/LC_MESSAGES
/usr/share/locale/sk/LC_MESSAGES/gksu.mo
/usr/share/locale/sv
/usr/share/locale/sv/LC_MESSAGES
/usr/share/locale/sv/LC_MESSAGES/gksu.mo
/usr/share/locale/th
/usr/share/locale/th/LC_MESSAGES
/usr/share/locale/th/LC_MESSAGES/gksu.mo
/usr/share/locale/xh
/usr/share/locale/xh/LC_MESSAGES
/usr/share/locale/xh/LC_MESSAGES/gksu.mo
/usr/share/locale/zh_CN
/usr/share/locale/zh_CN/LC_MESSAGES
/usr/share/locale/zh_CN/LC_MESSAGES/gksu.mo
/usr/share/man
/usr/share/man/man1
/usr/share/man/man1/gksu.1.gz
/usr/share/menu
/usr/share/menu/gksu
/usr/share/pixmaps
/usr/share/pixmaps/gksu-debian.xpm
/usr/share/pixmaps/gksu-icon.png
/usr/share/pixmaps/gksu-root-terminal.png
/usr/share/pixmaps/gksuexec-debian.xpm
/usr/bin/gksudo
/usr/share/man/man1/gksudo.1.gz
