/usr/share/doc/libgksu2-0/changelog.Debian.gz
/usr/bin/gksu-properties
/usr/share/doc/libgksu2-0/copyright
/usr/share/libgksu/debian/gconf-defaults.libgksu-su
/usr/share/libgksu/debian/gconf-defaults.libgksu-sudo
/usr/share/libgksu/gksu-properties.ui
/usr/share/libgksu/debian/gconf-defaults.libgksu-sudo
/usr/share/doc/libgksu2-0/changelog.Debian.amd64.gz
/usr/share/libgksu/gksu-properties.ui
/usr/lib/libgksu/gksu-run-helper
/usr/share/doc/libgksu2-0/AUTHORS
/usr/lib/libgksu2.so.0.0.2
/usr/share/gconf/schemas/gksu.schemas
/usr/share/doc/libgksu2-0/copyright
/usr/share/doc/libgksu2-0/changelog.Debian.gz
/usr/share/doc/libgksu2-0/README.Debian
/usr/share/doc/libgksu2-0/AUTHORS
/usr/share/doc/libgksu2-0/changelog.gz
/usr/share/doc/libgksu2-0/changelog.Debian.amd64.gz
/usr/lib/libgksu/gksu-run-helper
/usr/share/libgksu/debian/gconf-defaults.libgksu-su
/usr/share/libgksu/debian/gconf-defaults.libgksu-sudo
/usr/share/pixmaps/gksu.png
/usr/share/man/man1/gksu-properties.1.gz
/usr/share/libgksu/debian/gconf-defaults.libgksu-su
/usr/share/doc/libgksu2-0/README.Debian
/usr/share/doc/libgksu2-0/changelog.gz
