/usr/share/locale/ja/LC_MESSAGES/libgksu.mo
/usr/share/locale/pt_BR/LC_MESSAGES/libgksu.mo
/usr/share/locale/da/LC_MESSAGES/libgksu.mo
/usr/share/locale/es/LC_MESSAGES/libgksu.mo
/usr/share/doc/libgksu2-0/changelog.Debian.gz
/usr/bin/gksu-properties
/usr/share/locale/th/LC_MESSAGES/libgksu.mo
/usr/share/doc/libgksu2-0/copyright
/usr/share/locale/eu/LC_MESSAGES/libgksu.mo
/usr/share/libgksu
/usr/share/locale/ca/LC_MESSAGES/libgksu.mo
/usr/share/libgksu/debian/gconf-defaults.libgksu-sudo
/usr/share/doc/libgksu2-0/changelog.Debian.amd64.gz
/usr/lib/libgksu2.so.0
/usr/share/locale/nb/LC_MESSAGES/libgksu.mo
/usr/share/locale/pl/LC_MESSAGES/libgksu.mo
/usr/share/libgksu/gksu-properties.ui
/usr/share/locale/zh_CN/LC_MESSAGES/libgksu.mo
/usr/share/locale/hu/LC_MESSAGES/libgksu.mo
/usr/lib/libgksu
/usr/share/locale/lt/LC_MESSAGES/libgksu.mo
/usr/share/doc/libgksu2-0/AUTHORS
/usr/lib/libgksu2.so.0.0.2
/usr/share/locale/ru/LC_MESSAGES/libgksu.mo
/usr/share/locale/sv/LC_MESSAGES/libgksu.mo
/usr/share/gconf/schemas/gksu.schemas
/usr/share/doc/libgksu2-0
/usr/lib/libgksu/gksu-run-helper
/usr/share/locale/ko/LC_MESSAGES/libgksu.mo
/usr/share/locale/sk/LC_MESSAGES/libgksu.mo
/usr/share/locale/fr/LC_MESSAGES/libgksu.mo
/usr/share/locale/ro/LC_MESSAGES/libgksu.mo
/usr/share/libgksu/debian
/usr/share/pixmaps/gksu.png
/usr/share/locale/de/LC_MESSAGES/libgksu.mo
/usr/share/locale/nl/LC_MESSAGES/libgksu.mo
/usr/share/man/man1/gksu-properties.1.gz
/usr/share/locale/it/LC_MESSAGES/libgksu.mo
/usr/share/libgksu/debian/gconf-defaults.libgksu-su
/usr/share/doc/libgksu2-0/README.Debian
/usr/share/locale/cs/LC_MESSAGES/libgksu.mo
/usr/share/doc/libgksu2-0/changelog.gz
